Flow report for lab2_2
Thu Jun 18 11:09:09 2020
Quartus II Version 9.0 Build 235 06/17/2009 Service Pack 2 SJ Web Edition


---------------------
; Table of Contents ;
---------------------
  1. Legal Notice
  2. Flow Summary
  3. Flow Settings
  4. Flow Non-Default Global Settings
  5. Flow Elapsed Time
  6. Flow OS Summary
  7. Flow Log



----------------
; Legal Notice ;
----------------
Copyright (C) 1991-2009 Altera Corporation
Your use of Altera Corporation's design tools, logic functions 
and other software and tools, and its AMPP partner logic 
functions, and any output files from any of the foregoing 
(including device programming or simulation files), and any 
associated documentation or information are expressly subject 
to the terms and conditions of the Altera Program License 
Subscription Agreement, Altera MegaCore Function License 
Agreement, or other applicable license agreement, including, 
without limitation, that your use is for the sole purpose of 
programming logic devices manufactured by Altera and sold by 
Altera or its authorized distributors.  Please refer to the 
applicable agreement for further details.



+------------------------------------------------------------------------+
; Flow Summary                                                           ;
+-------------------------+----------------------------------------------+
; Flow Status             ; Successful - Thu Jun 18 11:09:09 2020        ;
; Quartus II Version      ; 9.0 Build 235 06/17/2009 SP 2 SJ Web Edition ;
; Revision Name           ; lab2_2                                       ;
; Top-level Entity Name   ; lab2_2                                       ;
; Family                  ; FLEX10KA                                     ;
; Device                  ; EPF10K30ATC144-3                             ;
; Timing Models           ; Final                                        ;
; Met timing requirements ; Yes                                          ;
; Total logic elements    ; 38 / 1,728 ( 2 % )                           ;
; Total pins              ; 16 / 102 ( 16 % )                            ;
; Total memory bits       ; 0 / 12,288 ( 0 % )                           ;
+-------------------------+----------------------------------------------+


+-----------------------------------------+
; Flow Settings                           ;
+-------------------+---------------------+
; Option            ; Setting             ;
+-------------------+---------------------+
; Start date & time ; 06/18/2020 11:08:57 ;
; Main task         ; Compilation         ;
; Revision Name     ; lab2_2              ;
+-------------------+---------------------+


+------------------------------------------------------------------------------------------------------------------------------------+
; Flow Non-Default Global Settings                                                                                                   ;
+------------------------------------+------------------------------------------------+---------------+-------------+----------------+
; Assignment Name                    ; Value                                          ; Default Value ; Entity Name ; Section Id     ;
+------------------------------------+------------------------------------------------+---------------+-------------+----------------+
; COMPILER_SIGNATURE_ID              ; 163085016968863.159244973725132                ; --            ; --          ; --             ;
; MAX_CORE_JUNCTION_TEMP             ; 85                                             ; --            ; --          ; --             ;
; MIN_CORE_JUNCTION_TEMP             ; 0                                              ; --            ; --          ; --             ;
; MISC_FILE                          ; C:/altera/90sp2/quartus/lab2/lab2_2/lab2_2.dpf ; --            ; --          ; --             ;
; USE_GENERATED_PHYSICAL_CONSTRAINTS ; Off                                            ; --            ; --          ; eda_blast_fpga ;
+------------------------------------+------------------------------------------------+---------------+-------------+----------------+


+-----------------------------------------------------------------------------------------------------------------------------+
; Flow Elapsed Time                                                                                                           ;
+-------------------------+--------------+-------------------------+---------------------+------------------------------------+
; Module Name             ; Elapsed Time ; Average Processors Used ; Peak Virtual Memory ; Total CPU Time (on all processors) ;
+-------------------------+--------------+-------------------------+---------------------+------------------------------------+
; Analysis & Synthesis    ; 00:00:03     ; 1.0                     ; 222 MB              ; 00:00:03                           ;
; Fitter                  ; 00:00:02     ; 1.0                     ; 212 MB              ; 00:00:03                           ;
; Assembler               ; 00:00:02     ; 1.0                     ; 204 MB              ; 00:00:01                           ;
; Classic Timing Analyzer ; 00:00:01     ; 1.0                     ; 173 MB              ; 00:00:01                           ;
; Total                   ; 00:00:08     ; --                      ; --                  ; 00:00:08                           ;
+-------------------------+--------------+-------------------------+---------------------+------------------------------------+


+------------------------------------------------------------------------------------------+
; Flow OS Summary                                                                          ;
+-------------------------+------------------+---------------+------------+----------------+
; Module Name             ; Machine Hostname ; OS Name       ; OS Version ; Processor type ;
+-------------------------+------------------+---------------+------------+----------------+
; Analysis & Synthesis    ; LAPTOP-IF0VI4T1  ; Windows Vista ; 6.2        ; x86_64         ;
; Fitter                  ; LAPTOP-IF0VI4T1  ; Windows Vista ; 6.2        ; x86_64         ;
; Assembler               ; LAPTOP-IF0VI4T1  ; Windows Vista ; 6.2        ; x86_64         ;
; Classic Timing Analyzer ; LAPTOP-IF0VI4T1  ; Windows Vista ; 6.2        ; x86_64         ;
+-------------------------+------------------+---------------+------------+----------------+


------------
; Flow Log ;
------------
quartus_map --read_settings_files=on --write_settings_files=off lab2_2 -c lab2_2
quartus_fit --read_settings_files=off --write_settings_files=off lab2_2 -c lab2_2
quartus_asm --read_settings_files=off --write_settings_files=off lab2_2 -c lab2_2
quartus_tan --read_settings_files=off --write_settings_files=off lab2_2 -c lab2_2



