Analysis & Synthesis report for 18
Tue Aug 11 22:07:09 2020
Quartus II Version 9.0 Build 235 06/17/2009 Service Pack 2 SJ Web Edition


---------------------
; Table of Contents ;
---------------------
  1. Legal Notice
  2. Analysis & Synthesis Summary
  3. Analysis & Synthesis Settings
  4. Analysis & Synthesis Source Files Read
  5. Analysis & Synthesis Resource Usage Summary
  6. Analysis & Synthesis Resource Utilization by Entity
  7. Registers Removed During Synthesis
  8. General Register Statistics
  9. Inverted Register Statistics
 10. Source assignments for freq_div:M2|lpm_counter:divider_rtl_0
 11. Source assignments for freq_div:M3|lpm_counter:divider_rtl_1
 12. Source assignments for freq_div:M5|lpm_counter:divider_rtl_2
 13. Source assignments for freq_div:M4|lpm_counter:divider_rtl_3
 14. Parameter Settings for User Entity Instance: freq_div:M1
 15. Parameter Settings for User Entity Instance: freq_div:M2
 16. Parameter Settings for User Entity Instance: freq_div:M3
 17. Parameter Settings for User Entity Instance: freq_div:M4
 18. Parameter Settings for User Entity Instance: freq_div:M5
 19. Parameter Settings for User Entity Instance: seg7_select:M7
 20. Parameter Settings for Inferred Entity Instance: freq_div:M2|lpm_counter:divider_rtl_0
 21. Parameter Settings for Inferred Entity Instance: freq_div:M3|lpm_counter:divider_rtl_1
 22. Parameter Settings for Inferred Entity Instance: freq_div:M5|lpm_counter:divider_rtl_2
 23. Parameter Settings for Inferred Entity Instance: freq_div:M4|lpm_counter:divider_rtl_3
 24. Port Connectivity Checks: "lab1016_yellow:M20|rom_char_yellow:M18"
 25. Port Connectivity Checks: "lab1016_yellow:M20|row_gen:M17"
 26. Port Connectivity Checks: "lab1016_yellow:M20|idx_gen:M19"
 27. Port Connectivity Checks: "lab1016_yellow:M20"
 28. Port Connectivity Checks: "lab1016_green:M16|rom_char_green:M15"
 29. Port Connectivity Checks: "lab1016_green:M16|row_gen:M14"
 30. Port Connectivity Checks: "lab1016_green:M16|idx_gen:M13"
 31. Port Connectivity Checks: "lab1016_red:M9|rom_char_red:M12"
 32. Port Connectivity Checks: "lab1016_red:M9|row_gen:M11"
 33. Port Connectivity Checks: "lab1016_red:M9|idx_gen:M10"
 34. Port Connectivity Checks: "traffic:M8"
 35. Analysis & Synthesis Messages



----------------
; Legal Notice ;
----------------
Copyright (C) 1991-2009 Altera Corporation
Your use of Altera Corporation's design tools, logic functions 
and other software and tools, and its AMPP partner logic 
functions, and any output files from any of the foregoing 
(including device programming or simulation files), and any 
associated documentation or information are expressly subject 
to the terms and conditions of the Altera Program License 
Subscription Agreement, Altera MegaCore Function License 
Agreement, or other applicable license agreement, including, 
without limitation, that your use is for the sole purpose of 
programming logic devices manufactured by Altera and sold by 
Altera or its authorized distributors.  Please refer to the 
applicable agreement for further details.



+----------------------------------------------------------------------------+
; Analysis & Synthesis Summary                                               ;
+-----------------------------+----------------------------------------------+
; Analysis & Synthesis Status ; Successful - Tue Aug 11 22:07:09 2020        ;
; Quartus II Version          ; 9.0 Build 235 06/17/2009 SP 2 SJ Web Edition ;
; Revision Name               ; 18                                           ;
; Top-level Entity Name       ; m18                                          ;
; Family                      ; FLEX10KA                                     ;
; Total logic elements        ; 179                                          ;
; Total pins                  ; 44                                           ;
; Total memory bits           ; 0                                            ;
+-----------------------------+----------------------------------------------+


+-------------------------------------------------------------------------------------------------+
; Analysis & Synthesis Settings                                                                   ;
+--------------------------------------------------------------+------------------+---------------+
; Option                                                       ; Setting          ; Default Value ;
+--------------------------------------------------------------+------------------+---------------+
; Device                                                       ; EPF10K30ATC144-3 ;               ;
; Top-level entity name                                        ; m18              ; 18            ;
; Family name                                                  ; FLEX10KA         ; Stratix II    ;
; Use Generated Physical Constraints File                      ; Off              ;               ;
; Use smart compilation                                        ; Off              ; Off           ;
; Create Debugging Nodes for IP Cores                          ; Off              ; Off           ;
; Preserve fewer node names                                    ; On               ; On            ;
; Disable OpenCore Plus hardware evaluation                    ; Off              ; Off           ;
; Verilog Version                                              ; Verilog_2001     ; Verilog_2001  ;
; VHDL Version                                                 ; VHDL93           ; VHDL93        ;
; State Machine Processing                                     ; Auto             ; Auto          ;
; Safe State Machine                                           ; Off              ; Off           ;
; Extract Verilog State Machines                               ; On               ; On            ;
; Extract VHDL State Machines                                  ; On               ; On            ;
; Ignore Verilog initial constructs                            ; Off              ; Off           ;
; Iteration limit for constant Verilog loops                   ; 5000             ; 5000          ;
; Iteration limit for non-constant Verilog loops               ; 250              ; 250           ;
; Add Pass-Through Logic to Inferred RAMs                      ; On               ; On            ;
; Parallel Synthesis                                           ; Off              ; Off           ;
; NOT Gate Push-Back                                           ; On               ; On            ;
; Power-Up Don't Care                                          ; On               ; On            ;
; Remove Redundant Logic Cells                                 ; Off              ; Off           ;
; Remove Duplicate Registers                                   ; On               ; On            ;
; Ignore CARRY Buffers                                         ; Off              ; Off           ;
; Ignore CASCADE Buffers                                       ; Off              ; Off           ;
; Ignore GLOBAL Buffers                                        ; Off              ; Off           ;
; Ignore ROW GLOBAL Buffers                                    ; Off              ; Off           ;
; Ignore LCELL Buffers                                         ; Off              ; Off           ;
; Ignore SOFT Buffers                                          ; On               ; On            ;
; Limit AHDL Integers to 32 Bits                               ; Off              ; Off           ;
; Auto Implement in ROM                                        ; Off              ; Off           ;
; Optimization Technique                                       ; Area             ; Area          ;
; Carry Chain Length                                           ; 32               ; 32            ;
; Cascade Chain Length                                         ; 2                ; 2             ;
; Auto Carry Chains                                            ; On               ; On            ;
; Auto Open-Drain Pins                                         ; On               ; On            ;
; Auto ROM Replacement                                         ; On               ; On            ;
; Auto RAM Replacement                                         ; On               ; On            ;
; Auto Clock Enable Replacement                                ; On               ; On            ;
; Strict RAM Replacement                                       ; Off              ; Off           ;
; Auto Resource Sharing                                        ; Off              ; Off           ;
; Allow Any RAM Size For Recognition                           ; Off              ; Off           ;
; Allow Any ROM Size For Recognition                           ; Off              ; Off           ;
; Use LogicLock Constraints during Resource Balancing          ; On               ; On            ;
; Ignore translate_off and synthesis_off directives            ; Off              ; Off           ;
; Show Parameter Settings Tables in Synthesis Report           ; On               ; On            ;
; HDL message level                                            ; Level2           ; Level2        ;
; Suppress Register Optimization Related Messages              ; Off              ; Off           ;
; Number of Removed Registers Reported in Synthesis Report     ; 100              ; 100           ;
; Number of Inverted Registers Reported in Synthesis Report    ; 100              ; 100           ;
; Block Design Naming                                          ; Auto             ; Auto          ;
; Synthesis Effort                                             ; Auto             ; Auto          ;
; Shift Register Replacement - Allow Asynchronous Clear Signal ; On               ; On            ;
; Analysis & Synthesis Message Level                           ; Medium           ; Medium        ;
+--------------------------------------------------------------+------------------+---------------+


+-------------------------------------------------------------------------------------------------------------------------------------------------------+
; Analysis & Synthesis Source Files Read                                                                                                                ;
+----------------------------------+-----------------+------------------------+-------------------------------------------------------------------------+
; File Name with User-Entered Path ; Used in Netlist ; File Type              ; File Name with Absolute Path                                            ;
+----------------------------------+-----------------+------------------------+-------------------------------------------------------------------------+
; m18.v                            ; yes             ; User Verilog HDL File  ; C:/altera/90sp2/quartus/lab7/18/m18.v                                   ;
; lpm_counter.tdf                  ; yes             ; Megafunction           ; c:/altera/90sp2/quartus/libraries/megafunctions/lpm_counter.tdf         ;
; lpm_constant.inc                 ; yes             ; Megafunction           ; c:/altera/90sp2/quartus/libraries/megafunctions/lpm_constant.inc        ;
; lpm_decode.inc                   ; yes             ; Megafunction           ; c:/altera/90sp2/quartus/libraries/megafunctions/lpm_decode.inc          ;
; lpm_add_sub.inc                  ; yes             ; Megafunction           ; c:/altera/90sp2/quartus/libraries/megafunctions/lpm_add_sub.inc         ;
; cmpconst.inc                     ; yes             ; Megafunction           ; c:/altera/90sp2/quartus/libraries/megafunctions/cmpconst.inc            ;
; lpm_compare.inc                  ; yes             ; Megafunction           ; c:/altera/90sp2/quartus/libraries/megafunctions/lpm_compare.inc         ;
; lpm_counter.inc                  ; yes             ; Megafunction           ; c:/altera/90sp2/quartus/libraries/megafunctions/lpm_counter.inc         ;
; dffeea.inc                       ; yes             ; Megafunction           ; c:/altera/90sp2/quartus/libraries/megafunctions/dffeea.inc              ;
; alt_synch_counter.inc            ; yes             ; Megafunction           ; c:/altera/90sp2/quartus/libraries/megafunctions/alt_synch_counter.inc   ;
; alt_synch_counter_f.inc          ; yes             ; Megafunction           ; c:/altera/90sp2/quartus/libraries/megafunctions/alt_synch_counter_f.inc ;
; alt_counter_f10ke.inc            ; yes             ; Megafunction           ; c:/altera/90sp2/quartus/libraries/megafunctions/alt_counter_f10ke.inc   ;
; alt_counter_stratix.inc          ; yes             ; Megafunction           ; c:/altera/90sp2/quartus/libraries/megafunctions/alt_counter_stratix.inc ;
; aglobal90.inc                    ; yes             ; Megafunction           ; c:/altera/90sp2/quartus/libraries/megafunctions/aglobal90.inc           ;
; alt_counter_f10ke.tdf            ; yes             ; Megafunction           ; c:/altera/90sp2/quartus/libraries/megafunctions/alt_counter_f10ke.tdf   ;
; flex10ke_lcell.inc               ; yes             ; Megafunction           ; c:/altera/90sp2/quartus/libraries/megafunctions/flex10ke_lcell.inc      ;
+----------------------------------+-----------------+------------------------+-------------------------------------------------------------------------+


+---------------------------------------------+
; Analysis & Synthesis Resource Usage Summary ;
+-----------------------------------+---------+
; Resource                          ; Usage   ;
+-----------------------------------+---------+
; Total logic elements              ; 179     ;
; Total combinational functions     ; 156     ;
;     -- Total 4-input functions    ; 50      ;
;     -- Total 3-input functions    ; 30      ;
;     -- Total 2-input functions    ; 11      ;
;     -- Total 1-input functions    ; 7       ;
;     -- Total 0-input functions    ; 58      ;
; Total registers                   ; 114     ;
; Total logic cells in carry chains ; 57      ;
; I/O pins                          ; 44      ;
; Maximum fan-out node              ; rst     ;
; Maximum fan-out                   ; 114     ;
; Total fan-out                     ; 672     ;
; Average fan-out                   ; 3.01    ;
+-----------------------------------+---------+


+-----------------------------------------------------------------------------------------------------------------------------------------------------------------------------------------------------------------------------------------------------------------------------+
; Analysis & Synthesis Resource Utilization by Entity                                                                                                                                                                                                                         ;
+-------------------------------------------+-------------+--------------+-------------+------+--------------+-------------------+------------------+-----------------+------------+---------------------------------------------------------------------------+--------------+
; Compilation Hierarchy Node                ; Logic Cells ; LC Registers ; Memory Bits ; Pins ; LUT-Only LCs ; Register-Only LCs ; LUT/Register LCs ; Carry Chain LCs ; Packed LCs ; Full Hierarchy Name                                                       ; Library Name ;
+-------------------------------------------+-------------+--------------+-------------+------+--------------+-------------------+------------------+-----------------+------------+---------------------------------------------------------------------------+--------------+
; |m18                                      ; 179 (30)    ; 114          ; 0           ; 44   ; 65 (30)      ; 23 (0)            ; 91 (0)           ; 57 (0)          ; 0 (0)      ; |m18                                                                      ; work         ;
;    |bcd_to_seg7:M6|                       ; 7 (7)       ; 0            ; 0           ; 0    ; 7 (7)        ; 0 (0)             ; 0 (0)            ; 0 (0)           ; 0 (0)      ; |m18|bcd_to_seg7:M6                                                       ; work         ;
;    |freq_div:M2|                          ; 23 (0)      ; 23           ; 0           ; 0    ; 0 (0)        ; 0 (0)             ; 23 (0)           ; 23 (0)          ; 0 (0)      ; |m18|freq_div:M2                                                          ; work         ;
;       |lpm_counter:divider_rtl_0|         ; 23 (0)      ; 23           ; 0           ; 0    ; 0 (0)        ; 0 (0)             ; 23 (0)           ; 23 (0)          ; 0 (0)      ; |m18|freq_div:M2|lpm_counter:divider_rtl_0                                ; work         ;
;          |alt_counter_f10ke:wysi_counter| ; 23 (23)     ; 23           ; 0           ; 0    ; 0 (0)        ; 0 (0)             ; 23 (23)          ; 23 (23)         ; 0 (0)      ; |m18|freq_div:M2|lpm_counter:divider_rtl_0|alt_counter_f10ke:wysi_counter ; work         ;
;    |freq_div:M3|                          ; 6 (0)       ; 6            ; 0           ; 0    ; 0 (0)        ; 0 (0)             ; 6 (0)            ; 6 (0)           ; 0 (0)      ; |m18|freq_div:M3                                                          ; work         ;
;       |lpm_counter:divider_rtl_1|         ; 6 (0)       ; 6            ; 0           ; 0    ; 0 (0)        ; 0 (0)             ; 6 (0)            ; 6 (0)           ; 0 (0)      ; |m18|freq_div:M3|lpm_counter:divider_rtl_1                                ; work         ;
;          |alt_counter_f10ke:wysi_counter| ; 6 (6)       ; 6            ; 0           ; 0    ; 0 (0)        ; 0 (0)             ; 6 (6)            ; 6 (6)           ; 0 (0)      ; |m18|freq_div:M3|lpm_counter:divider_rtl_1|alt_counter_f10ke:wysi_counter ; work         ;
;    |freq_div:M4|                          ; 23 (0)      ; 23           ; 0           ; 0    ; 0 (0)        ; 0 (0)             ; 23 (0)           ; 23 (0)          ; 0 (0)      ; |m18|freq_div:M4                                                          ; work         ;
;       |lpm_counter:divider_rtl_3|         ; 23 (0)      ; 23           ; 0           ; 0    ; 0 (0)        ; 0 (0)             ; 23 (0)           ; 23 (0)          ; 0 (0)      ; |m18|freq_div:M4|lpm_counter:divider_rtl_3                                ; work         ;
;          |alt_counter_f10ke:wysi_counter| ; 23 (23)     ; 23           ; 0           ; 0    ; 0 (0)        ; 0 (0)             ; 23 (23)          ; 23 (23)         ; 0 (0)      ; |m18|freq_div:M4|lpm_counter:divider_rtl_3|alt_counter_f10ke:wysi_counter ; work         ;
;    |freq_div:M5|                          ; 5 (0)       ; 5            ; 0           ; 0    ; 0 (0)        ; 0 (0)             ; 5 (0)            ; 5 (0)           ; 0 (0)      ; |m18|freq_div:M5                                                          ; work         ;
;       |lpm_counter:divider_rtl_2|         ; 5 (0)       ; 5            ; 0           ; 0    ; 0 (0)        ; 0 (0)             ; 5 (0)            ; 5 (0)           ; 0 (0)      ; |m18|freq_div:M5|lpm_counter:divider_rtl_2                                ; work         ;
;          |alt_counter_f10ke:wysi_counter| ; 5 (5)       ; 5            ; 0           ; 0    ; 0 (0)        ; 0 (0)             ; 5 (5)            ; 5 (5)           ; 0 (0)      ; |m18|freq_div:M5|lpm_counter:divider_rtl_2|alt_counter_f10ke:wysi_counter ; work         ;
;    |lab1016_green:M16|                    ; 20 (0)      ; 17           ; 0           ; 0    ; 3 (0)        ; 9 (0)             ; 8 (0)            ; 0 (0)           ; 0 (0)      ; |m18|lab1016_green:M16                                                    ; work         ;
;       |idx_gen:M13|                       ; 3 (3)       ; 3            ; 0           ; 0    ; 0 (0)        ; 0 (0)             ; 3 (3)            ; 0 (0)           ; 0 (0)      ; |m18|lab1016_green:M16|idx_gen:M13                                        ; work         ;
;       |rom_char_green:M15|                ; 3 (3)       ; 0            ; 0           ; 0    ; 3 (3)        ; 0 (0)             ; 0 (0)            ; 0 (0)           ; 0 (0)      ; |m18|lab1016_green:M16|rom_char_green:M15                                 ; work         ;
;       |row_gen:M14|                       ; 14 (14)     ; 14           ; 0           ; 0    ; 0 (0)        ; 9 (9)             ; 5 (5)            ; 0 (0)           ; 0 (0)      ; |m18|lab1016_green:M16|row_gen:M14                                        ; work         ;
;    |lab1016_red:M9|                       ; 17 (0)      ; 14           ; 0           ; 0    ; 3 (0)        ; 9 (0)             ; 5 (0)            ; 0 (0)           ; 0 (0)      ; |m18|lab1016_red:M9                                                       ; work         ;
;       |idx_gen:M10|                       ; 3 (3)       ; 3            ; 0           ; 0    ; 0 (0)        ; 0 (0)             ; 3 (3)            ; 0 (0)           ; 0 (0)      ; |m18|lab1016_red:M9|idx_gen:M10                                           ; work         ;
;       |rom_char_red:M12|                  ; 3 (3)       ; 0            ; 0           ; 0    ; 3 (3)        ; 0 (0)             ; 0 (0)            ; 0 (0)           ; 0 (0)      ; |m18|lab1016_red:M9|rom_char_red:M12                                      ; work         ;
;       |row_gen:M11|                       ; 11 (11)     ; 11           ; 0           ; 0    ; 0 (0)        ; 9 (9)             ; 2 (2)            ; 0 (0)           ; 0 (0)      ; |m18|lab1016_red:M9|row_gen:M11                                           ; work         ;
;    |lab1016_yellow:M20|                   ; 15 (0)      ; 8            ; 0           ; 0    ; 7 (0)        ; 4 (0)             ; 4 (0)            ; 0 (0)           ; 0 (0)      ; |m18|lab1016_yellow:M20                                                   ; work         ;
;       |idx_gen:M19|                       ; 4 (4)       ; 4            ; 0           ; 0    ; 0 (0)        ; 0 (0)             ; 4 (4)            ; 0 (0)           ; 0 (0)      ; |m18|lab1016_yellow:M20|idx_gen:M19                                       ; work         ;
;       |rom_char_yellow:M18|               ; 7 (7)       ; 0            ; 0           ; 0    ; 7 (7)        ; 0 (0)             ; 0 (0)            ; 0 (0)           ; 0 (0)      ; |m18|lab1016_yellow:M20|rom_char_yellow:M18                               ; work         ;
;       |row_gen:M17|                       ; 4 (4)       ; 4            ; 0           ; 0    ; 0 (0)        ; 4 (4)             ; 0 (0)            ; 0 (0)           ; 0 (0)      ; |m18|lab1016_yellow:M20|row_gen:M17                                       ; work         ;
;    |seg7_select:M7|                       ; 2 (2)       ; 2            ; 0           ; 0    ; 0 (0)        ; 0 (0)             ; 2 (2)            ; 0 (0)           ; 0 (0)      ; |m18|seg7_select:M7                                                       ; work         ;
;    |traffic:M8|                           ; 31 (0)      ; 16           ; 0           ; 0    ; 15 (0)       ; 1 (0)             ; 15 (0)           ; 0 (0)           ; 0 (0)      ; |m18|traffic:M8                                                           ; work         ;
;       |light_cnt_dn_20:M14|               ; 15 (15)     ; 7            ; 0           ; 0    ; 8 (8)        ; 0 (0)             ; 7 (7)            ; 0 (0)           ; 0 (0)      ; |m18|traffic:M8|light_cnt_dn_20:M14                                       ; work         ;
;       |ryg_ctl:M13|                       ; 16 (16)     ; 9            ; 0           ; 0    ; 7 (7)        ; 1 (1)             ; 8 (8)            ; 0 (0)           ; 0 (0)      ; |m18|traffic:M8|ryg_ctl:M13                                               ; work         ;
+-------------------------------------------+-------------+--------------+-------------+------+--------------+-------------------+------------------+-----------------+------------+---------------------------------------------------------------------------+--------------+
Note: For table entries with two numbers listed, the numbers in parentheses indicate the number of resources of the given type used by the specific entity alone. The numbers listed outside of parentheses indicate the total resources of the given type used by the specific entity and all of its sub-entities in the hierarchy.


+---------------------------------------------------------------------------------------------------+
; Registers Removed During Synthesis                                                                ;
+-------------------------------------------+-------------------------------------------------------+
; Register name                             ; Reason for Removal                                    ;
+-------------------------------------------+-------------------------------------------------------+
; lab1016_yellow:M20|idx_gen:M19|idx[0..2]  ; Stuck at GND due to stuck port data_in                ;
; lab1016_green:M16|idx_gen:M13|idx[0..2]   ; Stuck at GND due to stuck port data_in                ;
; lab1016_red:M9|idx_gen:M10|idx[0..2]      ; Stuck at GND due to stuck port data_in                ;
; lab1016_green:M16|row_gen:M14|idx_cnt[3]  ; Lost fanout                                           ;
; lab1016_red:M9|row_gen:M11|idx_cnt[3]     ; Lost fanout                                           ;
; traffic:M8|ryg_ctl:M13|mode[2]            ; Stuck at GND due to stuck port data_in                ;
; lab1016_green:M16|row_gen:M14|cnt[0]      ; Merged with lab1016_green:M16|row_gen:M14|idx_cnt[0]  ;
; lab1016_red:M9|row_gen:M11|cnt[0]         ; Merged with lab1016_green:M16|row_gen:M14|idx_cnt[0]  ;
; lab1016_yellow:M20|row_gen:M17|cnt[0]     ; Merged with lab1016_green:M16|row_gen:M14|idx_cnt[0]  ;
; lab1016_red:M9|row_gen:M11|idx_cnt[0]     ; Merged with lab1016_green:M16|row_gen:M14|idx_cnt[0]  ;
; lab1016_yellow:M20|row_gen:M17|idx_cnt[0] ; Merged with lab1016_green:M16|row_gen:M14|idx_cnt[0]  ;
; lab1016_green:M16|row_gen:M14|cnt[1]      ; Merged with lab1016_green:M16|row_gen:M14|idx_cnt[1]  ;
; lab1016_green:M16|row_gen:M14|cnt[2]      ; Merged with lab1016_green:M16|row_gen:M14|idx_cnt[2]  ;
; lab1016_yellow:M20|row_gen:M17|cnt[1]     ; Merged with lab1016_yellow:M20|row_gen:M17|idx_cnt[1] ;
; lab1016_yellow:M20|row_gen:M17|cnt[2]     ; Merged with lab1016_yellow:M20|row_gen:M17|idx_cnt[2] ;
; lab1016_red:M9|row_gen:M11|cnt[1]         ; Merged with lab1016_red:M9|row_gen:M11|idx_cnt[1]     ;
; lab1016_red:M9|row_gen:M11|cnt[2]         ; Merged with lab1016_red:M9|row_gen:M11|idx_cnt[2]     ;
; lab1016_red:M9|idx_gen:M10|idx[3]         ; Merged with lab1016_yellow:M20|idx_gen:M19|idx[3]     ;
; lab1016_green:M16|idx_gen:M13|idx[3]      ; Merged with lab1016_yellow:M20|idx_gen:M19|idx[3]     ;
; lab1016_red:M9|row_gen:M11|idx_cnt[1]     ; Merged with lab1016_green:M16|row_gen:M14|idx_cnt[1]  ;
; lab1016_yellow:M20|row_gen:M17|idx_cnt[1] ; Merged with lab1016_green:M16|row_gen:M14|idx_cnt[1]  ;
; lab1016_red:M9|row_gen:M11|idx_cnt[2]     ; Merged with lab1016_green:M16|row_gen:M14|idx_cnt[2]  ;
; lab1016_yellow:M20|row_gen:M17|idx_cnt[2] ; Merged with lab1016_green:M16|row_gen:M14|idx_cnt[2]  ;
; seg7_select:M7|seg7_sel[2]                ; Stuck at VCC due to stuck port data_in                ;
; traffic:M8|light_cnt_dn_20:M14|cnt[7]     ; Stuck at GND due to stuck port data_in                ;
; Total Number of Removed Registers = 31    ;                                                       ;
+-------------------------------------------+-------------------------------------------------------+


+------------------------------------------------------+
; General Register Statistics                          ;
+----------------------------------------------+-------+
; Statistic                                    ; Value ;
+----------------------------------------------+-------+
; Total registers                              ; 114   ;
; Number of registers using Synchronous Clear  ; 0     ;
; Number of registers using Synchronous Load   ; 0     ;
; Number of registers using Asynchronous Clear ; 114   ;
; Number of registers using Asynchronous Load  ; 0     ;
; Number of registers using Clock Enable       ; 10    ;
; Number of registers using Preset             ; 0     ;
+----------------------------------------------+-------+


+--------------------------------------------------+
; Inverted Register Statistics                     ;
+----------------------------------------+---------+
; Inverted Register                      ; Fan out ;
+----------------------------------------+---------+
; traffic:M8|ryg_ctl:M13|light_led[2]    ; 4       ;
; traffic:M8|ryg_ctl:M13|light_led[3]    ; 9       ;
; seg7_select:M7|seg7_sel[0]             ; 10      ;
; lab1016_green:M16|row_gen:M14|row[7]   ; 2       ;
; lab1016_red:M9|row_gen:M11|row[7]      ; 2       ;
; Total number of inverted registers = 5 ;         ;
+----------------------------------------+---------+


+--------------------------------------------------------------+
; Source assignments for freq_div:M2|lpm_counter:divider_rtl_0 ;
+---------------------------+-------+------+-------------------+
; Assignment                ; Value ; From ; To                ;
+---------------------------+-------+------+-------------------+
; SUPPRESS_DA_RULE_INTERNAL ; a101  ; -    ; -                 ;
; SUPPRESS_DA_RULE_INTERNAL ; s102  ; -    ; -                 ;
; SUPPRESS_DA_RULE_INTERNAL ; s103  ; -    ; -                 ;
+---------------------------+-------+------+-------------------+


+--------------------------------------------------------------+
; Source assignments for freq_div:M3|lpm_counter:divider_rtl_1 ;
+---------------------------+-------+------+-------------------+
; Assignment                ; Value ; From ; To                ;
+---------------------------+-------+------+-------------------+
; SUPPRESS_DA_RULE_INTERNAL ; a101  ; -    ; -                 ;
; SUPPRESS_DA_RULE_INTERNAL ; s102  ; -    ; -                 ;
; SUPPRESS_DA_RULE_INTERNAL ; s103  ; -    ; -                 ;
+---------------------------+-------+------+-------------------+


+--------------------------------------------------------------+
; Source assignments for freq_div:M5|lpm_counter:divider_rtl_2 ;
+---------------------------+-------+------+-------------------+
; Assignment                ; Value ; From ; To                ;
+---------------------------+-------+------+-------------------+
; SUPPRESS_DA_RULE_INTERNAL ; a101  ; -    ; -                 ;
; SUPPRESS_DA_RULE_INTERNAL ; s102  ; -    ; -                 ;
; SUPPRESS_DA_RULE_INTERNAL ; s103  ; -    ; -                 ;
+---------------------------+-------+------+-------------------+


+--------------------------------------------------------------+
; Source assignments for freq_div:M4|lpm_counter:divider_rtl_3 ;
+---------------------------+-------+------+-------------------+
; Assignment                ; Value ; From ; To                ;
+---------------------------+-------+------+-------------------+
; SUPPRESS_DA_RULE_INTERNAL ; a101  ; -    ; -                 ;
; SUPPRESS_DA_RULE_INTERNAL ; s102  ; -    ; -                 ;
; SUPPRESS_DA_RULE_INTERNAL ; s103  ; -    ; -                 ;
+---------------------------+-------+------+-------------------+


+----------------------------------------------------------+
; Parameter Settings for User Entity Instance: freq_div:M1 ;
+----------------+-------+---------------------------------+
; Parameter Name ; Value ; Type                            ;
+----------------+-------+---------------------------------+
; exp            ; 21    ; Signed Integer                  ;
+----------------+-------+---------------------------------+
Note: In order to hide this table in the UI and the text report file, please set the "Show Parameter Settings Tables in Synthesis Report" option in "Analysis and Synthesis Settings -> More Settings" to "Off".


+----------------------------------------------------------+
; Parameter Settings for User Entity Instance: freq_div:M2 ;
+----------------+-------+---------------------------------+
; Parameter Name ; Value ; Type                            ;
+----------------+-------+---------------------------------+
; exp            ; 23    ; Signed Integer                  ;
+----------------+-------+---------------------------------+
Note: In order to hide this table in the UI and the text report file, please set the "Show Parameter Settings Tables in Synthesis Report" option in "Analysis and Synthesis Settings -> More Settings" to "Off".


+----------------------------------------------------------+
; Parameter Settings for User Entity Instance: freq_div:M3 ;
+----------------+-------+---------------------------------+
; Parameter Name ; Value ; Type                            ;
+----------------+-------+---------------------------------+
; exp            ; 6     ; Signed Integer                  ;
+----------------+-------+---------------------------------+
Note: In order to hide this table in the UI and the text report file, please set the "Show Parameter Settings Tables in Synthesis Report" option in "Analysis and Synthesis Settings -> More Settings" to "Off".


+----------------------------------------------------------+
; Parameter Settings for User Entity Instance: freq_div:M4 ;
+----------------+-------+---------------------------------+
; Parameter Name ; Value ; Type                            ;
+----------------+-------+---------------------------------+
; exp            ; 23    ; Signed Integer                  ;
+----------------+-------+---------------------------------+
Note: In order to hide this table in the UI and the text report file, please set the "Show Parameter Settings Tables in Synthesis Report" option in "Analysis and Synthesis Settings -> More Settings" to "Off".


+----------------------------------------------------------+
; Parameter Settings for User Entity Instance: freq_div:M5 ;
+----------------+-------+---------------------------------+
; Parameter Name ; Value ; Type                            ;
+----------------+-------+---------------------------------+
; exp            ; 5     ; Signed Integer                  ;
+----------------+-------+---------------------------------+
Note: In order to hide this table in the UI and the text report file, please set the "Show Parameter Settings Tables in Synthesis Report" option in "Analysis and Synthesis Settings -> More Settings" to "Off".


+-------------------------------------------------------------+
; Parameter Settings for User Entity Instance: seg7_select:M7 ;
+----------------+-------+------------------------------------+
; Parameter Name ; Value ; Type                               ;
+----------------+-------+------------------------------------+
; num_use        ; 2     ; Signed Integer                     ;
+----------------+-------+------------------------------------+
Note: In order to hide this table in the UI and the text report file, please set the "Show Parameter Settings Tables in Synthesis Report" option in "Analysis and Synthesis Settings -> More Settings" to "Off".


+----------------------------------------------------------------------------------------+
; Parameter Settings for Inferred Entity Instance: freq_div:M2|lpm_counter:divider_rtl_0 ;
+------------------------+-------------------+-------------------------------------------+
; Parameter Name         ; Value             ; Type                                      ;
+------------------------+-------------------+-------------------------------------------+
; AUTO_CARRY_CHAINS      ; ON                ; AUTO_CARRY                                ;
; IGNORE_CARRY_BUFFERS   ; OFF               ; IGNORE_CARRY                              ;
; AUTO_CASCADE_CHAINS    ; ON                ; AUTO_CASCADE                              ;
; IGNORE_CASCADE_BUFFERS ; OFF               ; IGNORE_CASCADE                            ;
; LPM_WIDTH              ; 23                ; Untyped                                   ;
; LPM_DIRECTION          ; UP                ; Untyped                                   ;
; LPM_MODULUS            ; 0                 ; Untyped                                   ;
; LPM_AVALUE             ; UNUSED            ; Untyped                                   ;
; LPM_SVALUE             ; UNUSED            ; Untyped                                   ;
; LPM_PORT_UPDOWN        ; PORT_CONNECTIVITY ; Untyped                                   ;
; DEVICE_FAMILY          ; FLEX10KA          ; Untyped                                   ;
; CARRY_CHAIN            ; MANUAL            ; Untyped                                   ;
; CARRY_CHAIN_LENGTH     ; 48                ; CARRY_CHAIN_LENGTH                        ;
; NOT_GATE_PUSH_BACK     ; ON                ; NOT_GATE_PUSH_BACK                        ;
; CARRY_CNT_EN           ; SMART             ; Untyped                                   ;
; LABWIDE_SCLR           ; ON                ; Untyped                                   ;
; USE_NEW_VERSION        ; TRUE              ; Untyped                                   ;
; CBXI_PARAMETER         ; NOTHING           ; Untyped                                   ;
+------------------------+-------------------+-------------------------------------------+
Note: In order to hide this table in the UI and the text report file, please set the "Show Parameter Settings Tables in Synthesis Report" option in "Analysis and Synthesis Settings -> More Settings" to "Off".


+----------------------------------------------------------------------------------------+
; Parameter Settings for Inferred Entity Instance: freq_div:M3|lpm_counter:divider_rtl_1 ;
+------------------------+-------------------+-------------------------------------------+
; Parameter Name         ; Value             ; Type                                      ;
+------------------------+-------------------+-------------------------------------------+
; AUTO_CARRY_CHAINS      ; ON                ; AUTO_CARRY                                ;
; IGNORE_CARRY_BUFFERS   ; OFF               ; IGNORE_CARRY                              ;
; AUTO_CASCADE_CHAINS    ; ON                ; AUTO_CASCADE                              ;
; IGNORE_CASCADE_BUFFERS ; OFF               ; IGNORE_CASCADE                            ;
; LPM_WIDTH              ; 6                 ; Untyped                                   ;
; LPM_DIRECTION          ; UP                ; Untyped                                   ;
; LPM_MODULUS            ; 0                 ; Untyped                                   ;
; LPM_AVALUE             ; UNUSED            ; Untyped                                   ;
; LPM_SVALUE             ; UNUSED            ; Untyped                                   ;
; LPM_PORT_UPDOWN        ; PORT_CONNECTIVITY ; Untyped                                   ;
; DEVICE_FAMILY          ; FLEX10KA          ; Untyped                                   ;
; CARRY_CHAIN            ; MANUAL            ; Untyped                                   ;
; CARRY_CHAIN_LENGTH     ; 48                ; CARRY_CHAIN_LENGTH                        ;
; NOT_GATE_PUSH_BACK     ; ON                ; NOT_GATE_PUSH_BACK                        ;
; CARRY_CNT_EN           ; SMART             ; Untyped                                   ;
; LABWIDE_SCLR           ; ON                ; Untyped                                   ;
; USE_NEW_VERSION        ; TRUE              ; Untyped                                   ;
; CBXI_PARAMETER         ; NOTHING           ; Untyped                                   ;
+------------------------+-------------------+-------------------------------------------+
Note: In order to hide this table in the UI and the text report file, please set the "Show Parameter Settings Tables in Synthesis Report" option in "Analysis and Synthesis Settings -> More Settings" to "Off".


+----------------------------------------------------------------------------------------+
; Parameter Settings for Inferred Entity Instance: freq_div:M5|lpm_counter:divider_rtl_2 ;
+------------------------+-------------------+-------------------------------------------+
; Parameter Name         ; Value             ; Type                                      ;
+------------------------+-------------------+-------------------------------------------+
; AUTO_CARRY_CHAINS      ; ON                ; AUTO_CARRY                                ;
; IGNORE_CARRY_BUFFERS   ; OFF               ; IGNORE_CARRY                              ;
; AUTO_CASCADE_CHAINS    ; ON                ; AUTO_CASCADE                              ;
; IGNORE_CASCADE_BUFFERS ; OFF               ; IGNORE_CASCADE                            ;
; LPM_WIDTH              ; 5                 ; Untyped                                   ;
; LPM_DIRECTION          ; UP                ; Untyped                                   ;
; LPM_MODULUS            ; 0                 ; Untyped                                   ;
; LPM_AVALUE             ; UNUSED            ; Untyped                                   ;
; LPM_SVALUE             ; UNUSED            ; Untyped                                   ;
; LPM_PORT_UPDOWN        ; PORT_CONNECTIVITY ; Untyped                                   ;
; DEVICE_FAMILY          ; FLEX10KA          ; Untyped                                   ;
; CARRY_CHAIN            ; MANUAL            ; Untyped                                   ;
; CARRY_CHAIN_LENGTH     ; 48                ; CARRY_CHAIN_LENGTH                        ;
; NOT_GATE_PUSH_BACK     ; ON                ; NOT_GATE_PUSH_BACK                        ;
; CARRY_CNT_EN           ; SMART             ; Untyped                                   ;
; LABWIDE_SCLR           ; ON                ; Untyped                                   ;
; USE_NEW_VERSION        ; TRUE              ; Untyped                                   ;
; CBXI_PARAMETER         ; NOTHING           ; Untyped                                   ;
+------------------------+-------------------+-------------------------------------------+
Note: In order to hide this table in the UI and the text report file, please set the "Show Parameter Settings Tables in Synthesis Report" option in "Analysis and Synthesis Settings -> More Settings" to "Off".


+----------------------------------------------------------------------------------------+
; Parameter Settings for Inferred Entity Instance: freq_div:M4|lpm_counter:divider_rtl_3 ;
+------------------------+-------------------+-------------------------------------------+
; Parameter Name         ; Value             ; Type                                      ;
+------------------------+-------------------+-------------------------------------------+
; AUTO_CARRY_CHAINS      ; ON                ; AUTO_CARRY                                ;
; IGNORE_CARRY_BUFFERS   ; OFF               ; IGNORE_CARRY                              ;
; AUTO_CASCADE_CHAINS    ; ON                ; AUTO_CASCADE                              ;
; IGNORE_CASCADE_BUFFERS ; OFF               ; IGNORE_CASCADE                            ;
; LPM_WIDTH              ; 23                ; Untyped                                   ;
; LPM_DIRECTION          ; UP                ; Untyped                                   ;
; LPM_MODULUS            ; 0                 ; Untyped                                   ;
; LPM_AVALUE             ; UNUSED            ; Untyped                                   ;
; LPM_SVALUE             ; UNUSED            ; Untyped                                   ;
; LPM_PORT_UPDOWN        ; PORT_CONNECTIVITY ; Untyped                                   ;
; DEVICE_FAMILY          ; FLEX10KA          ; Untyped                                   ;
; CARRY_CHAIN            ; MANUAL            ; Untyped                                   ;
; CARRY_CHAIN_LENGTH     ; 48                ; CARRY_CHAIN_LENGTH                        ;
; NOT_GATE_PUSH_BACK     ; ON                ; NOT_GATE_PUSH_BACK                        ;
; CARRY_CNT_EN           ; SMART             ; Untyped                                   ;
; LABWIDE_SCLR           ; ON                ; Untyped                                   ;
; USE_NEW_VERSION        ; TRUE              ; Untyped                                   ;
; CBXI_PARAMETER         ; NOTHING           ; Untyped                                   ;
+------------------------+-------------------+-------------------------------------------+
Note: In order to hide this table in the UI and the text report file, please set the "Show Parameter Settings Tables in Synthesis Report" option in "Analysis and Synthesis Settings -> More Settings" to "Off".


+---------------------------------------------------------------------------------------------------------------------------------------------------------------------------------------------------------------------+
; Port Connectivity Checks: "lab1016_yellow:M20|rom_char_yellow:M18"                                                                                                                                                  ;
+--------------+--------+----------+----------------------------------------------------------------------------------------------------------------------------------------------------------------------------------+
; Port         ; Type   ; Severity ; Details                                                                                                                                                                          ;
+--------------+--------+----------+----------------------------------------------------------------------------------------------------------------------------------------------------------------------------------+
; addr         ; Input  ; Warning  ; Input port expression (8 bits) is wider than the input port (7 bits) it drives.  The 1 most-significant bit(s) in the expression will be dangling if they have no other fanouts. ;
; column_green ; Output ; Warning  ; Declared by entity but not connected by instance. Logic that only feeds a dangling port will be removed.                                                                         ;
+--------------+--------+----------+----------------------------------------------------------------------------------------------------------------------------------------------------------------------------------+


+----------------------------------------------------------------------------------------------------------------------------------------------------------------------------------------------------------------+
; Port Connectivity Checks: "lab1016_yellow:M20|row_gen:M17"                                                                                                                                                     ;
+---------+--------+----------+----------------------------------------------------------------------------------------------------------------------------------------------------------------------------------+
; Port    ; Type   ; Severity ; Details                                                                                                                                                                          ;
+---------+--------+----------+----------------------------------------------------------------------------------------------------------------------------------------------------------------------------------+
; idx     ; Input  ; Warning  ; Input port expression (8 bits) is wider than the input port (7 bits) it drives.  The 1 most-significant bit(s) in the expression will be dangling if they have no other fanouts. ;
; idx_cnt ; Output ; Warning  ; Output or bidir port (7 bits) is smaller than the port expression (8 bits) it drives.  The 1 most-significant bit(s) in the port expression will be connected to GND.            ;
+---------+--------+----------+----------------------------------------------------------------------------------------------------------------------------------------------------------------------------------+


+--------------------------------------------------------------------------------------------------------------------------------------------------------------------------------------------------+
; Port Connectivity Checks: "lab1016_yellow:M20|idx_gen:M19"                                                                                                                                       ;
+------+--------+----------+-----------------------------------------------------------------------------------------------------------------------------------------------------------------------+
; Port ; Type   ; Severity ; Details                                                                                                                                                               ;
+------+--------+----------+-----------------------------------------------------------------------------------------------------------------------------------------------------------------------+
; idx  ; Output ; Warning  ; Output or bidir port (7 bits) is smaller than the port expression (8 bits) it drives.  The 1 most-significant bit(s) in the port expression will be connected to GND. ;
+------+--------+----------+-----------------------------------------------------------------------------------------------------------------------------------------------------------------------+


+----------------------------------------------------------------------------------------------------------------+
; Port Connectivity Checks: "lab1016_yellow:M20"                                                                 ;
+------+--------+----------+-------------------------------------------------------------------------------------+
; Port ; Type   ; Severity ; Details                                                                             ;
+------+--------+----------+-------------------------------------------------------------------------------------+
; row  ; Output ; Info     ; Connected to dangling logic. Logic that only feeds a dangling port will be removed. ;
+------+--------+----------+-------------------------------------------------------------------------------------+


+------------------------------------------------------------------------------------------------------------------------------------------------------------------------------------------------------------+
; Port Connectivity Checks: "lab1016_green:M16|rom_char_green:M15"                                                                                                                                           ;
+------+-------+----------+----------------------------------------------------------------------------------------------------------------------------------------------------------------------------------+
; Port ; Type  ; Severity ; Details                                                                                                                                                                          ;
+------+-------+----------+----------------------------------------------------------------------------------------------------------------------------------------------------------------------------------+
; addr ; Input ; Warning  ; Input port expression (8 bits) is wider than the input port (7 bits) it drives.  The 1 most-significant bit(s) in the expression will be dangling if they have no other fanouts. ;
+------+-------+----------+----------------------------------------------------------------------------------------------------------------------------------------------------------------------------------+


+----------------------------------------------------------------------------------------------------------------------------------------------------------------------------------------------------------------+
; Port Connectivity Checks: "lab1016_green:M16|row_gen:M14"                                                                                                                                                      ;
+---------+--------+----------+----------------------------------------------------------------------------------------------------------------------------------------------------------------------------------+
; Port    ; Type   ; Severity ; Details                                                                                                                                                                          ;
+---------+--------+----------+----------------------------------------------------------------------------------------------------------------------------------------------------------------------------------+
; idx     ; Input  ; Warning  ; Input port expression (8 bits) is wider than the input port (7 bits) it drives.  The 1 most-significant bit(s) in the expression will be dangling if they have no other fanouts. ;
; idx_cnt ; Output ; Warning  ; Output or bidir port (7 bits) is smaller than the port expression (8 bits) it drives.  The 1 most-significant bit(s) in the port expression will be connected to GND.            ;
+---------+--------+----------+----------------------------------------------------------------------------------------------------------------------------------------------------------------------------------+


+--------------------------------------------------------------------------------------------------------------------------------------------------------------------------------------------------+
; Port Connectivity Checks: "lab1016_green:M16|idx_gen:M13"                                                                                                                                        ;
+------+--------+----------+-----------------------------------------------------------------------------------------------------------------------------------------------------------------------+
; Port ; Type   ; Severity ; Details                                                                                                                                                               ;
+------+--------+----------+-----------------------------------------------------------------------------------------------------------------------------------------------------------------------+
; idx  ; Output ; Warning  ; Output or bidir port (7 bits) is smaller than the port expression (8 bits) it drives.  The 1 most-significant bit(s) in the port expression will be connected to GND. ;
+------+--------+----------+-----------------------------------------------------------------------------------------------------------------------------------------------------------------------+


+------------------------------------------------------------------------------------------------------------------------------------------------------------------------------------------------------------+
; Port Connectivity Checks: "lab1016_red:M9|rom_char_red:M12"                                                                                                                                                ;
+------+-------+----------+----------------------------------------------------------------------------------------------------------------------------------------------------------------------------------+
; Port ; Type  ; Severity ; Details                                                                                                                                                                          ;
+------+-------+----------+----------------------------------------------------------------------------------------------------------------------------------------------------------------------------------+
; addr ; Input ; Warning  ; Input port expression (8 bits) is wider than the input port (7 bits) it drives.  The 1 most-significant bit(s) in the expression will be dangling if they have no other fanouts. ;
+------+-------+----------+----------------------------------------------------------------------------------------------------------------------------------------------------------------------------------+


+----------------------------------------------------------------------------------------------------------------------------------------------------------------------------------------------------------------+
; Port Connectivity Checks: "lab1016_red:M9|row_gen:M11"                                                                                                                                                         ;
+---------+--------+----------+----------------------------------------------------------------------------------------------------------------------------------------------------------------------------------+
; Port    ; Type   ; Severity ; Details                                                                                                                                                                          ;
+---------+--------+----------+----------------------------------------------------------------------------------------------------------------------------------------------------------------------------------+
; idx     ; Input  ; Warning  ; Input port expression (8 bits) is wider than the input port (7 bits) it drives.  The 1 most-significant bit(s) in the expression will be dangling if they have no other fanouts. ;
; idx_cnt ; Output ; Warning  ; Output or bidir port (7 bits) is smaller than the port expression (8 bits) it drives.  The 1 most-significant bit(s) in the port expression will be connected to GND.            ;
+---------+--------+----------+----------------------------------------------------------------------------------------------------------------------------------------------------------------------------------+


+--------------------------------------------------------------------------------------------------------------------------------------------------------------------------------------------------+
; Port Connectivity Checks: "lab1016_red:M9|idx_gen:M10"                                                                                                                                           ;
+------+--------+----------+-----------------------------------------------------------------------------------------------------------------------------------------------------------------------+
; Port ; Type   ; Severity ; Details                                                                                                                                                               ;
+------+--------+----------+-----------------------------------------------------------------------------------------------------------------------------------------------------------------------+
; idx  ; Output ; Warning  ; Output or bidir port (7 bits) is smaller than the port expression (8 bits) it drives.  The 1 most-significant bit(s) in the port expression will be connected to GND. ;
+------+--------+----------+-----------------------------------------------------------------------------------------------------------------------------------------------------------------------+


+------------------------------------------------------------------------------------------------------------------+
; Port Connectivity Checks: "traffic:M8"                                                                           ;
+--------+--------+----------+-------------------------------------------------------------------------------------+
; Port   ; Type   ; Severity ; Details                                                                             ;
+--------+--------+----------+-------------------------------------------------------------------------------------+
; enable ; Output ; Info     ; Connected to dangling logic. Logic that only feeds a dangling port will be removed. ;
+--------+--------+----------+-------------------------------------------------------------------------------------+


+-------------------------------+
; Analysis & Synthesis Messages ;
+-------------------------------+
Info: *******************************************************************
Info: Running Quartus II Analysis & Synthesis
    Info: Version 9.0 Build 235 06/17/2009 Service Pack 2 SJ Web Edition
    Info: Processing started: Tue Aug 11 22:07:02 2020
Info: Command: quartus_map --read_settings_files=on --write_settings_files=off 18 -c 18
Info: Found 15 design units, including 15 entities, in source file m18.v
    Info: Found entity 1: m18
    Info: Found entity 2: lab1016_red
    Info: Found entity 3: lab1016_yellow
    Info: Found entity 4: lab1016_green
    Info: Found entity 5: rom_char_yellow
    Info: Found entity 6: rom_char_red
    Info: Found entity 7: rom_char_green
    Info: Found entity 8: traffic
    Info: Found entity 9: light_cnt_dn_20
    Info: Found entity 10: ryg_ctl
    Info: Found entity 11: freq_div
    Info: Found entity 12: bcd_to_seg7
    Info: Found entity 13: seg7_select
    Info: Found entity 14: idx_gen
    Info: Found entity 15: row_gen
Info: Elaborating entity "m18" for the top level hierarchy
Info: Elaborating entity "freq_div" for hierarchy "freq_div:M1"
Warning (10240): Verilog HDL Always Construct warning at m18.v(280): inferring latch(es) for variable "i", which holds its previous value in one or more paths through the always construct
Info: Elaborating entity "freq_div" for hierarchy "freq_div:M2"
Warning (10240): Verilog HDL Always Construct warning at m18.v(280): inferring latch(es) for variable "i", which holds its previous value in one or more paths through the always construct
Info: Elaborating entity "freq_div" for hierarchy "freq_div:M3"
Warning (10240): Verilog HDL Always Construct warning at m18.v(280): inferring latch(es) for variable "i", which holds its previous value in one or more paths through the always construct
Info: Elaborating entity "freq_div" for hierarchy "freq_div:M5"
Warning (10240): Verilog HDL Always Construct warning at m18.v(280): inferring latch(es) for variable "i", which holds its previous value in one or more paths through the always construct
Info: Elaborating entity "bcd_to_seg7" for hierarchy "bcd_to_seg7:M6"
Info: Elaborating entity "seg7_select" for hierarchy "seg7_select:M7"
Info: Elaborating entity "traffic" for hierarchy "traffic:M8"
Info: Elaborating entity "ryg_ctl" for hierarchy "traffic:M8|ryg_ctl:M13"
Info: Elaborating entity "light_cnt_dn_20" for hierarchy "traffic:M8|light_cnt_dn_20:M14"
Info: Elaborating entity "lab1016_red" for hierarchy "lab1016_red:M9"
Info: Elaborating entity "idx_gen" for hierarchy "lab1016_red:M9|idx_gen:M10"
Info: Elaborating entity "row_gen" for hierarchy "lab1016_red:M9|row_gen:M11"
Info: Elaborating entity "rom_char_red" for hierarchy "lab1016_red:M9|rom_char_red:M12"
Info: Elaborating entity "lab1016_green" for hierarchy "lab1016_green:M16"
Info: Elaborating entity "rom_char_green" for hierarchy "lab1016_green:M16|rom_char_green:M15"
Info: Elaborating entity "lab1016_yellow" for hierarchy "lab1016_yellow:M20"
Info: Elaborating entity "rom_char_yellow" for hierarchy "lab1016_yellow:M20|rom_char_yellow:M18"
Warning: Net is missing source, defaulting to GND
    Warning (12110): Net "lab1016_yellow:M20|idx[7]" is missing source, defaulting to GND
    Warning (12110): Net "lab1016_yellow:M20|idx_cnt[7]" is missing source, defaulting to GND
Warning: Net is missing source, defaulting to GND
    Warning (12110): Net "lab1016_green:M16|idx[7]" is missing source, defaulting to GND
    Warning (12110): Net "lab1016_green:M16|idx_cnt[7]" is missing source, defaulting to GND
Warning: Net is missing source, defaulting to GND
    Warning (12110): Net "lab1016_red:M9|idx[7]" is missing source, defaulting to GND
    Warning (12110): Net "lab1016_red:M9|idx_cnt[7]" is missing source, defaulting to GND
Info: Inferred 4 megafunctions from design logic
    Info: Inferred lpm_counter megafunction (LPM_WIDTH=23) from the following logic: "freq_div:M2|divider[0]~0"
    Info: Inferred lpm_counter megafunction (LPM_WIDTH=6) from the following logic: "freq_div:M3|divider[0]~0"
    Info: Inferred lpm_counter megafunction (LPM_WIDTH=5) from the following logic: "freq_div:M5|divider[0]~0"
    Info: Inferred lpm_counter megafunction (LPM_WIDTH=23) from the following logic: "freq_div:M4|divider[0]~0"
Info: Elaborated megafunction instantiation "freq_div:M2|lpm_counter:divider_rtl_0"
Info: Instantiated megafunction "freq_div:M2|lpm_counter:divider_rtl_0" with the following parameter:
    Info: Parameter "LPM_WIDTH" = "23"
    Info: Parameter "LPM_DIRECTION" = "UP"
    Info: Parameter "LPM_TYPE" = "LPM_COUNTER"
Info: Elaborated megafunction instantiation "freq_div:M2|lpm_counter:divider_rtl_0|alt_counter_f10ke:wysi_counter", which is child of megafunction instantiation "freq_div:M2|lpm_counter:divider_rtl_0"
Info: Elaborated megafunction instantiation "freq_div:M3|lpm_counter:divider_rtl_1"
Info: Instantiated megafunction "freq_div:M3|lpm_counter:divider_rtl_1" with the following parameter:
    Info: Parameter "LPM_WIDTH" = "6"
    Info: Parameter "LPM_DIRECTION" = "UP"
    Info: Parameter "LPM_TYPE" = "LPM_COUNTER"
Info: Elaborated megafunction instantiation "freq_div:M3|lpm_counter:divider_rtl_1|alt_counter_f10ke:wysi_counter", which is child of megafunction instantiation "freq_div:M3|lpm_counter:divider_rtl_1"
Info: Elaborated megafunction instantiation "freq_div:M5|lpm_counter:divider_rtl_2"
Info: Instantiated megafunction "freq_div:M5|lpm_counter:divider_rtl_2" with the following parameter:
    Info: Parameter "LPM_WIDTH" = "5"
    Info: Parameter "LPM_DIRECTION" = "UP"
    Info: Parameter "LPM_TYPE" = "LPM_COUNTER"
Info: Elaborated megafunction instantiation "freq_div:M5|lpm_counter:divider_rtl_2|alt_counter_f10ke:wysi_counter", which is child of megafunction instantiation "freq_div:M5|lpm_counter:divider_rtl_2"
Warning: 9 hierarchies have connectivity warnings - see the Connectivity Checks report folder
Warning: Output pins are stuck at VCC or GND
    Warning (13410): Pin "led_com" is stuck at VCC
    Warning (13410): Pin "seg7_sel[2]" is stuck at VCC
    Warning (13410): Pin "column_green[0]" is stuck at GND
    Warning (13410): Pin "column_red[0]" is stuck at GND
    Warning (13410): Pin "column_red[7]" is stuck at GND
Info: Registers with preset signals will power-up high
Info: 2 registers lost all their fanouts during netlist optimizations. The first 2 are displayed below.
    Info: Register "lab1016_green:M16|row_gen:M14|idx_cnt[3]" lost all its fanouts during netlist optimizations.
    Info: Register "lab1016_red:M9|row_gen:M11|idx_cnt[3]" lost all its fanouts during netlist optimizations.
Info: Implemented 223 device resources after synthesis - the final resource count might be different
    Info: Implemented 3 input pins
    Info: Implemented 41 output pins
    Info: Implemented 179 logic cells
Info: Quartus II Analysis & Synthesis was successful. 0 errors, 20 warnings
    Info: Peak virtual memory: 238 megabytes
    Info: Processing ended: Tue Aug 11 22:07:09 2020
    Info: Elapsed time: 00:00:07
    Info: Total CPU time (on all processors): 00:00:04


