Analysis & Synthesis report for lab7_2self
Thu Jul 30 10:27:46 2020
Quartus II Version 9.0 Build 235 06/17/2009 Service Pack 2 SJ Web Edition


---------------------
; Table of Contents ;
---------------------
  1. Legal Notice
  2. Analysis & Synthesis Summary
  3. Analysis & Synthesis Settings
  4. Analysis & Synthesis Source Files Read
  5. Analysis & Synthesis Resource Usage Summary
  6. Analysis & Synthesis Resource Utilization by Entity
  7. State Machine - |lab7_2self|control:u4|traffic_state
  8. Registers Removed During Synthesis
  9. General Register Statistics
 10. Inverted Register Statistics
 11. Source assignments for freq_div:u1|lpm_counter:divider_rtl_0
 12. Source assignments for freq_div:u2|lpm_counter:divider_rtl_1
 13. Source assignments for freq_div:u3|lpm_counter:divider_rtl_2
 14. Source assignments for greenredman:u7|row_gen:M4|lpm_add_sub:Add0|addcore:adder
 15. Parameter Settings for User Entity Instance: freq_div:u1
 16. Parameter Settings for User Entity Instance: freq_div:u2
 17. Parameter Settings for User Entity Instance: freq_div:u3
 18. Parameter Settings for User Entity Instance: control:u4
 19. Parameter Settings for User Entity Instance: seg7_select:u5
 20. Parameter Settings for Inferred Entity Instance: freq_div:u1|lpm_counter:divider_rtl_0
 21. Parameter Settings for Inferred Entity Instance: freq_div:u2|lpm_counter:divider_rtl_1
 22. Parameter Settings for Inferred Entity Instance: freq_div:u3|lpm_counter:divider_rtl_2
 23. Parameter Settings for Inferred Entity Instance: greenredman:u7|row_gen:M4|lpm_add_sub:Add0
 24. Analysis & Synthesis Messages



----------------
; Legal Notice ;
----------------
Copyright (C) 1991-2009 Altera Corporation
Your use of Altera Corporation's design tools, logic functions 
and other software and tools, and its AMPP partner logic 
functions, and any output files from any of the foregoing 
(including device programming or simulation files), and any 
associated documentation or information are expressly subject 
to the terms and conditions of the Altera Program License 
Subscription Agreement, Altera MegaCore Function License 
Agreement, or other applicable license agreement, including, 
without limitation, that your use is for the sole purpose of 
programming logic devices manufactured by Altera and sold by 
Altera or its authorized distributors.  Please refer to the 
applicable agreement for further details.



+----------------------------------------------------------------------------+
; Analysis & Synthesis Summary                                               ;
+-----------------------------+----------------------------------------------+
; Analysis & Synthesis Status ; Successful - Thu Jul 30 10:27:46 2020        ;
; Quartus II Version          ; 9.0 Build 235 06/17/2009 SP 2 SJ Web Edition ;
; Revision Name               ; lab7_2self                                   ;
; Top-level Entity Name       ; lab7_2self                                   ;
; Family                      ; FLEX10KA                                     ;
; Total logic elements        ; 236                                          ;
; Total pins                  ; 78                                           ;
; Total memory bits           ; 0                                            ;
+-----------------------------+----------------------------------------------+


+-------------------------------------------------------------------------------------------------+
; Analysis & Synthesis Settings                                                                   ;
+--------------------------------------------------------------+------------------+---------------+
; Option                                                       ; Setting          ; Default Value ;
+--------------------------------------------------------------+------------------+---------------+
; Device                                                       ; EPF10K30ATC144-3 ;               ;
; Top-level entity name                                        ; lab7_2self       ; lab7_2self    ;
; Family name                                                  ; FLEX10KA         ; Stratix II    ;
; Use Generated Physical Constraints File                      ; Off              ;               ;
; Use smart compilation                                        ; Off              ; Off           ;
; Create Debugging Nodes for IP Cores                          ; Off              ; Off           ;
; Preserve fewer node names                                    ; On               ; On            ;
; Disable OpenCore Plus hardware evaluation                    ; Off              ; Off           ;
; Verilog Version                                              ; Verilog_2001     ; Verilog_2001  ;
; VHDL Version                                                 ; VHDL93           ; VHDL93        ;
; State Machine Processing                                     ; Auto             ; Auto          ;
; Safe State Machine                                           ; Off              ; Off           ;
; Extract Verilog State Machines                               ; On               ; On            ;
; Extract VHDL State Machines                                  ; On               ; On            ;
; Ignore Verilog initial constructs                            ; Off              ; Off           ;
; Iteration limit for constant Verilog loops                   ; 5000             ; 5000          ;
; Iteration limit for non-constant Verilog loops               ; 250              ; 250           ;
; Add Pass-Through Logic to Inferred RAMs                      ; On               ; On            ;
; Parallel Synthesis                                           ; Off              ; Off           ;
; NOT Gate Push-Back                                           ; On               ; On            ;
; Power-Up Don't Care                                          ; On               ; On            ;
; Remove Redundant Logic Cells                                 ; Off              ; Off           ;
; Remove Duplicate Registers                                   ; On               ; On            ;
; Ignore CARRY Buffers                                         ; Off              ; Off           ;
; Ignore CASCADE Buffers                                       ; Off              ; Off           ;
; Ignore GLOBAL Buffers                                        ; Off              ; Off           ;
; Ignore ROW GLOBAL Buffers                                    ; Off              ; Off           ;
; Ignore LCELL Buffers                                         ; Off              ; Off           ;
; Ignore SOFT Buffers                                          ; On               ; On            ;
; Limit AHDL Integers to 32 Bits                               ; Off              ; Off           ;
; Auto Implement in ROM                                        ; Off              ; Off           ;
; Optimization Technique                                       ; Area             ; Area          ;
; Carry Chain Length                                           ; 32               ; 32            ;
; Cascade Chain Length                                         ; 2                ; 2             ;
; Auto Carry Chains                                            ; On               ; On            ;
; Auto Open-Drain Pins                                         ; On               ; On            ;
; Auto ROM Replacement                                         ; On               ; On            ;
; Auto RAM Replacement                                         ; On               ; On            ;
; Auto Clock Enable Replacement                                ; On               ; On            ;
; Strict RAM Replacement                                       ; Off              ; Off           ;
; Auto Resource Sharing                                        ; Off              ; Off           ;
; Allow Any RAM Size For Recognition                           ; Off              ; Off           ;
; Allow Any ROM Size For Recognition                           ; Off              ; Off           ;
; Use LogicLock Constraints during Resource Balancing          ; On               ; On            ;
; Ignore translate_off and synthesis_off directives            ; Off              ; Off           ;
; Show Parameter Settings Tables in Synthesis Report           ; On               ; On            ;
; HDL message level                                            ; Level2           ; Level2        ;
; Suppress Register Optimization Related Messages              ; Off              ; Off           ;
; Number of Removed Registers Reported in Synthesis Report     ; 100              ; 100           ;
; Number of Inverted Registers Reported in Synthesis Report    ; 100              ; 100           ;
; Block Design Naming                                          ; Auto             ; Auto          ;
; Synthesis Effort                                             ; Auto             ; Auto          ;
; Shift Register Replacement - Allow Asynchronous Clear Signal ; On               ; On            ;
; Analysis & Synthesis Message Level                           ; Medium           ; Medium        ;
+--------------------------------------------------------------+------------------+---------------+


+-------------------------------------------------------------------------------------------------------------------------------------------------------+
; Analysis & Synthesis Source Files Read                                                                                                                ;
+----------------------------------+-----------------+------------------------+-------------------------------------------------------------------------+
; File Name with User-Entered Path ; Used in Netlist ; File Type              ; File Name with Absolute Path                                            ;
+----------------------------------+-----------------+------------------------+-------------------------------------------------------------------------+
; lab7_2self.v                     ; yes             ; User Verilog HDL File  ; C:/altera/90sp2/quartus/lab7/lab7_2self/qts/lab7_2self.v                ;
; lpm_counter.tdf                  ; yes             ; Megafunction           ; c:/altera/90sp2/quartus/libraries/megafunctions/lpm_counter.tdf         ;
; lpm_constant.inc                 ; yes             ; Megafunction           ; c:/altera/90sp2/quartus/libraries/megafunctions/lpm_constant.inc        ;
; lpm_decode.inc                   ; yes             ; Megafunction           ; c:/altera/90sp2/quartus/libraries/megafunctions/lpm_decode.inc          ;
; lpm_add_sub.inc                  ; yes             ; Megafunction           ; c:/altera/90sp2/quartus/libraries/megafunctions/lpm_add_sub.inc         ;
; cmpconst.inc                     ; yes             ; Megafunction           ; c:/altera/90sp2/quartus/libraries/megafunctions/cmpconst.inc            ;
; lpm_compare.inc                  ; yes             ; Megafunction           ; c:/altera/90sp2/quartus/libraries/megafunctions/lpm_compare.inc         ;
; lpm_counter.inc                  ; yes             ; Megafunction           ; c:/altera/90sp2/quartus/libraries/megafunctions/lpm_counter.inc         ;
; dffeea.inc                       ; yes             ; Megafunction           ; c:/altera/90sp2/quartus/libraries/megafunctions/dffeea.inc              ;
; alt_synch_counter.inc            ; yes             ; Megafunction           ; c:/altera/90sp2/quartus/libraries/megafunctions/alt_synch_counter.inc   ;
; alt_synch_counter_f.inc          ; yes             ; Megafunction           ; c:/altera/90sp2/quartus/libraries/megafunctions/alt_synch_counter_f.inc ;
; alt_counter_f10ke.inc            ; yes             ; Megafunction           ; c:/altera/90sp2/quartus/libraries/megafunctions/alt_counter_f10ke.inc   ;
; alt_counter_stratix.inc          ; yes             ; Megafunction           ; c:/altera/90sp2/quartus/libraries/megafunctions/alt_counter_stratix.inc ;
; aglobal90.inc                    ; yes             ; Megafunction           ; c:/altera/90sp2/quartus/libraries/megafunctions/aglobal90.inc           ;
; alt_counter_f10ke.tdf            ; yes             ; Megafunction           ; c:/altera/90sp2/quartus/libraries/megafunctions/alt_counter_f10ke.tdf   ;
; flex10ke_lcell.inc               ; yes             ; Megafunction           ; c:/altera/90sp2/quartus/libraries/megafunctions/flex10ke_lcell.inc      ;
; lpm_add_sub.tdf                  ; yes             ; Megafunction           ; c:/altera/90sp2/quartus/libraries/megafunctions/lpm_add_sub.tdf         ;
; addcore.inc                      ; yes             ; Megafunction           ; c:/altera/90sp2/quartus/libraries/megafunctions/addcore.inc             ;
; look_add.inc                     ; yes             ; Megafunction           ; c:/altera/90sp2/quartus/libraries/megafunctions/look_add.inc            ;
; bypassff.inc                     ; yes             ; Megafunction           ; c:/altera/90sp2/quartus/libraries/megafunctions/bypassff.inc            ;
; altshift.inc                     ; yes             ; Megafunction           ; c:/altera/90sp2/quartus/libraries/megafunctions/altshift.inc            ;
; alt_stratix_add_sub.inc          ; yes             ; Megafunction           ; c:/altera/90sp2/quartus/libraries/megafunctions/alt_stratix_add_sub.inc ;
; alt_mercury_add_sub.inc          ; yes             ; Megafunction           ; c:/altera/90sp2/quartus/libraries/megafunctions/alt_mercury_add_sub.inc ;
; addcore.tdf                      ; yes             ; Megafunction           ; c:/altera/90sp2/quartus/libraries/megafunctions/addcore.tdf             ;
; a_csnbuffer.inc                  ; yes             ; Megafunction           ; c:/altera/90sp2/quartus/libraries/megafunctions/a_csnbuffer.inc         ;
; a_csnbuffer.tdf                  ; yes             ; Megafunction           ; c:/altera/90sp2/quartus/libraries/megafunctions/a_csnbuffer.tdf         ;
; altshift.tdf                     ; yes             ; Megafunction           ; c:/altera/90sp2/quartus/libraries/megafunctions/altshift.tdf            ;
+----------------------------------+-----------------+------------------------+-------------------------------------------------------------------------+


+---------------------------------------------+
; Analysis & Synthesis Resource Usage Summary ;
+-----------------------------------+---------+
; Resource                          ; Usage   ;
+-----------------------------------+---------+
; Total logic elements              ; 236     ;
; Total combinational functions     ; 226     ;
;     -- Total 4-input functions    ; 118     ;
;     -- Total 3-input functions    ; 24      ;
;     -- Total 2-input functions    ; 18      ;
;     -- Total 1-input functions    ; 11      ;
;     -- Total 0-input functions    ; 55      ;
; Total registers                   ; 100     ;
; Total logic cells in carry chains ; 62      ;
; I/O pins                          ; 78      ;
; Maximum fan-out node              ; reset   ;
; Maximum fan-out                   ; 100     ;
; Total fan-out                     ; 946     ;
; Average fan-out                   ; 3.01    ;
+-----------------------------------+---------+


+------------------------------------------------------------------------------------------------------------------------------------------------------------------------------------------------------------------------------------------------------------------------------------------------+
; Analysis & Synthesis Resource Utilization by Entity                                                                                                                                                                                                                                            ;
+-------------------------------------------+-------------+--------------+-------------+------+--------------+-------------------+------------------+-----------------+------------+----------------------------------------------------------------------------------------------+--------------+
; Compilation Hierarchy Node                ; Logic Cells ; LC Registers ; Memory Bits ; Pins ; LUT-Only LCs ; Register-Only LCs ; LUT/Register LCs ; Carry Chain LCs ; Packed LCs ; Full Hierarchy Name                                                                          ; Library Name ;
+-------------------------------------------+-------------+--------------+-------------+------+--------------+-------------------+------------------+-----------------+------------+----------------------------------------------------------------------------------------------+--------------+
; |lab7_2self                               ; 236 (11)    ; 100          ; 0           ; 78   ; 136 (11)     ; 10 (0)            ; 90 (0)           ; 62 (0)          ; 0 (0)      ; |lab7_2self                                                                                  ; work         ;
;    |bcd_to_seg7_1:u6|                     ; 7 (7)       ; 0            ; 0           ; 0    ; 7 (7)        ; 0 (0)             ; 0 (0)            ; 0 (0)           ; 0 (0)      ; |lab7_2self|bcd_to_seg7_1:u6                                                                 ; work         ;
;    |control:u4|                           ; 47 (47)     ; 27           ; 0           ; 0    ; 20 (20)      ; 0 (0)             ; 27 (27)          ; 0 (0)           ; 0 (0)      ; |lab7_2self|control:u4                                                                       ; work         ;
;    |freq_div:u1|                          ; 23 (0)      ; 23           ; 0           ; 0    ; 0 (0)        ; 0 (0)             ; 23 (0)           ; 23 (0)          ; 0 (0)      ; |lab7_2self|freq_div:u1                                                                      ; work         ;
;       |lpm_counter:divider_rtl_0|         ; 23 (0)      ; 23           ; 0           ; 0    ; 0 (0)        ; 0 (0)             ; 23 (0)           ; 23 (0)          ; 0 (0)      ; |lab7_2self|freq_div:u1|lpm_counter:divider_rtl_0                                            ; work         ;
;          |alt_counter_f10ke:wysi_counter| ; 23 (23)     ; 23           ; 0           ; 0    ; 0 (0)        ; 0 (0)             ; 23 (23)          ; 23 (23)         ; 0 (0)      ; |lab7_2self|freq_div:u1|lpm_counter:divider_rtl_0|alt_counter_f10ke:wysi_counter             ; work         ;
;    |freq_div:u2|                          ; 15 (0)      ; 15           ; 0           ; 0    ; 0 (0)        ; 0 (0)             ; 15 (0)           ; 15 (0)          ; 0 (0)      ; |lab7_2self|freq_div:u2                                                                      ; work         ;
;       |lpm_counter:divider_rtl_1|         ; 15 (0)      ; 15           ; 0           ; 0    ; 0 (0)        ; 0 (0)             ; 15 (0)           ; 15 (0)          ; 0 (0)      ; |lab7_2self|freq_div:u2|lpm_counter:divider_rtl_1                                            ; work         ;
;          |alt_counter_f10ke:wysi_counter| ; 15 (15)     ; 15           ; 0           ; 0    ; 0 (0)        ; 0 (0)             ; 15 (15)          ; 15 (15)         ; 0 (0)      ; |lab7_2self|freq_div:u2|lpm_counter:divider_rtl_1|alt_counter_f10ke:wysi_counter             ; work         ;
;    |freq_div:u3|                          ; 17 (0)      ; 17           ; 0           ; 0    ; 0 (0)        ; 0 (0)             ; 17 (0)           ; 17 (0)          ; 0 (0)      ; |lab7_2self|freq_div:u3                                                                      ; work         ;
;       |lpm_counter:divider_rtl_2|         ; 17 (0)      ; 17           ; 0           ; 0    ; 0 (0)        ; 0 (0)             ; 17 (0)           ; 17 (0)          ; 0 (0)      ; |lab7_2self|freq_div:u3|lpm_counter:divider_rtl_2                                            ; work         ;
;          |alt_counter_f10ke:wysi_counter| ; 17 (17)     ; 17           ; 0           ; 0    ; 0 (0)        ; 0 (0)             ; 17 (17)          ; 17 (17)         ; 0 (0)      ; |lab7_2self|freq_div:u3|lpm_counter:divider_rtl_2|alt_counter_f10ke:wysi_counter             ; work         ;
;    |greenredman:u7|                       ; 113 (17)    ; 15           ; 0           ; 0    ; 98 (17)      ; 10 (0)            ; 5 (0)            ; 7 (0)           ; 0 (0)      ; |lab7_2self|greenredman:u7                                                                   ; work         ;
;       |rom_char:M5|                       ; 71 (71)     ; 0            ; 0           ; 0    ; 71 (71)      ; 0 (0)             ; 0 (0)            ; 0 (0)           ; 0 (0)      ; |lab7_2self|greenredman:u7|rom_char:M5                                                       ; work         ;
;       |row_gen:M4|                        ; 25 (19)     ; 15           ; 0           ; 0    ; 10 (4)       ; 10 (10)           ; 5 (5)            ; 7 (1)           ; 0 (0)      ; |lab7_2self|greenredman:u7|row_gen:M4                                                        ; work         ;
;          |lpm_add_sub:Add0|               ; 6 (0)       ; 0            ; 0           ; 0    ; 6 (0)        ; 0 (0)             ; 0 (0)            ; 6 (0)           ; 0 (0)      ; |lab7_2self|greenredman:u7|row_gen:M4|lpm_add_sub:Add0                                       ; work         ;
;             |addcore:adder|               ; 6 (1)       ; 0            ; 0           ; 0    ; 6 (1)        ; 0 (0)             ; 0 (0)            ; 6 (1)           ; 0 (0)      ; |lab7_2self|greenredman:u7|row_gen:M4|lpm_add_sub:Add0|addcore:adder                         ; work         ;
;                |a_csnbuffer:result_node|  ; 5 (5)       ; 0            ; 0           ; 0    ; 5 (5)        ; 0 (0)             ; 0 (0)            ; 5 (5)           ; 0 (0)      ; |lab7_2self|greenredman:u7|row_gen:M4|lpm_add_sub:Add0|addcore:adder|a_csnbuffer:result_node ; work         ;
;    |seg7_select:u5|                       ; 3 (3)       ; 3            ; 0           ; 0    ; 0 (0)        ; 0 (0)             ; 3 (3)            ; 0 (0)           ; 0 (0)      ; |lab7_2self|seg7_select:u5                                                                   ; work         ;
+-------------------------------------------+-------------+--------------+-------------+------+--------------+-------------------+------------------+-----------------+------------+----------------------------------------------------------------------------------------------+--------------+
Note: For table entries with two numbers listed, the numbers in parentheses indicate the number of resources of the given type used by the specific entity alone. The numbers listed outside of parentheses indicate the total resources of the given type used by the specific entity and all of its sub-entities in the hierarchy.


Encoding Type:  One-Hot
+-------------------------------------------------------------------------------------------------------------------------------------+
; State Machine - |lab7_2self|control:u4|traffic_state                                                                                ;
+----------------------------+---------------------+-------------------------+----------------------------+---------------------------+
; Name                       ; traffic_state.NIGHT ; traffic_state.RED_LIGHT ; traffic_state.YELLOW_LIGHT ; traffic_state.GREEN_LIGHT ;
+----------------------------+---------------------+-------------------------+----------------------------+---------------------------+
; traffic_state.GREEN_LIGHT  ; 0                   ; 0                       ; 0                          ; 0                         ;
; traffic_state.YELLOW_LIGHT ; 0                   ; 0                       ; 1                          ; 1                         ;
; traffic_state.RED_LIGHT    ; 0                   ; 1                       ; 0                          ; 1                         ;
; traffic_state.NIGHT        ; 1                   ; 0                       ; 0                          ; 1                         ;
+----------------------------+---------------------+-------------------------+----------------------------+---------------------------+


+------------------------------------------------------------+
; Registers Removed During Synthesis                         ;
+---------------------------------------+--------------------+
; Register name                         ; Reason for Removal ;
+---------------------------------------+--------------------+
; control:u4|traffic_state~10           ; Lost fanout        ;
; control:u4|traffic_state~11           ; Lost fanout        ;
; Total Number of Removed Registers = 2 ;                    ;
+---------------------------------------+--------------------+


+------------------------------------------------------+
; General Register Statistics                          ;
+----------------------------------------------+-------+
; Statistic                                    ; Value ;
+----------------------------------------------+-------+
; Total registers                              ; 100   ;
; Number of registers using Synchronous Clear  ; 0     ;
; Number of registers using Synchronous Load   ; 0     ;
; Number of registers using Asynchronous Clear ; 100   ;
; Number of registers using Asynchronous Load  ; 0     ;
; Number of registers using Clock Enable       ; 9     ;
; Number of registers using Preset             ; 0     ;
+----------------------------------------------+-------+


+---------------------------------------------------+
; Inverted Register Statistics                      ;
+-----------------------------------------+---------+
; Inverted Register                       ; Fan out ;
+-----------------------------------------+---------+
; control:u4|NS_lights[0]                 ; 2       ;
; control:u4|EW_lights[2]                 ; 2       ;
; seg7_select:u5|seg7_sel[0]              ; 14      ;
; seg7_select:u5|seg7_sel[2]              ; 11      ;
; greenredman:u7|row_gen:M4|row[7]        ; 2       ;
; control:u4|EW_side                      ; 7       ;
; control:u4|timer1reg[0]                 ; 8       ;
; control:u4|timer1reg[1]                 ; 8       ;
; control:u4|timer0reg[0]                 ; 7       ;
; control:u4|timer3reg[0]                 ; 5       ;
; control:u4|timer3reg[1]                 ; 5       ;
; control:u4|timer2reg[0]                 ; 6       ;
; control:u4|timer_clr                    ; 6       ;
; control:u4|timer_clr2                   ; 4       ;
; Total number of inverted registers = 14 ;         ;
+-----------------------------------------+---------+


+--------------------------------------------------------------+
; Source assignments for freq_div:u1|lpm_counter:divider_rtl_0 ;
+---------------------------+-------+------+-------------------+
; Assignment                ; Value ; From ; To                ;
+---------------------------+-------+------+-------------------+
; SUPPRESS_DA_RULE_INTERNAL ; a101  ; -    ; -                 ;
; SUPPRESS_DA_RULE_INTERNAL ; s102  ; -    ; -                 ;
; SUPPRESS_DA_RULE_INTERNAL ; s103  ; -    ; -                 ;
+---------------------------+-------+------+-------------------+


+--------------------------------------------------------------+
; Source assignments for freq_div:u2|lpm_counter:divider_rtl_1 ;
+---------------------------+-------+------+-------------------+
; Assignment                ; Value ; From ; To                ;
+---------------------------+-------+------+-------------------+
; SUPPRESS_DA_RULE_INTERNAL ; a101  ; -    ; -                 ;
; SUPPRESS_DA_RULE_INTERNAL ; s102  ; -    ; -                 ;
; SUPPRESS_DA_RULE_INTERNAL ; s103  ; -    ; -                 ;
+---------------------------+-------+------+-------------------+


+--------------------------------------------------------------+
; Source assignments for freq_div:u3|lpm_counter:divider_rtl_2 ;
+---------------------------+-------+------+-------------------+
; Assignment                ; Value ; From ; To                ;
+---------------------------+-------+------+-------------------+
; SUPPRESS_DA_RULE_INTERNAL ; a101  ; -    ; -                 ;
; SUPPRESS_DA_RULE_INTERNAL ; s102  ; -    ; -                 ;
; SUPPRESS_DA_RULE_INTERNAL ; s103  ; -    ; -                 ;
+---------------------------+-------+------+-------------------+


+---------------------------------------------------------------------------------+
; Source assignments for greenredman:u7|row_gen:M4|lpm_add_sub:Add0|addcore:adder ;
+---------------------------+-------+------+--------------------------------------+
; Assignment                ; Value ; From ; To                                   ;
+---------------------------+-------+------+--------------------------------------+
; SUPPRESS_DA_RULE_INTERNAL ; A103  ; -    ; -                                    ;
+---------------------------+-------+------+--------------------------------------+


+----------------------------------------------------------+
; Parameter Settings for User Entity Instance: freq_div:u1 ;
+----------------+-------+---------------------------------+
; Parameter Name ; Value ; Type                            ;
+----------------+-------+---------------------------------+
; exp            ; 23    ; Signed Integer                  ;
+----------------+-------+---------------------------------+
Note: In order to hide this table in the UI and the text report file, please set the "Show Parameter Settings Tables in Synthesis Report" option in "Analysis and Synthesis Settings -> More Settings" to "Off".


+----------------------------------------------------------+
; Parameter Settings for User Entity Instance: freq_div:u2 ;
+----------------+-------+---------------------------------+
; Parameter Name ; Value ; Type                            ;
+----------------+-------+---------------------------------+
; exp            ; 15    ; Signed Integer                  ;
+----------------+-------+---------------------------------+
Note: In order to hide this table in the UI and the text report file, please set the "Show Parameter Settings Tables in Synthesis Report" option in "Analysis and Synthesis Settings -> More Settings" to "Off".


+----------------------------------------------------------+
; Parameter Settings for User Entity Instance: freq_div:u3 ;
+----------------+-------+---------------------------------+
; Parameter Name ; Value ; Type                            ;
+----------------+-------+---------------------------------+
; exp            ; 17    ; Signed Integer                  ;
+----------------+-------+---------------------------------+
Note: In order to hide this table in the UI and the text report file, please set the "Show Parameter Settings Tables in Synthesis Report" option in "Analysis and Synthesis Settings -> More Settings" to "Off".


+---------------------------------------------------------+
; Parameter Settings for User Entity Instance: control:u4 ;
+----------------+--------+-------------------------------+
; Parameter Name ; Value  ; Type                          ;
+----------------+--------+-------------------------------+
; GREEN_LIGHT    ; 00     ; Unsigned Binary               ;
; YELLOW_LIGHT   ; 01     ; Unsigned Binary               ;
; RED_LIGHT      ; 10     ; Unsigned Binary               ;
; NIGHT          ; 11     ; Unsigned Binary               ;
; GREEN_COUNT    ; 100010 ; Unsigned Binary               ;
; YELLOW_COUNT   ; 000101 ; Unsigned Binary               ;
; RED_COUNT      ; 100101 ; Unsigned Binary               ;
; NIGHT_COUNT    ; 000110 ; Unsigned Binary               ;
+----------------+--------+-------------------------------+
Note: In order to hide this table in the UI and the text report file, please set the "Show Parameter Settings Tables in Synthesis Report" option in "Analysis and Synthesis Settings -> More Settings" to "Off".


+-------------------------------------------------------------+
; Parameter Settings for User Entity Instance: seg7_select:u5 ;
+----------------+-------+------------------------------------+
; Parameter Name ; Value ; Type                               ;
+----------------+-------+------------------------------------+
; num_use        ; 4     ; Signed Integer                     ;
+----------------+-------+------------------------------------+
Note: In order to hide this table in the UI and the text report file, please set the "Show Parameter Settings Tables in Synthesis Report" option in "Analysis and Synthesis Settings -> More Settings" to "Off".


+----------------------------------------------------------------------------------------+
; Parameter Settings for Inferred Entity Instance: freq_div:u1|lpm_counter:divider_rtl_0 ;
+------------------------+-------------------+-------------------------------------------+
; Parameter Name         ; Value             ; Type                                      ;
+------------------------+-------------------+-------------------------------------------+
; AUTO_CARRY_CHAINS      ; ON                ; AUTO_CARRY                                ;
; IGNORE_CARRY_BUFFERS   ; OFF               ; IGNORE_CARRY                              ;
; AUTO_CASCADE_CHAINS    ; ON                ; AUTO_CASCADE                              ;
; IGNORE_CASCADE_BUFFERS ; OFF               ; IGNORE_CASCADE                            ;
; LPM_WIDTH              ; 23                ; Untyped                                   ;
; LPM_DIRECTION          ; UP                ; Untyped                                   ;
; LPM_MODULUS            ; 0                 ; Untyped                                   ;
; LPM_AVALUE             ; UNUSED            ; Untyped                                   ;
; LPM_SVALUE             ; UNUSED            ; Untyped                                   ;
; LPM_PORT_UPDOWN        ; PORT_CONNECTIVITY ; Untyped                                   ;
; DEVICE_FAMILY          ; FLEX10KA          ; Untyped                                   ;
; CARRY_CHAIN            ; MANUAL            ; Untyped                                   ;
; CARRY_CHAIN_LENGTH     ; 48                ; CARRY_CHAIN_LENGTH                        ;
; NOT_GATE_PUSH_BACK     ; ON                ; NOT_GATE_PUSH_BACK                        ;
; CARRY_CNT_EN           ; SMART             ; Untyped                                   ;
; LABWIDE_SCLR           ; ON                ; Untyped                                   ;
; USE_NEW_VERSION        ; TRUE              ; Untyped                                   ;
; CBXI_PARAMETER         ; NOTHING           ; Untyped                                   ;
+------------------------+-------------------+-------------------------------------------+
Note: In order to hide this table in the UI and the text report file, please set the "Show Parameter Settings Tables in Synthesis Report" option in "Analysis and Synthesis Settings -> More Settings" to "Off".


+----------------------------------------------------------------------------------------+
; Parameter Settings for Inferred Entity Instance: freq_div:u2|lpm_counter:divider_rtl_1 ;
+------------------------+-------------------+-------------------------------------------+
; Parameter Name         ; Value             ; Type                                      ;
+------------------------+-------------------+-------------------------------------------+
; AUTO_CARRY_CHAINS      ; ON                ; AUTO_CARRY                                ;
; IGNORE_CARRY_BUFFERS   ; OFF               ; IGNORE_CARRY                              ;
; AUTO_CASCADE_CHAINS    ; ON                ; AUTO_CASCADE                              ;
; IGNORE_CASCADE_BUFFERS ; OFF               ; IGNORE_CASCADE                            ;
; LPM_WIDTH              ; 15                ; Untyped                                   ;
; LPM_DIRECTION          ; UP                ; Untyped                                   ;
; LPM_MODULUS            ; 0                 ; Untyped                                   ;
; LPM_AVALUE             ; UNUSED            ; Untyped                                   ;
; LPM_SVALUE             ; UNUSED            ; Untyped                                   ;
; LPM_PORT_UPDOWN        ; PORT_CONNECTIVITY ; Untyped                                   ;
; DEVICE_FAMILY          ; FLEX10KA          ; Untyped                                   ;
; CARRY_CHAIN            ; MANUAL            ; Untyped                                   ;
; CARRY_CHAIN_LENGTH     ; 48                ; CARRY_CHAIN_LENGTH                        ;
; NOT_GATE_PUSH_BACK     ; ON                ; NOT_GATE_PUSH_BACK                        ;
; CARRY_CNT_EN           ; SMART             ; Untyped                                   ;
; LABWIDE_SCLR           ; ON                ; Untyped                                   ;
; USE_NEW_VERSION        ; TRUE              ; Untyped                                   ;
; CBXI_PARAMETER         ; NOTHING           ; Untyped                                   ;
+------------------------+-------------------+-------------------------------------------+
Note: In order to hide this table in the UI and the text report file, please set the "Show Parameter Settings Tables in Synthesis Report" option in "Analysis and Synthesis Settings -> More Settings" to "Off".


+----------------------------------------------------------------------------------------+
; Parameter Settings for Inferred Entity Instance: freq_div:u3|lpm_counter:divider_rtl_2 ;
+------------------------+-------------------+-------------------------------------------+
; Parameter Name         ; Value             ; Type                                      ;
+------------------------+-------------------+-------------------------------------------+
; AUTO_CARRY_CHAINS      ; ON                ; AUTO_CARRY                                ;
; IGNORE_CARRY_BUFFERS   ; OFF               ; IGNORE_CARRY                              ;
; AUTO_CASCADE_CHAINS    ; ON                ; AUTO_CASCADE                              ;
; IGNORE_CASCADE_BUFFERS ; OFF               ; IGNORE_CASCADE                            ;
; LPM_WIDTH              ; 17                ; Untyped                                   ;
; LPM_DIRECTION          ; UP                ; Untyped                                   ;
; LPM_MODULUS            ; 0                 ; Untyped                                   ;
; LPM_AVALUE             ; UNUSED            ; Untyped                                   ;
; LPM_SVALUE             ; UNUSED            ; Untyped                                   ;
; LPM_PORT_UPDOWN        ; PORT_CONNECTIVITY ; Untyped                                   ;
; DEVICE_FAMILY          ; FLEX10KA          ; Untyped                                   ;
; CARRY_CHAIN            ; MANUAL            ; Untyped                                   ;
; CARRY_CHAIN_LENGTH     ; 48                ; CARRY_CHAIN_LENGTH                        ;
; NOT_GATE_PUSH_BACK     ; ON                ; NOT_GATE_PUSH_BACK                        ;
; CARRY_CNT_EN           ; SMART             ; Untyped                                   ;
; LABWIDE_SCLR           ; ON                ; Untyped                                   ;
; USE_NEW_VERSION        ; TRUE              ; Untyped                                   ;
; CBXI_PARAMETER         ; NOTHING           ; Untyped                                   ;
+------------------------+-------------------+-------------------------------------------+
Note: In order to hide this table in the UI and the text report file, please set the "Show Parameter Settings Tables in Synthesis Report" option in "Analysis and Synthesis Settings -> More Settings" to "Off".


+---------------------------------------------------------------------------------------------+
; Parameter Settings for Inferred Entity Instance: greenredman:u7|row_gen:M4|lpm_add_sub:Add0 ;
+------------------------+-------------+------------------------------------------------------+
; Parameter Name         ; Value       ; Type                                                 ;
+------------------------+-------------+------------------------------------------------------+
; LPM_WIDTH              ; 7           ; Untyped                                              ;
; LPM_REPRESENTATION     ; UNSIGNED    ; Untyped                                              ;
; LPM_DIRECTION          ; ADD         ; Untyped                                              ;
; ONE_INPUT_IS_CONSTANT  ; YES         ; Untyped                                              ;
; LPM_PIPELINE           ; 0           ; Untyped                                              ;
; MAXIMIZE_SPEED         ; 5           ; Untyped                                              ;
; REGISTERED_AT_END      ; 0           ; Untyped                                              ;
; OPTIMIZE_FOR_SPEED     ; 1           ; Untyped                                              ;
; USE_CS_BUFFERS         ; 1           ; Untyped                                              ;
; CARRY_CHAIN            ; MANUAL      ; Untyped                                              ;
; CARRY_CHAIN_LENGTH     ; 48          ; CARRY_CHAIN_LENGTH                                   ;
; DEVICE_FAMILY          ; FLEX10KA    ; Untyped                                              ;
; USE_WYS                ; OFF         ; Untyped                                              ;
; STYLE                  ; FAST        ; Untyped                                              ;
; CBXI_PARAMETER         ; add_sub_mqh ; Untyped                                              ;
; AUTO_CARRY_CHAINS      ; ON          ; AUTO_CARRY                                           ;
; IGNORE_CARRY_BUFFERS   ; OFF         ; IGNORE_CARRY                                         ;
; AUTO_CASCADE_CHAINS    ; ON          ; AUTO_CASCADE                                         ;
; IGNORE_CASCADE_BUFFERS ; OFF         ; IGNORE_CASCADE                                       ;
+------------------------+-------------+------------------------------------------------------+
Note: In order to hide this table in the UI and the text report file, please set the "Show Parameter Settings Tables in Synthesis Report" option in "Analysis and Synthesis Settings -> More Settings" to "Off".


+-------------------------------+
; Analysis & Synthesis Messages ;
+-------------------------------+
Info: *******************************************************************
Info: Running Quartus II Analysis & Synthesis
    Info: Version 9.0 Build 235 06/17/2009 Service Pack 2 SJ Web Edition
    Info: Processing started: Thu Jul 30 10:27:41 2020
Info: Command: quartus_map --read_settings_files=on --write_settings_files=off lab7_2self -c lab7_2self
Info: Found 8 design units, including 8 entities, in source file lab7_2self.v
    Info: Found entity 1: lab7_2self
    Info: Found entity 2: control
    Info: Found entity 3: freq_div
    Info: Found entity 4: bcd_to_seg7_1
    Info: Found entity 5: seg7_select
    Info: Found entity 6: greenredman
    Info: Found entity 7: rom_char
    Info: Found entity 8: row_gen
Info: Elaborating entity "lab7_2self" for the top level hierarchy
Info: Elaborating entity "freq_div" for hierarchy "freq_div:u1"
Warning (10240): Verilog HDL Always Construct warning at lab7_2self.v(300): inferring latch(es) for variable "i", which holds its previous value in one or more paths through the always construct
Info: Elaborating entity "freq_div" for hierarchy "freq_div:u2"
Warning (10240): Verilog HDL Always Construct warning at lab7_2self.v(300): inferring latch(es) for variable "i", which holds its previous value in one or more paths through the always construct
Info: Elaborating entity "freq_div" for hierarchy "freq_div:u3"
Warning (10240): Verilog HDL Always Construct warning at lab7_2self.v(300): inferring latch(es) for variable "i", which holds its previous value in one or more paths through the always construct
Info: Elaborating entity "control" for hierarchy "control:u4"
Info: Elaborating entity "seg7_select" for hierarchy "seg7_select:u5"
Info: Elaborating entity "bcd_to_seg7_1" for hierarchy "bcd_to_seg7_1:u6"
Info: Elaborating entity "greenredman" for hierarchy "greenredman:u7"
Info: Elaborating entity "row_gen" for hierarchy "greenredman:u7|row_gen:M4"
Info: Elaborating entity "rom_char" for hierarchy "greenredman:u7|rom_char:M5"
Info: Inferred 3 megafunctions from design logic
    Info: Inferred lpm_counter megafunction (LPM_WIDTH=23) from the following logic: "freq_div:u1|divider[0]~0"
    Info: Inferred lpm_counter megafunction (LPM_WIDTH=15) from the following logic: "freq_div:u2|divider[0]~0"
    Info: Inferred lpm_counter megafunction (LPM_WIDTH=17) from the following logic: "freq_div:u3|divider[0]~0"
Info: Inferred 1 megafunctions from design logic
    Info: Inferred adder/subtractor megafunction ("lpm_add_sub") from the following logic: "greenredman:u7|row_gen:M4|Add0"
Info: Elaborated megafunction instantiation "freq_div:u1|lpm_counter:divider_rtl_0"
Info: Instantiated megafunction "freq_div:u1|lpm_counter:divider_rtl_0" with the following parameter:
    Info: Parameter "LPM_WIDTH" = "23"
    Info: Parameter "LPM_DIRECTION" = "UP"
    Info: Parameter "LPM_TYPE" = "LPM_COUNTER"
Info: Elaborated megafunction instantiation "freq_div:u1|lpm_counter:divider_rtl_0|alt_counter_f10ke:wysi_counter", which is child of megafunction instantiation "freq_div:u1|lpm_counter:divider_rtl_0"
Info: Elaborated megafunction instantiation "freq_div:u2|lpm_counter:divider_rtl_1"
Info: Instantiated megafunction "freq_div:u2|lpm_counter:divider_rtl_1" with the following parameter:
    Info: Parameter "LPM_WIDTH" = "15"
    Info: Parameter "LPM_DIRECTION" = "UP"
    Info: Parameter "LPM_TYPE" = "LPM_COUNTER"
Info: Elaborated megafunction instantiation "freq_div:u2|lpm_counter:divider_rtl_1|alt_counter_f10ke:wysi_counter", which is child of megafunction instantiation "freq_div:u2|lpm_counter:divider_rtl_1"
Info: Elaborated megafunction instantiation "freq_div:u3|lpm_counter:divider_rtl_2"
Info: Instantiated megafunction "freq_div:u3|lpm_counter:divider_rtl_2" with the following parameter:
    Info: Parameter "LPM_WIDTH" = "17"
    Info: Parameter "LPM_DIRECTION" = "UP"
    Info: Parameter "LPM_TYPE" = "LPM_COUNTER"
Info: Elaborated megafunction instantiation "freq_div:u3|lpm_counter:divider_rtl_2|alt_counter_f10ke:wysi_counter", which is child of megafunction instantiation "freq_div:u3|lpm_counter:divider_rtl_2"
Info: Elaborated megafunction instantiation "greenredman:u7|row_gen:M4|lpm_add_sub:Add0"
Info: Instantiated megafunction "greenredman:u7|row_gen:M4|lpm_add_sub:Add0" with the following parameter:
    Info: Parameter "LPM_WIDTH" = "7"
    Info: Parameter "LPM_DIRECTION" = "ADD"
    Info: Parameter "LPM_REPRESENTATION" = "UNSIGNED"
    Info: Parameter "ONE_INPUT_IS_CONSTANT" = "YES"
Info: Elaborated megafunction instantiation "greenredman:u7|row_gen:M4|lpm_add_sub:Add0|addcore:adder", which is child of megafunction instantiation "greenredman:u7|row_gen:M4|lpm_add_sub:Add0"
Info: Elaborated megafunction instantiation "greenredman:u7|row_gen:M4|lpm_add_sub:Add0|addcore:adder|a_csnbuffer:oflow_node", which is child of megafunction instantiation "greenredman:u7|row_gen:M4|lpm_add_sub:Add0"
Info: Elaborated megafunction instantiation "greenredman:u7|row_gen:M4|lpm_add_sub:Add0|addcore:adder|a_csnbuffer:result_node", which is child of megafunction instantiation "greenredman:u7|row_gen:M4|lpm_add_sub:Add0"
Info: Elaborated megafunction instantiation "greenredman:u7|row_gen:M4|lpm_add_sub:Add0|altshift:result_ext_latency_ffs", which is child of megafunction instantiation "greenredman:u7|row_gen:M4|lpm_add_sub:Add0"
Info: Elaborated megafunction instantiation "greenredman:u7|row_gen:M4|lpm_add_sub:Add0|altshift:carry_ext_latency_ffs", which is child of megafunction instantiation "greenredman:u7|row_gen:M4|lpm_add_sub:Add0"
Warning: Output pins are stuck at VCC or GND
    Warning (13410): Pin "led_com" is stuck at VCC
    Warning (13410): Pin "ggled" is stuck at GND
Info: Registers with preset signals will power-up high
Info: 2 registers lost all their fanouts during netlist optimizations. The first 2 are displayed below.
    Info: Register "control:u4|traffic_state~10" lost all its fanouts during netlist optimizations.
    Info: Register "control:u4|traffic_state~11" lost all its fanouts during netlist optimizations.
Warning: Design contains 1 input pin(s) that do not drive logic
    Warning (15610): No output dependent on input pin "enable"
Info: Implemented 314 device resources after synthesis - the final resource count might be different
    Info: Implemented 4 input pins
    Info: Implemented 74 output pins
    Info: Implemented 236 logic cells
Info: Quartus II Analysis & Synthesis was successful. 0 errors, 8 warnings
    Info: Peak virtual memory: 238 megabytes
    Info: Processing ended: Thu Jul 30 10:27:46 2020
    Info: Elapsed time: 00:00:05
    Info: Total CPU time (on all processors): 00:00:04


