Fitter report for lab7_2
Thu Aug 13 09:53:58 2020
Quartus II Version 9.0 Build 235 06/17/2009 Service Pack 2 SJ Web Edition


---------------------
; Table of Contents ;
---------------------
  1. Legal Notice
  2. Fitter Summary
  3. Fitter Settings
  4. Parallel Compilation
  5. Fitter Device Options
  6. Input Pins
  7. Output Pins
  8. All Package Pins
  9. Control Signals
 10. Global & Other Fast Signals
 11. Carry Chains
 12. Cascade Chains
 13. Non-Global High Fan-Out Signals
 14. Peripheral Signals
 15. LAB
 16. Local Routing Interconnect
 17. LAB External Interconnect
 18. Row Interconnect
 19. LAB Column Interconnect
 20. LAB Column Interconnect
 21. Fitter Resource Usage Summary
 22. Fitter Resource Utilization by Entity
 23. Delay Chain Summary
 24. Pin-Out File
 25. Fitter Messages



----------------
; Legal Notice ;
----------------
Copyright (C) 1991-2009 Altera Corporation
Your use of Altera Corporation's design tools, logic functions 
and other software and tools, and its AMPP partner logic 
functions, and any output files from any of the foregoing 
(including device programming or simulation files), and any 
associated documentation or information are expressly subject 
to the terms and conditions of the Altera Program License 
Subscription Agreement, Altera MegaCore Function License 
Agreement, or other applicable license agreement, including, 
without limitation, that your use is for the sole purpose of 
programming logic devices manufactured by Altera and sold by 
Altera or its authorized distributors.  Please refer to the 
applicable agreement for further details.



+----------------------------------------------------------------------+
; Fitter Summary                                                       ;
+-----------------------+----------------------------------------------+
; Fitter Status         ; Successful - Thu Aug 13 09:53:58 2020        ;
; Quartus II Version    ; 9.0 Build 235 06/17/2009 SP 2 SJ Web Edition ;
; Revision Name         ; lab7_2                                       ;
; Top-level Entity Name ; lab7_2                                       ;
; Family                ; FLEX10KA                                     ;
; Device                ; EPF10K30ATC144-3                             ;
; Timing Models         ; Final                                        ;
; Total logic elements  ; 233 / 1,728 ( 13 % )                         ;
; Total pins            ; 44 / 102 ( 43 % )                            ;
; Total memory bits     ; 0 / 12,288 ( 0 % )                           ;
+-----------------------+----------------------------------------------+


+------------------------------------------------------------------------------------------------------+
; Fitter Settings                                                                                      ;
+------------------------------------------------------------+--------------------+--------------------+
; Option                                                     ; Setting            ; Default Value      ;
+------------------------------------------------------------+--------------------+--------------------+
; Device                                                     ; EPF10K30ATC144-3   ;                    ;
; Use smart compilation                                      ; Off                ; Off                ;
; Use TimeQuest Timing Analyzer                              ; Off                ; Off                ;
; Router Timing Optimization Level                           ; Normal             ; Normal             ;
; Placement Effort Multiplier                                ; 1.0                ; 1.0                ;
; Router Effort Multiplier                                   ; 1.0                ; 1.0                ;
; Optimize Timing                                            ; Normal compilation ; Normal compilation ;
; Optimize Timing for ECOs                                   ; Off                ; Off                ;
; Regenerate full fit report during ECO compiles             ; Off                ; Off                ;
; Optimize IOC Register Placement for Timing                 ; On                 ; On                 ;
; Limit to One Fitting Attempt                               ; Off                ; Off                ;
; Final Placement Optimizations                              ; Automatically      ; Automatically      ;
; Fitter Aggressive Routability Optimizations                ; Automatically      ; Automatically      ;
; Fitter Initial Placement Seed                              ; 1                  ; 1                  ;
; Slow Slew Rate                                             ; Off                ; Off                ;
; PCI I/O                                                    ; Off                ; Off                ;
; Auto Global Memory Control Signals                         ; Off                ; Off                ;
; Logic Cell Insertion - Individual Logic Cells              ; On                 ; On                 ;
; Logic Cell Insertion - I/Os Fed By Carry or Cascade Chains ; On                 ; On                 ;
; Fitter Effort                                              ; Auto Fit           ; Auto Fit           ;
; Auto Global Clock                                          ; On                 ; On                 ;
; Auto Global Output Enable                                  ; On                 ; On                 ;
; Auto Global Register Control Signals                       ; On                 ; On                 ;
; Force Fitter to Avoid Periphery Placement Warnings         ; Off                ; Off                ;
+------------------------------------------------------------+--------------------+--------------------+


Parallel compilation was disabled, but you have multiple processors available. Enable parallel compilation to reduce compilation time.
+-------------------------------------+
; Parallel Compilation                ;
+----------------------------+--------+
; Processors                 ; Number ;
+----------------------------+--------+
; Number detected on machine ; 4      ;
; Maximum allowed            ; 1      ;
+----------------------------+--------+


+-------------------------------------------------------------------------+
; Fitter Device Options                                                   ;
+----------------------------------------------+--------------------------+
; Option                                       ; Setting                  ;
+----------------------------------------------+--------------------------+
; Enable user-supplied start-up clock (CLKUSR) ; Off                      ;
; Enable device-wide reset (DEV_CLRn)          ; Off                      ;
; Enable device-wide output enable (DEV_OE)    ; Off                      ;
; Enable INIT_DONE output                      ; Off                      ;
; Configuration scheme                         ; Passive Serial           ;
; nWS, nRS, nCS, CS                            ; Unreserved               ;
; RDYnBUSY                                     ; Unreserved               ;
; Data[7..1]                                   ; Unreserved               ;
; Reserve all unused pins                      ; As output driving ground ;
; Base pin-out file on sameframe device        ; Off                      ;
+----------------------------------------------+--------------------------+


+-------------------------------------------------------------------------------------------------------------------------------------------------------------+
; Input Pins                                                                                                                                                  ;
+-----------+-------+-----+------+---------+--------+--------------+-------------------------+---------------+-----------------+---------------+--------------+
; Name      ; Pin # ; Row ; Col. ; Fan-Out ; Global ; I/O Register ; Use Local Routing Input ; Power Up High ; PCI I/O Enabled ; Single-Pin CE ; I/O Standard ;
+-----------+-------+-----+------+---------+--------+--------------+-------------------------+---------------+-----------------+---------------+--------------+
; reset     ; 124   ; --  ; --   ; 109     ; yes    ; no           ; no                      ; no            ; no              ; no            ; LVTTL/LVCMOS ;
; day_night ; 47    ; --  ; 25   ; 12      ; no     ; no           ; no                      ; no            ; no              ; no            ; LVTTL/LVCMOS ;
; clk       ; 55    ; --  ; --   ; 67      ; yes    ; no           ; no                      ; no            ; no              ; no            ; LVTTL/LVCMOS ;
+-----------+-------+-----+------+---------+--------+--------------+-------------------------+---------------+-----------------+---------------+--------------+


+---------------------------------------------------------------------------------------------------------------------------------------------------------------------------------------------------------------+
; Output Pins                                                                                                                                                                                                   ;
+-----------------+-------+-----+------+--------------+--------------------------+---------------+----------------+-----------------+---------------+---------------+------------+---------------+--------------+
; Name            ; Pin # ; Row ; Col. ; I/O Register ; Use Local Routing Output ; Power Up High ; Slow Slew Rate ; PCI I/O Enabled ; Single-Pin OE ; Single-Pin CE ; Open Drain ; TRI Primitive ; I/O Standard ;
+-----------------+-------+-----+------+--------------+--------------------------+---------------+----------------+-----------------+---------------+---------------+------------+---------------+--------------+
; light_led[0]    ; 20    ;  D  ; --   ; no           ; no                       ; no            ; no             ; no              ; no            ; no            ; no         ; no            ; LVTTL/LVCMOS ;
; light_led[1]    ; 19    ;  D  ; --   ; no           ; no                       ; no            ; no             ; no              ; no            ; no            ; no         ; no            ; LVTTL/LVCMOS ;
; light_led[2]    ; 18    ;  C  ; --   ; no           ; no                       ; no            ; no             ; no              ; no            ; no            ; no         ; no            ; LVTTL/LVCMOS ;
; light_led[3]    ; 9     ;  B  ; --   ; no           ; no                       ; no            ; no             ; no              ; no            ; no            ; no         ; no            ; LVTTL/LVCMOS ;
; light_led[4]    ; 8     ;  A  ; --   ; no           ; no                       ; no            ; no             ; no              ; no            ; no            ; no         ; no            ; LVTTL/LVCMOS ;
; light_led[5]    ; 7     ;  A  ; --   ; no           ; no                       ; no            ; no             ; no              ; no            ; no            ; no         ; no            ; LVTTL/LVCMOS ;
; seg7[0]         ; 31    ;  F  ; --   ; no           ; no                       ; no            ; no             ; no              ; no            ; no            ; no         ; no            ; LVTTL/LVCMOS ;
; seg7[1]         ; 30    ;  F  ; --   ; no           ; no                       ; no            ; no             ; no              ; no            ; no            ; no         ; no            ; LVTTL/LVCMOS ;
; seg7[2]         ; 29    ;  E  ; --   ; no           ; no                       ; no            ; no             ; no              ; no            ; no            ; no         ; no            ; LVTTL/LVCMOS ;
; seg7[3]         ; 28    ;  E  ; --   ; no           ; no                       ; no            ; no             ; no              ; no            ; no            ; no         ; no            ; LVTTL/LVCMOS ;
; seg7[4]         ; 27    ;  E  ; --   ; no           ; no                       ; no            ; no             ; no              ; no            ; no            ; no         ; no            ; LVTTL/LVCMOS ;
; seg7[5]         ; 26    ;  E  ; --   ; no           ; no                       ; no            ; no             ; no              ; no            ; no            ; no         ; no            ; LVTTL/LVCMOS ;
; seg7[6]         ; 23    ;  D  ; --   ; no           ; no                       ; no            ; no             ; no              ; no            ; no            ; no         ; no            ; LVTTL/LVCMOS ;
; seg7_sel[0]     ; 33    ;  F  ; --   ; no           ; no                       ; no            ; no             ; no              ; no            ; no            ; no         ; no            ; LVTTL/LVCMOS ;
; seg7_sel[1]     ; 36    ; --  ; 36   ; no           ; no                       ; no            ; no             ; no              ; no            ; no            ; no         ; no            ; LVTTL/LVCMOS ;
; seg7_sel[2]     ; 37    ; --  ; 35   ; no           ; no                       ; no            ; no             ; no              ; no            ; no            ; no         ; no            ; LVTTL/LVCMOS ;
; row[0]          ; 97    ;  C  ; --   ; no           ; no                       ; no            ; no             ; no              ; no            ; no            ; no         ; no            ; LVTTL/LVCMOS ;
; row[1]          ; 96    ;  C  ; --   ; no           ; no                       ; no            ; no             ; no              ; no            ; no            ; no         ; no            ; LVTTL/LVCMOS ;
; row[2]          ; 95    ;  C  ; --   ; no           ; no                       ; no            ; no             ; no              ; no            ; no            ; no         ; no            ; LVTTL/LVCMOS ;
; row[3]          ; 92    ;  D  ; --   ; no           ; no                       ; no            ; no             ; no              ; no            ; no            ; no         ; no            ; LVTTL/LVCMOS ;
; row[4]          ; 91    ;  D  ; --   ; no           ; no                       ; no            ; no             ; no              ; no            ; no            ; no         ; no            ; LVTTL/LVCMOS ;
; row[5]          ; 90    ;  D  ; --   ; no           ; no                       ; no            ; no             ; no              ; no            ; no            ; no         ; no            ; LVTTL/LVCMOS ;
; row[6]          ; 89    ;  D  ; --   ; no           ; no                       ; no            ; no             ; no              ; no            ; no            ; no         ; no            ; LVTTL/LVCMOS ;
; row[7]          ; 88    ;  D  ; --   ; no           ; no                       ; no            ; no             ; no              ; no            ; no            ; no         ; no            ; LVTTL/LVCMOS ;
; column_green[1] ; 119   ; --  ; 13   ; no           ; no                       ; no            ; no             ; no              ; no            ; no            ; no         ; no            ; LVTTL/LVCMOS ;
; column_green[2] ; 118   ; --  ; 9    ; no           ; no                       ; no            ; no             ; no              ; no            ; no            ; no         ; no            ; LVTTL/LVCMOS ;
; column_green[3] ; 117   ; --  ; 8    ; no           ; no                       ; no            ; no             ; no              ; no            ; no            ; no         ; no            ; LVTTL/LVCMOS ;
; column_green[4] ; 116   ; --  ; 7    ; no           ; no                       ; no            ; no             ; no              ; no            ; no            ; no         ; no            ; LVTTL/LVCMOS ;
; column_green[5] ; 114   ; --  ; 6    ; no           ; no                       ; no            ; no             ; no              ; no            ; no            ; no         ; no            ; LVTTL/LVCMOS ;
; column_green[6] ; 113   ; --  ; 5    ; no           ; no                       ; no            ; no             ; no              ; no            ; no            ; no         ; no            ; LVTTL/LVCMOS ;
; column_green[7] ; 112   ; --  ; 4    ; no           ; no                       ; no            ; no             ; no              ; no            ; no            ; no         ; no            ; LVTTL/LVCMOS ;
; column_red[1]   ; 110   ; --  ; 2    ; no           ; no                       ; no            ; no             ; no              ; no            ; no            ; no         ; no            ; LVTTL/LVCMOS ;
; column_red[2]   ; 109   ; --  ; 1    ; no           ; no                       ; no            ; no             ; no              ; no            ; no            ; no         ; no            ; LVTTL/LVCMOS ;
; column_red[3]   ; 102   ;  A  ; --   ; no           ; no                       ; no            ; no             ; no              ; no            ; no            ; no         ; no            ; LVTTL/LVCMOS ;
; column_red[4]   ; 101   ;  A  ; --   ; no           ; no                       ; no            ; no             ; no              ; no            ; no            ; no         ; no            ; LVTTL/LVCMOS ;
; column_red[5]   ; 100   ;  A  ; --   ; no           ; no                       ; no            ; no             ; no              ; no            ; no            ; no         ; no            ; LVTTL/LVCMOS ;
; column_red[6]   ; 99    ;  B  ; --   ; no           ; no                       ; no            ; no             ; no              ; no            ; no            ; no         ; no            ; LVTTL/LVCMOS ;
; column_red[7]   ; 98    ;  B  ; --   ; no           ; no                       ; no            ; no             ; no              ; no            ; no            ; no         ; no            ; LVTTL/LVCMOS ;
; led_com         ; 141   ; --  ; 33   ; no           ; no                       ; no            ; no             ; no              ; no            ; no            ; no         ; no            ; LVTTL/LVCMOS ;
; column_green[0] ; 120   ; --  ; 14   ; no           ; no                       ; no            ; no             ; no              ; no            ; no            ; no         ; no            ; LVTTL/LVCMOS ;
; column_red[0]   ; 111   ; --  ; 3    ; no           ; no                       ; no            ; no             ; no              ; no            ; no            ; no         ; no            ; LVTTL/LVCMOS ;
+-----------------+-------+-----+------+--------------+--------------------------+---------------+----------------+-----------------+---------------+---------------+------------+---------------+--------------+


+----------------------------------------+
; All Package Pins                       ;
+-------+-----------------+--------------+
; Pin # ; Usage           ; I/O Standard ;
+-------+-----------------+--------------+
; 1     ; #TCK            ;              ;
; 2     ; ^CONF_DONE      ;              ;
; 3     ; ^nCEO           ;              ;
; 4     ; #TDO            ;              ;
; 5     ; VCC_IO          ;              ;
; 6     ; VCC_INT         ;              ;
; 7     ; light_led[5]    ; LVTTL/LVCMOS ;
; 8     ; light_led[4]    ; LVTTL/LVCMOS ;
; 9     ; light_led[3]    ; LVTTL/LVCMOS ;
; 10    ; GND*            ;              ;
; 11    ; GND*            ;              ;
; 12    ; GND*            ;              ;
; 13    ; GND*            ;              ;
; 14    ; GND*            ;              ;
; 15    ; GND_IO          ;              ;
; 16    ; GND_INT         ;              ;
; 17    ; GND*            ;              ;
; 18    ; light_led[2]    ; LVTTL/LVCMOS ;
; 19    ; light_led[1]    ; LVTTL/LVCMOS ;
; 20    ; light_led[0]    ; LVTTL/LVCMOS ;
; 21    ; GND*            ;              ;
; 22    ; GND*            ;              ;
; 23    ; seg7[6]         ; LVTTL/LVCMOS ;
; 24    ; VCC_IO          ;              ;
; 25    ; VCC_INT         ;              ;
; 26    ; seg7[5]         ; LVTTL/LVCMOS ;
; 27    ; seg7[4]         ; LVTTL/LVCMOS ;
; 28    ; seg7[3]         ; LVTTL/LVCMOS ;
; 29    ; seg7[2]         ; LVTTL/LVCMOS ;
; 30    ; seg7[1]         ; LVTTL/LVCMOS ;
; 31    ; seg7[0]         ; LVTTL/LVCMOS ;
; 32    ; GND*            ;              ;
; 33    ; seg7_sel[0]     ; LVTTL/LVCMOS ;
; 34    ; #TMS            ;              ;
; 35    ; ^nSTATUS        ;              ;
; 36    ; seg7_sel[1]     ; LVTTL/LVCMOS ;
; 37    ; seg7_sel[2]     ; LVTTL/LVCMOS ;
; 38    ; GND*            ;              ;
; 39    ; GND*            ;              ;
; 40    ; GND_IO          ;              ;
; 41    ; GND*            ;              ;
; 42    ; GND*            ;              ;
; 43    ; GND*            ;              ;
; 44    ; GND*            ;              ;
; 45    ; VCC_IO          ;              ;
; 46    ; GND*            ;              ;
; 47    ; day_night       ; LVTTL/LVCMOS ;
; 48    ; GND*            ;              ;
; 49    ; GND*            ;              ;
; 50    ; GND_IO          ;              ;
; 51    ; GND*            ;              ;
; 52    ; VCC_INT         ;              ;
; 53    ; VCC_INT         ;              ;
; 54    ; GND+            ;              ;
; 55    ; clk             ; LVTTL/LVCMOS ;
; 56    ; GND+            ;              ;
; 57    ; GND_INT         ;              ;
; 58    ; GND_INT         ;              ;
; 59    ; GND*            ;              ;
; 60    ; GND*            ;              ;
; 61    ; VCC_IO          ;              ;
; 62    ; GND*            ;              ;
; 63    ; GND*            ;              ;
; 64    ; GND*            ;              ;
; 65    ; GND*            ;              ;
; 66    ; GND_IO          ;              ;
; 67    ; GND*            ;              ;
; 68    ; GND*            ;              ;
; 69    ; GND*            ;              ;
; 70    ; GND*            ;              ;
; 71    ; VCC_IO          ;              ;
; 72    ; GND*            ;              ;
; 73    ; GND*            ;              ;
; 74    ; ^nCONFIG        ;              ;
; 75    ; VCC_INT         ;              ;
; 76    ; ^MSEL1          ;              ;
; 77    ; ^MSEL0          ;              ;
; 78    ; GND*            ;              ;
; 79    ; GND*            ;              ;
; 80    ; GND*            ;              ;
; 81    ; GND*            ;              ;
; 82    ; GND*            ;              ;
; 83    ; GND*            ;              ;
; 84    ; GND_INT         ;              ;
; 85    ; GND_IO          ;              ;
; 86    ; GND*            ;              ;
; 87    ; GND*            ;              ;
; 88    ; row[7]          ; LVTTL/LVCMOS ;
; 89    ; row[6]          ; LVTTL/LVCMOS ;
; 90    ; row[5]          ; LVTTL/LVCMOS ;
; 91    ; row[4]          ; LVTTL/LVCMOS ;
; 92    ; row[3]          ; LVTTL/LVCMOS ;
; 93    ; VCC_INT         ;              ;
; 94    ; VCC_IO          ;              ;
; 95    ; row[2]          ; LVTTL/LVCMOS ;
; 96    ; row[1]          ; LVTTL/LVCMOS ;
; 97    ; row[0]          ; LVTTL/LVCMOS ;
; 98    ; column_red[7]   ; LVTTL/LVCMOS ;
; 99    ; column_red[6]   ; LVTTL/LVCMOS ;
; 100   ; column_red[5]   ; LVTTL/LVCMOS ;
; 101   ; column_red[4]   ; LVTTL/LVCMOS ;
; 102   ; column_red[3]   ; LVTTL/LVCMOS ;
; 103   ; GND_INT         ;              ;
; 104   ; GND_IO          ;              ;
; 105   ; #TDI            ;              ;
; 106   ; ^nCE            ;              ;
; 107   ; ^DCLK           ;              ;
; 108   ; ^DATA0          ;              ;
; 109   ; column_red[2]   ; LVTTL/LVCMOS ;
; 110   ; column_red[1]   ; LVTTL/LVCMOS ;
; 111   ; column_red[0]   ; LVTTL/LVCMOS ;
; 112   ; column_green[7] ; LVTTL/LVCMOS ;
; 113   ; column_green[6] ; LVTTL/LVCMOS ;
; 114   ; column_green[5] ; LVTTL/LVCMOS ;
; 115   ; VCC_IO          ;              ;
; 116   ; column_green[4] ; LVTTL/LVCMOS ;
; 117   ; column_green[3] ; LVTTL/LVCMOS ;
; 118   ; column_green[2] ; LVTTL/LVCMOS ;
; 119   ; column_green[1] ; LVTTL/LVCMOS ;
; 120   ; column_green[0] ; LVTTL/LVCMOS ;
; 121   ; GND*            ;              ;
; 122   ; GND*            ;              ;
; 123   ; VCC_INT         ;              ;
; 124   ; reset           ; LVTTL/LVCMOS ;
; 125   ; GND+            ;              ;
; 126   ; GND+            ;              ;
; 127   ; GND_INT         ;              ;
; 128   ; GND*            ;              ;
; 129   ; GND_IO          ;              ;
; 130   ; GND*            ;              ;
; 131   ; GND*            ;              ;
; 132   ; GND*            ;              ;
; 133   ; GND*            ;              ;
; 134   ; VCC_IO          ;              ;
; 135   ; GND*            ;              ;
; 136   ; GND*            ;              ;
; 137   ; GND*            ;              ;
; 138   ; GND*            ;              ;
; 139   ; GND_IO          ;              ;
; 140   ; GND*            ;              ;
; 141   ; led_com         ; LVTTL/LVCMOS ;
; 142   ; GND*            ;              ;
; 143   ; GND*            ;              ;
; 144   ; GND*            ;              ;
+-------+-----------------+--------------+


+-------------------------------------------------------------------------------------------------------------------------------------------------------------+
; Control Signals                                                                                                                                             ;
+-----------------------------------------------------------------------------------------------------------+---------+---------+--------------+--------------+
; Name                                                                                                      ; Pin #   ; Fan-Out ; Usage        ; Global Usage ;
+-----------------------------------------------------------------------------------------------------------+---------+---------+--------------+--------------+
; reset                                                                                                     ; 124     ; 109     ; Async. clear ; Pin          ;
; freq_div:comb_49|lpm_counter:divider_rtl_0|alt_counter_f10ke:wysi_counter|counter_cell[22]                ; LC1_E25 ; 19      ; Clock        ; Internal     ;
; freq_div:comb_50|lpm_counter:divider_rtl_1|alt_counter_f10ke:wysi_counter|counter_cell[14]                ; LC8_C32 ; 3       ; Clock        ; Non-global   ;
; greenredman:comb_52|freq_div:M2|lpm_counter:divider_rtl_2|alt_counter_f10ke:wysi_counter|counter_cell[10] ; LC6_D22 ; 15      ; Clock        ; Non-global   ;
; greenredman:comb_52|freq_div:M1|lpm_counter:divider_rtl_3|alt_counter_f10ke:wysi_counter|counter_cell[17] ; LC5_D31 ; 11      ; Clock        ; Non-global   ;
; greenredman:comb_52|idx_gen:M3|delay[0]~19                                                                ; LC2_D3  ; 7       ; Clock enable ; Non-global   ;
; day_night                                                                                                 ; 47      ; 12      ; Clock enable ; Non-global   ;
; clk                                                                                                       ; 55      ; 67      ; Clock        ; Pin          ;
+-----------------------------------------------------------------------------------------------------------+---------+---------+--------------+--------------+


+-------------------------------------------------------------------------------------------------------------------------+
; Global & Other Fast Signals                                                                                             ;
+--------------------------------------------------------------------------------------------+---------+---------+--------+
; Name                                                                                       ; Pin #   ; Fan-Out ; Global ;
+--------------------------------------------------------------------------------------------+---------+---------+--------+
; reset                                                                                      ; 124     ; 109     ; yes    ;
; freq_div:comb_49|lpm_counter:divider_rtl_0|alt_counter_f10ke:wysi_counter|counter_cell[22] ; LC1_E25 ; 19      ; yes    ;
; clk                                                                                        ; 55      ; 67      ; yes    ;
+--------------------------------------------------------------------------------------------+---------+---------+--------+


+---------------------------------------------+
; Carry Chains                                ;
+--------------------+------------------------+
; Carry Chain Length ; Number of Carry Chains ;
+--------------------+------------------------+
; 0 - 1              ; 0                      ;
; 2 - 3              ; 0                      ;
; 4 - 5              ; 0                      ;
; 6 - 7              ; 1                      ;
; 8 - 9              ; 0                      ;
; 10 - 11            ; 1                      ;
; 12 - 13            ; 0                      ;
; 14 - 15            ; 1                      ;
; 16 - 17            ; 0                      ;
; 18 - 19            ; 1                      ;
; 20 - 21            ; 0                      ;
; 22 - 23            ; 1                      ;
+--------------------+------------------------+


+----------------+
; Cascade Chains ;
+--------+-------+
; Length ; Count ;
+--------+-------+
; 2      ; 4     ;
+--------+-------+


+-----------------------------------------------------------------------------------------------------------------------+
; Non-Global High Fan-Out Signals                                                                                       ;
+-------------------------------------------------------------------------------------------------------------+---------+
; Name                                                                                                        ; Fan-Out ;
+-------------------------------------------------------------------------------------------------------------+---------+
; greenredman:comb_52|row_gen:M4|idx_cnt[5]~15                                                                ; 27      ;
; greenredman:comb_52|row_gen:M4|idx_cnt[1]~17                                                                ; 27      ;
; greenredman:comb_52|row_gen:M4|idx_cnt[0]~16                                                                ; 26      ;
; greenredman:comb_52|row_gen:M4|idx_cnt[2]~13                                                                ; 25      ;
; greenredman:comb_52|row_gen:M4|idx_cnt[3]~18                                                                ; 23      ;
; greenredman:comb_52|row_gen:M4|idx_cnt[4]~14                                                                ; 23      ;
; greenredman:comb_52|row_gen:M4|idx_cnt[6]~12                                                                ; 20      ;
; traffic:comb_51|ryg_ctl:comb_4|mode[2]~30                                                                   ; 17      ;
; traffic:comb_51|ryg_ctl:comb_4|light_mode[1]~6                                                              ; 15      ;
; greenredman:comb_52|freq_div:M2|lpm_counter:divider_rtl_2|alt_counter_f10ke:wysi_counter|counter_cell[10]~0 ; 15      ;
; traffic:comb_51|ryg_ctl:comb_4|mode[1]~28                                                                   ; 14      ;
; traffic:comb_51|ryg_ctl:comb_4|mode[0]~29                                                                   ; 14      ;
; day_night                                                                                                   ; 12      ;
; traffic:comb_51|light_cnt_dn_29:comb_5|cnt[0]~34                                                            ; 11      ;
; greenredman:comb_52|freq_div:M1|lpm_counter:divider_rtl_3|alt_counter_f10ke:wysi_counter|counter_cell[17]~0 ; 11      ;
; traffic:comb_51|light_cnt_dn_29:comb_5|cnt[1]~35                                                            ; 10      ;
; traffic:comb_51|light_cnt_dn_29:comb_5|cnt[3]~39                                                            ; 8       ;
; traffic:comb_51|ryg_ctl:comb_4|light_mode[0]~5                                                              ; 8       ;
; Equal7~1                                                                                                    ; 8       ;
; count_out[2]~30                                                                                             ; 7       ;
; count_out[1]~29                                                                                             ; 7       ;
; count_out[0]~28                                                                                             ; 7       ;
; count_out[3]~31                                                                                             ; 7       ;
; greenredman:comb_52|idx_gen:M3|delay[0]~39                                                                  ; 7       ;
; traffic:comb_51|light_cnt_dn_29:comb_5|cnt[2]~37                                                            ; 6       ;
; greenredman:comb_52|idx_gen:M3|Equal1~3                                                                     ; 6       ;
; seg7_select:comb_53|seg7_sel[0]~7                                                                           ; 6       ;
; traffic:comb_51|light_cnt_dn_29:comb_5|cnt[4]~33                                                            ; 6       ;
; traffic:comb_51|ryg_ctl:comb_4|g1_en~2                                                                      ; 6       ;
; greenredman:comb_52|idx_gen:M3|idx[3]~70                                                                    ; 5       ;
; seg7_select:comb_53|seg7_sel[1]~6                                                                           ; 5       ;
; traffic:comb_51|light_cnt_dn_29:comb_5|cnt[5]~36                                                            ; 5       ;
; traffic:comb_51|light_cnt_dn_29:comb_5|Equal1~1                                                             ; 5       ;
; greenredman:comb_52|idx_gen:M3|idx[4]~68                                                                    ; 4       ;
; greenredman:comb_52|idx_gen:M3|idx[5]~69                                                                    ; 4       ;
; traffic:comb_51|light_cnt_dn_29:comb_5|cnt[6]~38                                                            ; 4       ;
; greenredman:comb_52|rom_char1:M5|WideOr5~15                                                                 ; 4       ;
; greenredman:comb_52|column_green[3]~20                                                                      ; 4       ;
; count_out[1]~26                                                                                             ; 4       ;
; traffic:comb_51|ryg_ctl:comb_4|Equal2~1                                                                     ; 4       ;
; traffic:comb_51|light_cnt_dn_29:comb_5|Equal0~3                                                             ; 4       ;
; traffic:comb_51|ryg_ctl:comb_4|Equal0~3                                                                     ; 4       ;
; traffic:comb_51|light_cnt_dn_29:comb_5|Equal0~2                                                             ; 4       ;
; seg7_select:comb_53|seg7_sel[2]~5                                                                           ; 4       ;
; freq_div:comb_50|lpm_counter:divider_rtl_1|alt_counter_f10ke:wysi_counter|counter_cell[14]~0                ; 3       ;
; greenredman:comb_52|idx_gen:M3|Add1~1                                                                       ; 3       ;
; greenredman:comb_52|idx_gen:M3|delay[0]~38                                                                  ; 3       ;
; count_out[1]~27                                                                                             ; 3       ;
; greenredman:comb_52|idx_gen:M3|lpm_add_sub:Add0|addcore:adder|a_csnbuffer:result_node|cs_buffer[3]~COUT     ; 2       ;
; greenredman:comb_52|idx_gen:M3|lpm_add_sub:Add0|addcore:adder|a_csnbuffer:result_node|cs_buffer[2]~COUT     ; 2       ;
+-------------------------------------------------------------------------------------------------------------+---------+


+-----------------------------------------------------------------------------------------------------------------------------------------------------------------------+
; Peripheral Signals                                                                                                                                                    ;
+--------------------------------------------------------------------------------------------+---------+-------+-----------------+---------------------------+----------+
; Peripheral Signal                                                                          ; Source  ; Usage ; Dedicated Clock ; Peripheral Control Signal ; Polarity ;
+--------------------------------------------------------------------------------------------+---------+-------+-----------------+---------------------------+----------+
; freq_div:comb_49|lpm_counter:divider_rtl_0|alt_counter_f10ke:wysi_counter|counter_cell[22] ; LC1_E25 ; Clock ; no              ; yes                       ; +ve      ;
+--------------------------------------------------------------------------------------------+---------+-------+-----------------+---------------------------+----------+


+-------------------------------------------+
; LAB                                       ;
+--------------------------+----------------+
; Number of Logic Elements ; Number of LABs ;
+--------------------------+----------------+
; 0                        ; 180            ;
; 1                        ; 3              ;
; 2                        ; 0              ;
; 3                        ; 0              ;
; 4                        ; 2              ;
; 5                        ; 4              ;
; 6                        ; 3              ;
; 7                        ; 8              ;
; 8                        ; 16             ;
+--------------------------+----------------+


+----------------------------------------------+
; Local Routing Interconnect                   ;
+-----------------------------+----------------+
; Local Routing Interconnects ; Number of LABs ;
+-----------------------------+----------------+
; 0                           ; 193            ;
; 1                           ; 2              ;
; 2                           ; 0              ;
; 3                           ; 3              ;
; 4                           ; 6              ;
; 5                           ; 6              ;
; 6                           ; 2              ;
; 7                           ; 3              ;
; 8                           ; 1              ;
+-----------------------------+----------------+


+---------------------------------------------+
; LAB External Interconnect                   ;
+----------------------------+----------------+
; LAB External Interconnects ; Number of LABs ;
+----------------------------+----------------+
; 0                          ; 191            ;
; 1                          ; 0              ;
; 2                          ; 1              ;
; 3                          ; 2              ;
; 4                          ; 3              ;
; 5                          ; 1              ;
; 6                          ; 5              ;
; 7                          ; 5              ;
; 8                          ; 3              ;
; 9                          ; 1              ;
; 10                         ; 2              ;
; 11                         ; 1              ;
; 12                         ; 0              ;
; 13                         ; 1              ;
+----------------------------+----------------+


+-----------------------------------------------------------------------------------------+
; Row Interconnect                                                                        ;
+-------+--------------------+-----------------------------+------------------------------+
; Row   ; Interconnect Used  ; Left Half Interconnect Used ; Right Half Interconnect Used ;
+-------+--------------------+-----------------------------+------------------------------+
;  A    ;  2 / 144 ( 1 % )   ;  3 / 72 ( 4 % )             ;  0 / 72 ( 0 % )              ;
;  B    ;  1 / 144 ( < 1 % ) ;  2 / 72 ( 3 % )             ;  0 / 72 ( 0 % )              ;
;  C    ;  10 / 144 ( 7 % )  ;  16 / 72 ( 22 % )           ;  7 / 72 ( 10 % )             ;
;  D    ;  19 / 144 ( 13 % ) ;  33 / 72 ( 46 % )           ;  13 / 72 ( 18 % )            ;
;  E    ;  0 / 144 ( 0 % )   ;  0 / 72 ( 0 % )             ;  4 / 72 ( 6 % )              ;
;  F    ;  1 / 144 ( < 1 % ) ;  0 / 72 ( 0 % )             ;  3 / 72 ( 4 % )              ;
; Total ;  33 / 864 ( 4 % )  ;  54 / 432 ( 13 % )          ;  27 / 432 ( 6 % )            ;
+-------+--------------------+-----------------------------+------------------------------+


+---------------------------+
; LAB Column Interconnect   ;
+-------+-------------------+
; Col.  ; Interconnect Used ;
+-------+-------------------+
; 1     ;  3 / 24 ( 13 % )  ;
; 2     ;  3 / 24 ( 13 % )  ;
; 3     ;  4 / 24 ( 17 % )  ;
; 4     ;  2 / 24 ( 8 % )   ;
; 5     ;  1 / 24 ( 4 % )   ;
; 6     ;  3 / 24 ( 13 % )  ;
; 7     ;  4 / 24 ( 17 % )  ;
; 8     ;  3 / 24 ( 13 % )  ;
; 9     ;  1 / 24 ( 4 % )   ;
; 10    ;  0 / 24 ( 0 % )   ;
; 11    ;  1 / 24 ( 4 % )   ;
; 12    ;  0 / 24 ( 0 % )   ;
; 13    ;  1 / 24 ( 4 % )   ;
; 14    ;  0 / 24 ( 0 % )   ;
; 15    ;  0 / 24 ( 0 % )   ;
; 16    ;  0 / 24 ( 0 % )   ;
; 17    ;  0 / 24 ( 0 % )   ;
; 18    ;  0 / 24 ( 0 % )   ;
; 19    ;  0 / 24 ( 0 % )   ;
; 20    ;  0 / 24 ( 0 % )   ;
; 21    ;  4 / 24 ( 17 % )  ;
; 22    ;  0 / 24 ( 0 % )   ;
; 23    ;  0 / 24 ( 0 % )   ;
; 24    ;  0 / 24 ( 0 % )   ;
; 25    ;  2 / 24 ( 8 % )   ;
; 26    ;  0 / 24 ( 0 % )   ;
; 27    ;  0 / 24 ( 0 % )   ;
; 28    ;  0 / 24 ( 0 % )   ;
; 29    ;  3 / 24 ( 13 % )  ;
; 30    ;  0 / 24 ( 0 % )   ;
; 31    ;  0 / 24 ( 0 % )   ;
; 32    ;  0 / 24 ( 0 % )   ;
; 33    ;  0 / 24 ( 0 % )   ;
; 34    ;  0 / 24 ( 0 % )   ;
; 35    ;  2 / 24 ( 8 % )   ;
; 36    ;  1 / 24 ( 4 % )   ;
; Total ;  38 / 864 ( 4 % ) ;
+-------+-------------------+


+---------------------------+
; LAB Column Interconnect   ;
+-------+-------------------+
; Col.  ; Interconnect Used ;
+-------+-------------------+
; 1     ;  0 / 24 ( 0 % )   ;
; Total ;  0 / 24 ( 0 % )   ;
+-------+-------------------+


+-------------------------------------------------------------------------------+
; Fitter Resource Usage Summary                                                 ;
+-----------------------------------+-------------------------------------------+
; Resource                          ; Usage                                     ;
+-----------------------------------+-------------------------------------------+
; Total logic elements              ; 233 / 1,728 ( 13 % )                      ;
; Registers                         ; 115 / 1,728 ( 7 % )                       ;
; Logic elements in carry chains    ; 73                                        ;
; User inserted logic elements      ; 0                                         ;
; I/O pins                          ; 44 / 102 ( 43 % )                         ;
;     -- Clock pins                 ; 3 / 2 ( 150 % )                           ;
;     -- Dedicated input pins       ; 2 / 4 ( 50 % )                            ;
; Global signals                    ; 3                                         ;
; EABs                              ; 0 / 6 ( 0 % )                             ;
; Total memory bits                 ; 0 / 12,288 ( 0 % )                        ;
; Total RAM block bits              ; 0 / 12,288 ( 0 % )                        ;
; Maximum fan-out node              ; reset                                     ;
; Maximum fan-out                   ; 109                                       ;
; Highest non-global fan-out signal ; greenredman:comb_52|row_gen:M4|idx_cnt[5] ;
; Highest non-global fan-out        ; 27                                        ;
; Total fan-out                     ; 877                                       ;
; Average fan-out                   ; 3.17                                      ;
+-----------------------------------+-------------------------------------------+


+-------------------------------------------------------------------------------------------------------------------------------------------------------------------------------------------------------------------------------------------------------------------------------------------------------+
; Fitter Resource Utilization by Entity                                                                                                                                                                                                                                                                 ;
+----------------------------------------------+-------------+--------------+-------------+------+--------------+-------------------+------------------+-----------------+------------+--------------------------------------------------------------------------------------------------+--------------+
; Compilation Hierarchy Node                   ; Logic Cells ; LC Registers ; Memory Bits ; Pins ; LUT-Only LCs ; Register-Only LCs ; LUT/Register LCs ; Carry Chain LCs ; Packed LCs ; Full Hierarchy Name                                                                              ; Library Name ;
+----------------------------------------------+-------------+--------------+-------------+------+--------------+-------------------+------------------+-----------------+------------+--------------------------------------------------------------------------------------------------+--------------+
; |lab7_2                                      ; 233 (7)     ; 115          ; 0           ; 44   ; 118 (7)      ; 16 (0)            ; 99 (0)           ; 73 (0)          ; 0 (0)      ; |lab7_2                                                                                          ; work         ;
;    |bcd_to_seg7_1:comb_54|                   ; 7 (7)       ; 0            ; 0           ; 0    ; 7 (7)        ; 0 (0)             ; 0 (0)            ; 0 (0)           ; 0 (0)      ; |lab7_2|bcd_to_seg7_1:comb_54                                                                    ; work         ;
;    |freq_div:comb_49|                        ; 23 (0)      ; 23           ; 0           ; 0    ; 0 (0)        ; 0 (0)             ; 23 (0)           ; 23 (0)          ; 0 (0)      ; |lab7_2|freq_div:comb_49                                                                         ; work         ;
;       |lpm_counter:divider_rtl_0|            ; 23 (0)      ; 23           ; 0           ; 0    ; 0 (0)        ; 0 (0)             ; 23 (0)           ; 23 (0)          ; 0 (0)      ; |lab7_2|freq_div:comb_49|lpm_counter:divider_rtl_0                                               ; work         ;
;          |alt_counter_f10ke:wysi_counter|    ; 23 (23)     ; 23           ; 0           ; 0    ; 0 (0)        ; 0 (0)             ; 23 (23)          ; 23 (23)         ; 0 (0)      ; |lab7_2|freq_div:comb_49|lpm_counter:divider_rtl_0|alt_counter_f10ke:wysi_counter                ; work         ;
;    |freq_div:comb_50|                        ; 15 (0)      ; 15           ; 0           ; 0    ; 0 (0)        ; 0 (0)             ; 15 (0)           ; 15 (0)          ; 0 (0)      ; |lab7_2|freq_div:comb_50                                                                         ; work         ;
;       |lpm_counter:divider_rtl_1|            ; 15 (0)      ; 15           ; 0           ; 0    ; 0 (0)        ; 0 (0)             ; 15 (0)           ; 15 (0)          ; 0 (0)      ; |lab7_2|freq_div:comb_50|lpm_counter:divider_rtl_1                                               ; work         ;
;          |alt_counter_f10ke:wysi_counter|    ; 15 (15)     ; 15           ; 0           ; 0    ; 0 (0)        ; 0 (0)             ; 15 (15)          ; 15 (15)         ; 0 (0)      ; |lab7_2|freq_div:comb_50|lpm_counter:divider_rtl_1|alt_counter_f10ke:wysi_counter                ; work         ;
;    |greenredman:comb_52|                     ; 134 (16)    ; 55           ; 0           ; 0    ; 79 (16)      ; 15 (0)            ; 40 (0)           ; 35 (0)          ; 0 (0)      ; |lab7_2|greenredman:comb_52                                                                      ; work         ;
;       |freq_div:M1|                          ; 18 (0)      ; 18           ; 0           ; 0    ; 0 (0)        ; 0 (0)             ; 18 (0)           ; 18 (0)          ; 0 (0)      ; |lab7_2|greenredman:comb_52|freq_div:M1                                                          ; work         ;
;          |lpm_counter:divider_rtl_3|         ; 18 (0)      ; 18           ; 0           ; 0    ; 0 (0)        ; 0 (0)             ; 18 (0)           ; 18 (0)          ; 0 (0)      ; |lab7_2|greenredman:comb_52|freq_div:M1|lpm_counter:divider_rtl_3                                ; work         ;
;             |alt_counter_f10ke:wysi_counter| ; 18 (18)     ; 18           ; 0           ; 0    ; 0 (0)        ; 0 (0)             ; 18 (18)          ; 18 (18)         ; 0 (0)      ; |lab7_2|greenredman:comb_52|freq_div:M1|lpm_counter:divider_rtl_3|alt_counter_f10ke:wysi_counter ; work         ;
;       |freq_div:M2|                          ; 11 (0)      ; 11           ; 0           ; 0    ; 0 (0)        ; 0 (0)             ; 11 (0)           ; 11 (0)          ; 0 (0)      ; |lab7_2|greenredman:comb_52|freq_div:M2                                                          ; work         ;
;          |lpm_counter:divider_rtl_2|         ; 11 (0)      ; 11           ; 0           ; 0    ; 0 (0)        ; 0 (0)             ; 11 (0)           ; 11 (0)          ; 0 (0)      ; |lab7_2|greenredman:comb_52|freq_div:M2|lpm_counter:divider_rtl_2                                ; work         ;
;             |alt_counter_f10ke:wysi_counter| ; 11 (11)     ; 11           ; 0           ; 0    ; 0 (0)        ; 0 (0)             ; 11 (11)          ; 11 (11)         ; 0 (0)      ; |lab7_2|greenredman:comb_52|freq_div:M2|lpm_counter:divider_rtl_2|alt_counter_f10ke:wysi_counter ; work         ;
;       |idx_gen:M3|                           ; 26 (20)     ; 11           ; 0           ; 0    ; 15 (9)       ; 5 (5)             ; 6 (6)            ; 6 (0)           ; 0 (0)      ; |lab7_2|greenredman:comb_52|idx_gen:M3                                                           ; work         ;
;          |lpm_add_sub:Add0|                  ; 6 (0)       ; 0            ; 0           ; 0    ; 6 (0)        ; 0 (0)             ; 0 (0)            ; 6 (0)           ; 0 (0)      ; |lab7_2|greenredman:comb_52|idx_gen:M3|lpm_add_sub:Add0                                          ; work         ;
;             |addcore:adder|                  ; 6 (1)       ; 0            ; 0           ; 0    ; 6 (1)        ; 0 (0)             ; 0 (0)            ; 6 (1)           ; 0 (0)      ; |lab7_2|greenredman:comb_52|idx_gen:M3|lpm_add_sub:Add0|addcore:adder                            ; work         ;
;                |a_csnbuffer:result_node|     ; 5 (5)       ; 0            ; 0           ; 0    ; 5 (5)        ; 0 (0)             ; 0 (0)            ; 5 (5)           ; 0 (0)      ; |lab7_2|greenredman:comb_52|idx_gen:M3|lpm_add_sub:Add0|addcore:adder|a_csnbuffer:result_node    ; work         ;
;       |rom_char1:M5|                         ; 48 (48)     ; 0            ; 0           ; 0    ; 48 (48)      ; 0 (0)             ; 0 (0)            ; 0 (0)           ; 0 (0)      ; |lab7_2|greenredman:comb_52|rom_char1:M5                                                         ; work         ;
;       |row_gen:M4|                           ; 15 (15)     ; 15           ; 0           ; 0    ; 0 (0)        ; 10 (10)           ; 5 (5)            ; 0 (0)           ; 0 (0)      ; |lab7_2|greenredman:comb_52|row_gen:M4                                                           ; work         ;
;    |seg7_select:comb_53|                     ; 3 (3)       ; 3            ; 0           ; 0    ; 0 (0)        ; 0 (0)             ; 3 (3)            ; 0 (0)           ; 0 (0)      ; |lab7_2|seg7_select:comb_53                                                                      ; work         ;
;    |traffic:comb_51|                         ; 44 (0)      ; 19           ; 0           ; 0    ; 25 (0)       ; 1 (0)             ; 18 (0)           ; 0 (0)           ; 0 (0)      ; |lab7_2|traffic:comb_51                                                                          ; work         ;
;       |light_cnt_dn_29:comb_5|               ; 13 (13)     ; 7            ; 0           ; 0    ; 6 (6)        ; 0 (0)             ; 7 (7)            ; 0 (0)           ; 0 (0)      ; |lab7_2|traffic:comb_51|light_cnt_dn_29:comb_5                                                   ; work         ;
;       |ryg_ctl:comb_4|                       ; 31 (31)     ; 12           ; 0           ; 0    ; 19 (19)      ; 1 (1)             ; 11 (11)          ; 0 (0)           ; 0 (0)      ; |lab7_2|traffic:comb_51|ryg_ctl:comb_4                                                           ; work         ;
+----------------------------------------------+-------------+--------------+-------------+------+--------------+-------------------+------------------+-----------------+------------+--------------------------------------------------------------------------------------------------+--------------+
Note: For table entries with two numbers listed, the numbers in parentheses indicate the number of resources of the given type used by the specific entity alone. The numbers listed outside of parentheses indicate the total resources of the given type used by the specific entity and all of its sub-entities in the hierarchy.


+------------------------------------------+
; Delay Chain Summary                      ;
+-----------------+----------+-------------+
; Name            ; Pin Type ; Pad to Core ;
+-----------------+----------+-------------+
; reset           ; Input    ; OFF         ;
; day_night       ; Input    ; OFF         ;
; clk             ; Input    ; OFF         ;
; light_led[0]    ; Output   ; OFF         ;
; light_led[1]    ; Output   ; OFF         ;
; light_led[2]    ; Output   ; OFF         ;
; light_led[3]    ; Output   ; OFF         ;
; light_led[4]    ; Output   ; OFF         ;
; light_led[5]    ; Output   ; OFF         ;
; led_com         ; Output   ; OFF         ;
; seg7[0]         ; Output   ; OFF         ;
; seg7[1]         ; Output   ; OFF         ;
; seg7[2]         ; Output   ; OFF         ;
; seg7[3]         ; Output   ; OFF         ;
; seg7[4]         ; Output   ; OFF         ;
; seg7[5]         ; Output   ; OFF         ;
; seg7[6]         ; Output   ; OFF         ;
; seg7_sel[0]     ; Output   ; OFF         ;
; seg7_sel[1]     ; Output   ; OFF         ;
; seg7_sel[2]     ; Output   ; OFF         ;
; row[0]          ; Output   ; OFF         ;
; row[1]          ; Output   ; OFF         ;
; row[2]          ; Output   ; OFF         ;
; row[3]          ; Output   ; OFF         ;
; row[4]          ; Output   ; OFF         ;
; row[5]          ; Output   ; OFF         ;
; row[6]          ; Output   ; OFF         ;
; row[7]          ; Output   ; OFF         ;
; column_green[0] ; Output   ; OFF         ;
; column_green[1] ; Output   ; OFF         ;
; column_green[2] ; Output   ; OFF         ;
; column_green[3] ; Output   ; OFF         ;
; column_green[4] ; Output   ; OFF         ;
; column_green[5] ; Output   ; OFF         ;
; column_green[6] ; Output   ; OFF         ;
; column_green[7] ; Output   ; OFF         ;
; column_red[0]   ; Output   ; OFF         ;
; column_red[1]   ; Output   ; OFF         ;
; column_red[2]   ; Output   ; OFF         ;
; column_red[3]   ; Output   ; OFF         ;
; column_red[4]   ; Output   ; OFF         ;
; column_red[5]   ; Output   ; OFF         ;
; column_red[6]   ; Output   ; OFF         ;
; column_red[7]   ; Output   ; OFF         ;
+-----------------+----------+-------------+


+--------------+
; Pin-Out File ;
+--------------+
The pin-out file can be found in C:/altera/90sp2/quartus/lab7/lab7_2/lab7_2.pin.


+-----------------+
; Fitter Messages ;
+-----------------+
Info: *******************************************************************
Info: Running Quartus II Fitter
    Info: Version 9.0 Build 235 06/17/2009 Service Pack 2 SJ Web Edition
    Info: Processing started: Thu Aug 13 09:53:51 2020
Info: Command: quartus_fit --read_settings_files=off --write_settings_files=off lab7_2 -c lab7_2
Info: Selected device EPF10K30ATC144-3 for design "lab7_2"
Info: Fitter is using the Classic Timing Analyzer
Info: Timing requirements not specified -- optimizing circuit to achieve the following default global requirements
    Info: Assuming a global fmax requirement of 1000 MHz
    Info: Not setting a global tsu requirement
    Info: Not setting a global tco requirement
    Info: Not setting a global tpd requirement
Info: Inserted 0 logic cells in first fitting attempt
Info: Started fitting attempt 1 on Thu Aug 13 2020 at 09:53:53
Info: Fitter placement preparation operations beginning
Info: Fitter placement preparation operations ending: elapsed time is 00:00:00
Info: Fitter placement operations beginning
Info: Fitter placement operations ending: elapsed time is 00:00:01
Info: Fitter routing operations beginning
Info: Fitter routing operations ending: elapsed time is 00:00:00
Info: Quartus II Fitter was successful. 0 errors, 0 warnings
    Info: Peak virtual memory: 261 megabytes
    Info: Processing ended: Thu Aug 13 09:53:58 2020
    Info: Elapsed time: 00:00:07
    Info: Total CPU time (on all processors): 00:00:05


