Analysis & Synthesis report for lab7_2
Thu Aug 13 09:53:47 2020
Quartus II Version 9.0 Build 235 06/17/2009 Service Pack 2 SJ Web Edition


---------------------
; Table of Contents ;
---------------------
  1. Legal Notice
  2. Analysis & Synthesis Summary
  3. Analysis & Synthesis Settings
  4. Analysis & Synthesis Source Files Read
  5. Analysis & Synthesis Resource Usage Summary
  6. Analysis & Synthesis Resource Utilization by Entity
  7. Registers Removed During Synthesis
  8. General Register Statistics
  9. Inverted Register Statistics
 10. Source assignments for freq_div:comb_49|lpm_counter:divider_rtl_0
 11. Source assignments for freq_div:comb_50|lpm_counter:divider_rtl_1
 12. Source assignments for greenredman:comb_52|freq_div:M2|lpm_counter:divider_rtl_2
 13. Source assignments for greenredman:comb_52|freq_div:M1|lpm_counter:divider_rtl_3
 14. Source assignments for greenredman:comb_52|idx_gen:M3|lpm_add_sub:Add0|addcore:adder
 15. Parameter Settings for User Entity Instance: freq_div:comb_49
 16. Parameter Settings for User Entity Instance: freq_div:comb_50
 17. Parameter Settings for User Entity Instance: greenredman:comb_52|freq_div:M1
 18. Parameter Settings for User Entity Instance: greenredman:comb_52|freq_div:M2
 19. Parameter Settings for User Entity Instance: seg7_select:comb_53
 20. Parameter Settings for Inferred Entity Instance: freq_div:comb_49|lpm_counter:divider_rtl_0
 21. Parameter Settings for Inferred Entity Instance: freq_div:comb_50|lpm_counter:divider_rtl_1
 22. Parameter Settings for Inferred Entity Instance: greenredman:comb_52|freq_div:M2|lpm_counter:divider_rtl_2
 23. Parameter Settings for Inferred Entity Instance: greenredman:comb_52|freq_div:M1|lpm_counter:divider_rtl_3
 24. Parameter Settings for Inferred Entity Instance: greenredman:comb_52|idx_gen:M3|lpm_add_sub:Add0
 25. Port Connectivity Checks: "greenredman:comb_52|rom_char1:M5"
 26. Port Connectivity Checks: "greenredman:comb_52|row_gen:M4"
 27. Port Connectivity Checks: "greenredman:comb_52|idx_gen:M3"
 28. Analysis & Synthesis Messages



----------------
; Legal Notice ;
----------------
Copyright (C) 1991-2009 Altera Corporation
Your use of Altera Corporation's design tools, logic functions 
and other software and tools, and its AMPP partner logic 
functions, and any output files from any of the foregoing 
(including device programming or simulation files), and any 
associated documentation or information are expressly subject 
to the terms and conditions of the Altera Program License 
Subscription Agreement, Altera MegaCore Function License 
Agreement, or other applicable license agreement, including, 
without limitation, that your use is for the sole purpose of 
programming logic devices manufactured by Altera and sold by 
Altera or its authorized distributors.  Please refer to the 
applicable agreement for further details.



+----------------------------------------------------------------------------+
; Analysis & Synthesis Summary                                               ;
+-----------------------------+----------------------------------------------+
; Analysis & Synthesis Status ; Successful - Thu Aug 13 09:53:47 2020        ;
; Quartus II Version          ; 9.0 Build 235 06/17/2009 SP 2 SJ Web Edition ;
; Revision Name               ; lab7_2                                       ;
; Top-level Entity Name       ; lab7_2                                       ;
; Family                      ; FLEX10KA                                     ;
; Total logic elements        ; 233                                          ;
; Total pins                  ; 44                                           ;
; Total memory bits           ; 0                                            ;
+-----------------------------+----------------------------------------------+


+-------------------------------------------------------------------------------------------------+
; Analysis & Synthesis Settings                                                                   ;
+--------------------------------------------------------------+------------------+---------------+
; Option                                                       ; Setting          ; Default Value ;
+--------------------------------------------------------------+------------------+---------------+
; Device                                                       ; EPF10K30ATC144-3 ;               ;
; Top-level entity name                                        ; lab7_2           ; lab7_2        ;
; Family name                                                  ; FLEX10KA         ; Stratix II    ;
; Use Generated Physical Constraints File                      ; Off              ;               ;
; Use smart compilation                                        ; Off              ; Off           ;
; Create Debugging Nodes for IP Cores                          ; Off              ; Off           ;
; Preserve fewer node names                                    ; On               ; On            ;
; Disable OpenCore Plus hardware evaluation                    ; Off              ; Off           ;
; Verilog Version                                              ; Verilog_2001     ; Verilog_2001  ;
; VHDL Version                                                 ; VHDL93           ; VHDL93        ;
; State Machine Processing                                     ; Auto             ; Auto          ;
; Safe State Machine                                           ; Off              ; Off           ;
; Extract Verilog State Machines                               ; On               ; On            ;
; Extract VHDL State Machines                                  ; On               ; On            ;
; Ignore Verilog initial constructs                            ; Off              ; Off           ;
; Iteration limit for constant Verilog loops                   ; 5000             ; 5000          ;
; Iteration limit for non-constant Verilog loops               ; 250              ; 250           ;
; Add Pass-Through Logic to Inferred RAMs                      ; On               ; On            ;
; Parallel Synthesis                                           ; Off              ; Off           ;
; NOT Gate Push-Back                                           ; On               ; On            ;
; Power-Up Don't Care                                          ; On               ; On            ;
; Remove Redundant Logic Cells                                 ; Off              ; Off           ;
; Remove Duplicate Registers                                   ; On               ; On            ;
; Ignore CARRY Buffers                                         ; Off              ; Off           ;
; Ignore CASCADE Buffers                                       ; Off              ; Off           ;
; Ignore GLOBAL Buffers                                        ; Off              ; Off           ;
; Ignore ROW GLOBAL Buffers                                    ; Off              ; Off           ;
; Ignore LCELL Buffers                                         ; Off              ; Off           ;
; Ignore SOFT Buffers                                          ; On               ; On            ;
; Limit AHDL Integers to 32 Bits                               ; Off              ; Off           ;
; Auto Implement in ROM                                        ; Off              ; Off           ;
; Optimization Technique                                       ; Area             ; Area          ;
; Carry Chain Length                                           ; 32               ; 32            ;
; Cascade Chain Length                                         ; 2                ; 2             ;
; Auto Carry Chains                                            ; On               ; On            ;
; Auto Open-Drain Pins                                         ; On               ; On            ;
; Auto ROM Replacement                                         ; On               ; On            ;
; Auto RAM Replacement                                         ; On               ; On            ;
; Auto Clock Enable Replacement                                ; On               ; On            ;
; Strict RAM Replacement                                       ; Off              ; Off           ;
; Auto Resource Sharing                                        ; Off              ; Off           ;
; Allow Any RAM Size For Recognition                           ; Off              ; Off           ;
; Allow Any ROM Size For Recognition                           ; Off              ; Off           ;
; Use LogicLock Constraints during Resource Balancing          ; On               ; On            ;
; Ignore translate_off and synthesis_off directives            ; Off              ; Off           ;
; Show Parameter Settings Tables in Synthesis Report           ; On               ; On            ;
; HDL message level                                            ; Level2           ; Level2        ;
; Suppress Register Optimization Related Messages              ; Off              ; Off           ;
; Number of Removed Registers Reported in Synthesis Report     ; 100              ; 100           ;
; Number of Inverted Registers Reported in Synthesis Report    ; 100              ; 100           ;
; Block Design Naming                                          ; Auto             ; Auto          ;
; Synthesis Effort                                             ; Auto             ; Auto          ;
; Shift Register Replacement - Allow Asynchronous Clear Signal ; On               ; On            ;
; Analysis & Synthesis Message Level                           ; Medium           ; Medium        ;
+--------------------------------------------------------------+------------------+---------------+


+-------------------------------------------------------------------------------------------------------------------------------------------------------+
; Analysis & Synthesis Source Files Read                                                                                                                ;
+----------------------------------+-----------------+------------------------+-------------------------------------------------------------------------+
; File Name with User-Entered Path ; Used in Netlist ; File Type              ; File Name with Absolute Path                                            ;
+----------------------------------+-----------------+------------------------+-------------------------------------------------------------------------+
; lab7_2.v                         ; yes             ; User Verilog HDL File  ; C:/altera/90sp2/quartus/lab7/lab7_2/lab7_2.v                            ;
; lpm_counter.tdf                  ; yes             ; Megafunction           ; c:/altera/90sp2/quartus/libraries/megafunctions/lpm_counter.tdf         ;
; lpm_constant.inc                 ; yes             ; Megafunction           ; c:/altera/90sp2/quartus/libraries/megafunctions/lpm_constant.inc        ;
; lpm_decode.inc                   ; yes             ; Megafunction           ; c:/altera/90sp2/quartus/libraries/megafunctions/lpm_decode.inc          ;
; lpm_add_sub.inc                  ; yes             ; Megafunction           ; c:/altera/90sp2/quartus/libraries/megafunctions/lpm_add_sub.inc         ;
; cmpconst.inc                     ; yes             ; Megafunction           ; c:/altera/90sp2/quartus/libraries/megafunctions/cmpconst.inc            ;
; lpm_compare.inc                  ; yes             ; Megafunction           ; c:/altera/90sp2/quartus/libraries/megafunctions/lpm_compare.inc         ;
; lpm_counter.inc                  ; yes             ; Megafunction           ; c:/altera/90sp2/quartus/libraries/megafunctions/lpm_counter.inc         ;
; dffeea.inc                       ; yes             ; Megafunction           ; c:/altera/90sp2/quartus/libraries/megafunctions/dffeea.inc              ;
; alt_synch_counter.inc            ; yes             ; Megafunction           ; c:/altera/90sp2/quartus/libraries/megafunctions/alt_synch_counter.inc   ;
; alt_synch_counter_f.inc          ; yes             ; Megafunction           ; c:/altera/90sp2/quartus/libraries/megafunctions/alt_synch_counter_f.inc ;
; alt_counter_f10ke.inc            ; yes             ; Megafunction           ; c:/altera/90sp2/quartus/libraries/megafunctions/alt_counter_f10ke.inc   ;
; alt_counter_stratix.inc          ; yes             ; Megafunction           ; c:/altera/90sp2/quartus/libraries/megafunctions/alt_counter_stratix.inc ;
; aglobal90.inc                    ; yes             ; Megafunction           ; c:/altera/90sp2/quartus/libraries/megafunctions/aglobal90.inc           ;
; alt_counter_f10ke.tdf            ; yes             ; Megafunction           ; c:/altera/90sp2/quartus/libraries/megafunctions/alt_counter_f10ke.tdf   ;
; flex10ke_lcell.inc               ; yes             ; Megafunction           ; c:/altera/90sp2/quartus/libraries/megafunctions/flex10ke_lcell.inc      ;
; lpm_add_sub.tdf                  ; yes             ; Megafunction           ; c:/altera/90sp2/quartus/libraries/megafunctions/lpm_add_sub.tdf         ;
; addcore.inc                      ; yes             ; Megafunction           ; c:/altera/90sp2/quartus/libraries/megafunctions/addcore.inc             ;
; look_add.inc                     ; yes             ; Megafunction           ; c:/altera/90sp2/quartus/libraries/megafunctions/look_add.inc            ;
; bypassff.inc                     ; yes             ; Megafunction           ; c:/altera/90sp2/quartus/libraries/megafunctions/bypassff.inc            ;
; altshift.inc                     ; yes             ; Megafunction           ; c:/altera/90sp2/quartus/libraries/megafunctions/altshift.inc            ;
; alt_stratix_add_sub.inc          ; yes             ; Megafunction           ; c:/altera/90sp2/quartus/libraries/megafunctions/alt_stratix_add_sub.inc ;
; alt_mercury_add_sub.inc          ; yes             ; Megafunction           ; c:/altera/90sp2/quartus/libraries/megafunctions/alt_mercury_add_sub.inc ;
; addcore.tdf                      ; yes             ; Megafunction           ; c:/altera/90sp2/quartus/libraries/megafunctions/addcore.tdf             ;
; a_csnbuffer.inc                  ; yes             ; Megafunction           ; c:/altera/90sp2/quartus/libraries/megafunctions/a_csnbuffer.inc         ;
; a_csnbuffer.tdf                  ; yes             ; Megafunction           ; c:/altera/90sp2/quartus/libraries/megafunctions/a_csnbuffer.tdf         ;
; altshift.tdf                     ; yes             ; Megafunction           ; c:/altera/90sp2/quartus/libraries/megafunctions/altshift.tdf            ;
+----------------------------------+-----------------+------------------------+-------------------------------------------------------------------------+


+---------------------------------------------+
; Analysis & Synthesis Resource Usage Summary ;
+-----------------------------------+---------+
; Resource                          ; Usage   ;
+-----------------------------------+---------+
; Total logic elements              ; 233     ;
; Total combinational functions     ; 217     ;
;     -- Total 4-input functions    ; 104     ;
;     -- Total 3-input functions    ; 21      ;
;     -- Total 2-input functions    ; 14      ;
;     -- Total 1-input functions    ; 11      ;
;     -- Total 0-input functions    ; 67      ;
; Total registers                   ; 115     ;
; Total logic cells in carry chains ; 73      ;
; I/O pins                          ; 44      ;
; Maximum fan-out node              ; reset   ;
; Maximum fan-out                   ; 109     ;
; Total fan-out                     ; 877     ;
; Average fan-out                   ; 3.17    ;
+-----------------------------------+---------+


+-------------------------------------------------------------------------------------------------------------------------------------------------------------------------------------------------------------------------------------------------------------------------------------------------------+
; Analysis & Synthesis Resource Utilization by Entity                                                                                                                                                                                                                                                   ;
+----------------------------------------------+-------------+--------------+-------------+------+--------------+-------------------+------------------+-----------------+------------+--------------------------------------------------------------------------------------------------+--------------+
; Compilation Hierarchy Node                   ; Logic Cells ; LC Registers ; Memory Bits ; Pins ; LUT-Only LCs ; Register-Only LCs ; LUT/Register LCs ; Carry Chain LCs ; Packed LCs ; Full Hierarchy Name                                                                              ; Library Name ;
+----------------------------------------------+-------------+--------------+-------------+------+--------------+-------------------+------------------+-----------------+------------+--------------------------------------------------------------------------------------------------+--------------+
; |lab7_2                                      ; 233 (7)     ; 115          ; 0           ; 44   ; 118 (7)      ; 16 (0)            ; 99 (0)           ; 73 (0)          ; 0 (0)      ; |lab7_2                                                                                          ; work         ;
;    |bcd_to_seg7_1:comb_54|                   ; 7 (7)       ; 0            ; 0           ; 0    ; 7 (7)        ; 0 (0)             ; 0 (0)            ; 0 (0)           ; 0 (0)      ; |lab7_2|bcd_to_seg7_1:comb_54                                                                    ; work         ;
;    |freq_div:comb_49|                        ; 23 (0)      ; 23           ; 0           ; 0    ; 0 (0)        ; 0 (0)             ; 23 (0)           ; 23 (0)          ; 0 (0)      ; |lab7_2|freq_div:comb_49                                                                         ; work         ;
;       |lpm_counter:divider_rtl_0|            ; 23 (0)      ; 23           ; 0           ; 0    ; 0 (0)        ; 0 (0)             ; 23 (0)           ; 23 (0)          ; 0 (0)      ; |lab7_2|freq_div:comb_49|lpm_counter:divider_rtl_0                                               ; work         ;
;          |alt_counter_f10ke:wysi_counter|    ; 23 (23)     ; 23           ; 0           ; 0    ; 0 (0)        ; 0 (0)             ; 23 (23)          ; 23 (23)         ; 0 (0)      ; |lab7_2|freq_div:comb_49|lpm_counter:divider_rtl_0|alt_counter_f10ke:wysi_counter                ; work         ;
;    |freq_div:comb_50|                        ; 15 (0)      ; 15           ; 0           ; 0    ; 0 (0)        ; 0 (0)             ; 15 (0)           ; 15 (0)          ; 0 (0)      ; |lab7_2|freq_div:comb_50                                                                         ; work         ;
;       |lpm_counter:divider_rtl_1|            ; 15 (0)      ; 15           ; 0           ; 0    ; 0 (0)        ; 0 (0)             ; 15 (0)           ; 15 (0)          ; 0 (0)      ; |lab7_2|freq_div:comb_50|lpm_counter:divider_rtl_1                                               ; work         ;
;          |alt_counter_f10ke:wysi_counter|    ; 15 (15)     ; 15           ; 0           ; 0    ; 0 (0)        ; 0 (0)             ; 15 (15)          ; 15 (15)         ; 0 (0)      ; |lab7_2|freq_div:comb_50|lpm_counter:divider_rtl_1|alt_counter_f10ke:wysi_counter                ; work         ;
;    |greenredman:comb_52|                     ; 134 (16)    ; 55           ; 0           ; 0    ; 79 (16)      ; 15 (0)            ; 40 (0)           ; 35 (0)          ; 0 (0)      ; |lab7_2|greenredman:comb_52                                                                      ; work         ;
;       |freq_div:M1|                          ; 18 (0)      ; 18           ; 0           ; 0    ; 0 (0)        ; 0 (0)             ; 18 (0)           ; 18 (0)          ; 0 (0)      ; |lab7_2|greenredman:comb_52|freq_div:M1                                                          ; work         ;
;          |lpm_counter:divider_rtl_3|         ; 18 (0)      ; 18           ; 0           ; 0    ; 0 (0)        ; 0 (0)             ; 18 (0)           ; 18 (0)          ; 0 (0)      ; |lab7_2|greenredman:comb_52|freq_div:M1|lpm_counter:divider_rtl_3                                ; work         ;
;             |alt_counter_f10ke:wysi_counter| ; 18 (18)     ; 18           ; 0           ; 0    ; 0 (0)        ; 0 (0)             ; 18 (18)          ; 18 (18)         ; 0 (0)      ; |lab7_2|greenredman:comb_52|freq_div:M1|lpm_counter:divider_rtl_3|alt_counter_f10ke:wysi_counter ; work         ;
;       |freq_div:M2|                          ; 11 (0)      ; 11           ; 0           ; 0    ; 0 (0)        ; 0 (0)             ; 11 (0)           ; 11 (0)          ; 0 (0)      ; |lab7_2|greenredman:comb_52|freq_div:M2                                                          ; work         ;
;          |lpm_counter:divider_rtl_2|         ; 11 (0)      ; 11           ; 0           ; 0    ; 0 (0)        ; 0 (0)             ; 11 (0)           ; 11 (0)          ; 0 (0)      ; |lab7_2|greenredman:comb_52|freq_div:M2|lpm_counter:divider_rtl_2                                ; work         ;
;             |alt_counter_f10ke:wysi_counter| ; 11 (11)     ; 11           ; 0           ; 0    ; 0 (0)        ; 0 (0)             ; 11 (11)          ; 11 (11)         ; 0 (0)      ; |lab7_2|greenredman:comb_52|freq_div:M2|lpm_counter:divider_rtl_2|alt_counter_f10ke:wysi_counter ; work         ;
;       |idx_gen:M3|                           ; 26 (20)     ; 11           ; 0           ; 0    ; 15 (9)       ; 5 (5)             ; 6 (6)            ; 6 (0)           ; 0 (0)      ; |lab7_2|greenredman:comb_52|idx_gen:M3                                                           ; work         ;
;          |lpm_add_sub:Add0|                  ; 6 (0)       ; 0            ; 0           ; 0    ; 6 (0)        ; 0 (0)             ; 0 (0)            ; 6 (0)           ; 0 (0)      ; |lab7_2|greenredman:comb_52|idx_gen:M3|lpm_add_sub:Add0                                          ; work         ;
;             |addcore:adder|                  ; 6 (1)       ; 0            ; 0           ; 0    ; 6 (1)        ; 0 (0)             ; 0 (0)            ; 6 (1)           ; 0 (0)      ; |lab7_2|greenredman:comb_52|idx_gen:M3|lpm_add_sub:Add0|addcore:adder                            ; work         ;
;                |a_csnbuffer:result_node|     ; 5 (5)       ; 0            ; 0           ; 0    ; 5 (5)        ; 0 (0)             ; 0 (0)            ; 5 (5)           ; 0 (0)      ; |lab7_2|greenredman:comb_52|idx_gen:M3|lpm_add_sub:Add0|addcore:adder|a_csnbuffer:result_node    ; work         ;
;       |rom_char1:M5|                         ; 48 (48)     ; 0            ; 0           ; 0    ; 48 (48)      ; 0 (0)             ; 0 (0)            ; 0 (0)           ; 0 (0)      ; |lab7_2|greenredman:comb_52|rom_char1:M5                                                         ; work         ;
;       |row_gen:M4|                           ; 15 (15)     ; 15           ; 0           ; 0    ; 0 (0)        ; 10 (10)           ; 5 (5)            ; 0 (0)           ; 0 (0)      ; |lab7_2|greenredman:comb_52|row_gen:M4                                                           ; work         ;
;    |seg7_select:comb_53|                     ; 3 (3)       ; 3            ; 0           ; 0    ; 0 (0)        ; 0 (0)             ; 3 (3)            ; 0 (0)           ; 0 (0)      ; |lab7_2|seg7_select:comb_53                                                                      ; work         ;
;    |traffic:comb_51|                         ; 44 (0)      ; 19           ; 0           ; 0    ; 25 (0)       ; 1 (0)             ; 18 (0)           ; 0 (0)           ; 0 (0)      ; |lab7_2|traffic:comb_51                                                                          ; work         ;
;       |light_cnt_dn_29:comb_5|               ; 13 (13)     ; 7            ; 0           ; 0    ; 6 (6)        ; 0 (0)             ; 7 (7)            ; 0 (0)           ; 0 (0)      ; |lab7_2|traffic:comb_51|light_cnt_dn_29:comb_5                                                   ; work         ;
;       |ryg_ctl:comb_4|                       ; 31 (31)     ; 12           ; 0           ; 0    ; 19 (19)      ; 1 (1)             ; 11 (11)          ; 0 (0)           ; 0 (0)      ; |lab7_2|traffic:comb_51|ryg_ctl:comb_4                                                           ; work         ;
+----------------------------------------------+-------------+--------------+-------------+------+--------------+-------------------+------------------+-----------------+------------+--------------------------------------------------------------------------------------------------+--------------+
Note: For table entries with two numbers listed, the numbers in parentheses indicate the number of resources of the given type used by the specific entity alone. The numbers listed outside of parentheses indicate the total resources of the given type used by the specific entity and all of its sub-entities in the hierarchy.


+-------------------------------------------------------------------------------------------------------+
; Registers Removed During Synthesis                                                                    ;
+-----------------------------------------------+-------------------------------------------------------+
; Register name                                 ; Reason for Removal                                    ;
+-----------------------------------------------+-------------------------------------------------------+
; greenredman:comb_52|idx_gen:M3|idx[0..2]      ; Stuck at GND due to stuck port data_in                ;
; greenredman:comb_52|row_gen:M4|cnt[0]         ; Merged with greenredman:comb_52|row_gen:M4|idx_cnt[0] ;
; greenredman:comb_52|row_gen:M4|cnt[1]         ; Merged with greenredman:comb_52|row_gen:M4|idx_cnt[1] ;
; greenredman:comb_52|row_gen:M4|cnt[2]         ; Merged with greenredman:comb_52|row_gen:M4|idx_cnt[2] ;
; traffic:comb_51|light_cnt_dn_29:comb_5|cnt[7] ; Stuck at GND due to stuck port data_in                ;
; Total Number of Removed Registers = 7         ;                                                       ;
+-----------------------------------------------+-------------------------------------------------------+


+------------------------------------------------------+
; General Register Statistics                          ;
+----------------------------------------------+-------+
; Statistic                                    ; Value ;
+----------------------------------------------+-------+
; Total registers                              ; 115   ;
; Number of registers using Synchronous Clear  ; 0     ;
; Number of registers using Synchronous Load   ; 0     ;
; Number of registers using Asynchronous Clear ; 108   ;
; Number of registers using Asynchronous Load  ; 0     ;
; Number of registers using Clock Enable       ; 10    ;
; Number of registers using Preset             ; 0     ;
+----------------------------------------------+-------+


+-------------------------------------------------------+
; Inverted Register Statistics                          ;
+---------------------------------------------+---------+
; Inverted Register                           ; Fan out ;
+---------------------------------------------+---------+
; traffic:comb_51|ryg_ctl:comb_4|light_led[2] ; 1       ;
; traffic:comb_51|ryg_ctl:comb_4|light_led[3] ; 2       ;
; seg7_select:comb_53|seg7_sel[2]             ; 4       ;
; seg7_select:comb_53|seg7_sel[0]             ; 6       ;
; greenredman:comb_52|row_gen:M4|row[7]       ; 2       ;
; Total number of inverted registers = 5      ;         ;
+---------------------------------------------+---------+


+-------------------------------------------------------------------+
; Source assignments for freq_div:comb_49|lpm_counter:divider_rtl_0 ;
+---------------------------+-------+------+------------------------+
; Assignment                ; Value ; From ; To                     ;
+---------------------------+-------+------+------------------------+
; SUPPRESS_DA_RULE_INTERNAL ; a101  ; -    ; -                      ;
; SUPPRESS_DA_RULE_INTERNAL ; s102  ; -    ; -                      ;
; SUPPRESS_DA_RULE_INTERNAL ; s103  ; -    ; -                      ;
+---------------------------+-------+------+------------------------+


+-------------------------------------------------------------------+
; Source assignments for freq_div:comb_50|lpm_counter:divider_rtl_1 ;
+---------------------------+-------+------+------------------------+
; Assignment                ; Value ; From ; To                     ;
+---------------------------+-------+------+------------------------+
; SUPPRESS_DA_RULE_INTERNAL ; a101  ; -    ; -                      ;
; SUPPRESS_DA_RULE_INTERNAL ; s102  ; -    ; -                      ;
; SUPPRESS_DA_RULE_INTERNAL ; s103  ; -    ; -                      ;
+---------------------------+-------+------+------------------------+


+----------------------------------------------------------------------------------+
; Source assignments for greenredman:comb_52|freq_div:M2|lpm_counter:divider_rtl_2 ;
+---------------------------+-------+------+---------------------------------------+
; Assignment                ; Value ; From ; To                                    ;
+---------------------------+-------+------+---------------------------------------+
; SUPPRESS_DA_RULE_INTERNAL ; a101  ; -    ; -                                     ;
; SUPPRESS_DA_RULE_INTERNAL ; s102  ; -    ; -                                     ;
; SUPPRESS_DA_RULE_INTERNAL ; s103  ; -    ; -                                     ;
+---------------------------+-------+------+---------------------------------------+


+----------------------------------------------------------------------------------+
; Source assignments for greenredman:comb_52|freq_div:M1|lpm_counter:divider_rtl_3 ;
+---------------------------+-------+------+---------------------------------------+
; Assignment                ; Value ; From ; To                                    ;
+---------------------------+-------+------+---------------------------------------+
; SUPPRESS_DA_RULE_INTERNAL ; a101  ; -    ; -                                     ;
; SUPPRESS_DA_RULE_INTERNAL ; s102  ; -    ; -                                     ;
; SUPPRESS_DA_RULE_INTERNAL ; s103  ; -    ; -                                     ;
+---------------------------+-------+------+---------------------------------------+


+--------------------------------------------------------------------------------------+
; Source assignments for greenredman:comb_52|idx_gen:M3|lpm_add_sub:Add0|addcore:adder ;
+---------------------------+-------+------+-------------------------------------------+
; Assignment                ; Value ; From ; To                                        ;
+---------------------------+-------+------+-------------------------------------------+
; SUPPRESS_DA_RULE_INTERNAL ; A103  ; -    ; -                                         ;
+---------------------------+-------+------+-------------------------------------------+


+---------------------------------------------------------------+
; Parameter Settings for User Entity Instance: freq_div:comb_49 ;
+----------------+-------+--------------------------------------+
; Parameter Name ; Value ; Type                                 ;
+----------------+-------+--------------------------------------+
; exp            ; 23    ; Signed Integer                       ;
+----------------+-------+--------------------------------------+
Note: In order to hide this table in the UI and the text report file, please set the "Show Parameter Settings Tables in Synthesis Report" option in "Analysis and Synthesis Settings -> More Settings" to "Off".


+---------------------------------------------------------------+
; Parameter Settings for User Entity Instance: freq_div:comb_50 ;
+----------------+-------+--------------------------------------+
; Parameter Name ; Value ; Type                                 ;
+----------------+-------+--------------------------------------+
; exp            ; 15    ; Signed Integer                       ;
+----------------+-------+--------------------------------------+
Note: In order to hide this table in the UI and the text report file, please set the "Show Parameter Settings Tables in Synthesis Report" option in "Analysis and Synthesis Settings -> More Settings" to "Off".


+------------------------------------------------------------------------------+
; Parameter Settings for User Entity Instance: greenredman:comb_52|freq_div:M1 ;
+----------------+-------+-----------------------------------------------------+
; Parameter Name ; Value ; Type                                                ;
+----------------+-------+-----------------------------------------------------+
; exp            ; 18    ; Signed Integer                                      ;
+----------------+-------+-----------------------------------------------------+
Note: In order to hide this table in the UI and the text report file, please set the "Show Parameter Settings Tables in Synthesis Report" option in "Analysis and Synthesis Settings -> More Settings" to "Off".


+------------------------------------------------------------------------------+
; Parameter Settings for User Entity Instance: greenredman:comb_52|freq_div:M2 ;
+----------------+-------+-----------------------------------------------------+
; Parameter Name ; Value ; Type                                                ;
+----------------+-------+-----------------------------------------------------+
; exp            ; 11    ; Signed Integer                                      ;
+----------------+-------+-----------------------------------------------------+
Note: In order to hide this table in the UI and the text report file, please set the "Show Parameter Settings Tables in Synthesis Report" option in "Analysis and Synthesis Settings -> More Settings" to "Off".


+------------------------------------------------------------------+
; Parameter Settings for User Entity Instance: seg7_select:comb_53 ;
+----------------+-------+-----------------------------------------+
; Parameter Name ; Value ; Type                                    ;
+----------------+-------+-----------------------------------------+
; num_use        ; 4     ; Signed Integer                          ;
+----------------+-------+-----------------------------------------+
Note: In order to hide this table in the UI and the text report file, please set the "Show Parameter Settings Tables in Synthesis Report" option in "Analysis and Synthesis Settings -> More Settings" to "Off".


+---------------------------------------------------------------------------------------------+
; Parameter Settings for Inferred Entity Instance: freq_div:comb_49|lpm_counter:divider_rtl_0 ;
+------------------------+-------------------+------------------------------------------------+
; Parameter Name         ; Value             ; Type                                           ;
+------------------------+-------------------+------------------------------------------------+
; AUTO_CARRY_CHAINS      ; ON                ; AUTO_CARRY                                     ;
; IGNORE_CARRY_BUFFERS   ; OFF               ; IGNORE_CARRY                                   ;
; AUTO_CASCADE_CHAINS    ; ON                ; AUTO_CASCADE                                   ;
; IGNORE_CASCADE_BUFFERS ; OFF               ; IGNORE_CASCADE                                 ;
; LPM_WIDTH              ; 23                ; Untyped                                        ;
; LPM_DIRECTION          ; UP                ; Untyped                                        ;
; LPM_MODULUS            ; 0                 ; Untyped                                        ;
; LPM_AVALUE             ; UNUSED            ; Untyped                                        ;
; LPM_SVALUE             ; UNUSED            ; Untyped                                        ;
; LPM_PORT_UPDOWN        ; PORT_CONNECTIVITY ; Untyped                                        ;
; DEVICE_FAMILY          ; FLEX10KA          ; Untyped                                        ;
; CARRY_CHAIN            ; MANUAL            ; Untyped                                        ;
; CARRY_CHAIN_LENGTH     ; 48                ; CARRY_CHAIN_LENGTH                             ;
; NOT_GATE_PUSH_BACK     ; ON                ; NOT_GATE_PUSH_BACK                             ;
; CARRY_CNT_EN           ; SMART             ; Untyped                                        ;
; LABWIDE_SCLR           ; ON                ; Untyped                                        ;
; USE_NEW_VERSION        ; TRUE              ; Untyped                                        ;
; CBXI_PARAMETER         ; NOTHING           ; Untyped                                        ;
+------------------------+-------------------+------------------------------------------------+
Note: In order to hide this table in the UI and the text report file, please set the "Show Parameter Settings Tables in Synthesis Report" option in "Analysis and Synthesis Settings -> More Settings" to "Off".


+---------------------------------------------------------------------------------------------+
; Parameter Settings for Inferred Entity Instance: freq_div:comb_50|lpm_counter:divider_rtl_1 ;
+------------------------+-------------------+------------------------------------------------+
; Parameter Name         ; Value             ; Type                                           ;
+------------------------+-------------------+------------------------------------------------+
; AUTO_CARRY_CHAINS      ; ON                ; AUTO_CARRY                                     ;
; IGNORE_CARRY_BUFFERS   ; OFF               ; IGNORE_CARRY                                   ;
; AUTO_CASCADE_CHAINS    ; ON                ; AUTO_CASCADE                                   ;
; IGNORE_CASCADE_BUFFERS ; OFF               ; IGNORE_CASCADE                                 ;
; LPM_WIDTH              ; 15                ; Untyped                                        ;
; LPM_DIRECTION          ; UP                ; Untyped                                        ;
; LPM_MODULUS            ; 0                 ; Untyped                                        ;
; LPM_AVALUE             ; UNUSED            ; Untyped                                        ;
; LPM_SVALUE             ; UNUSED            ; Untyped                                        ;
; LPM_PORT_UPDOWN        ; PORT_CONNECTIVITY ; Untyped                                        ;
; DEVICE_FAMILY          ; FLEX10KA          ; Untyped                                        ;
; CARRY_CHAIN            ; MANUAL            ; Untyped                                        ;
; CARRY_CHAIN_LENGTH     ; 48                ; CARRY_CHAIN_LENGTH                             ;
; NOT_GATE_PUSH_BACK     ; ON                ; NOT_GATE_PUSH_BACK                             ;
; CARRY_CNT_EN           ; SMART             ; Untyped                                        ;
; LABWIDE_SCLR           ; ON                ; Untyped                                        ;
; USE_NEW_VERSION        ; TRUE              ; Untyped                                        ;
; CBXI_PARAMETER         ; NOTHING           ; Untyped                                        ;
+------------------------+-------------------+------------------------------------------------+
Note: In order to hide this table in the UI and the text report file, please set the "Show Parameter Settings Tables in Synthesis Report" option in "Analysis and Synthesis Settings -> More Settings" to "Off".


+------------------------------------------------------------------------------------------------------------+
; Parameter Settings for Inferred Entity Instance: greenredman:comb_52|freq_div:M2|lpm_counter:divider_rtl_2 ;
+------------------------+-------------------+---------------------------------------------------------------+
; Parameter Name         ; Value             ; Type                                                          ;
+------------------------+-------------------+---------------------------------------------------------------+
; AUTO_CARRY_CHAINS      ; ON                ; AUTO_CARRY                                                    ;
; IGNORE_CARRY_BUFFERS   ; OFF               ; IGNORE_CARRY                                                  ;
; AUTO_CASCADE_CHAINS    ; ON                ; AUTO_CASCADE                                                  ;
; IGNORE_CASCADE_BUFFERS ; OFF               ; IGNORE_CASCADE                                                ;
; LPM_WIDTH              ; 11                ; Untyped                                                       ;
; LPM_DIRECTION          ; UP                ; Untyped                                                       ;
; LPM_MODULUS            ; 0                 ; Untyped                                                       ;
; LPM_AVALUE             ; UNUSED            ; Untyped                                                       ;
; LPM_SVALUE             ; UNUSED            ; Untyped                                                       ;
; LPM_PORT_UPDOWN        ; PORT_CONNECTIVITY ; Untyped                                                       ;
; DEVICE_FAMILY          ; FLEX10KA          ; Untyped                                                       ;
; CARRY_CHAIN            ; MANUAL            ; Untyped                                                       ;
; CARRY_CHAIN_LENGTH     ; 48                ; CARRY_CHAIN_LENGTH                                            ;
; NOT_GATE_PUSH_BACK     ; ON                ; NOT_GATE_PUSH_BACK                                            ;
; CARRY_CNT_EN           ; SMART             ; Untyped                                                       ;
; LABWIDE_SCLR           ; ON                ; Untyped                                                       ;
; USE_NEW_VERSION        ; TRUE              ; Untyped                                                       ;
; CBXI_PARAMETER         ; NOTHING           ; Untyped                                                       ;
+------------------------+-------------------+---------------------------------------------------------------+
Note: In order to hide this table in the UI and the text report file, please set the "Show Parameter Settings Tables in Synthesis Report" option in "Analysis and Synthesis Settings -> More Settings" to "Off".


+------------------------------------------------------------------------------------------------------------+
; Parameter Settings for Inferred Entity Instance: greenredman:comb_52|freq_div:M1|lpm_counter:divider_rtl_3 ;
+------------------------+-------------------+---------------------------------------------------------------+
; Parameter Name         ; Value             ; Type                                                          ;
+------------------------+-------------------+---------------------------------------------------------------+
; AUTO_CARRY_CHAINS      ; ON                ; AUTO_CARRY                                                    ;
; IGNORE_CARRY_BUFFERS   ; OFF               ; IGNORE_CARRY                                                  ;
; AUTO_CASCADE_CHAINS    ; ON                ; AUTO_CASCADE                                                  ;
; IGNORE_CASCADE_BUFFERS ; OFF               ; IGNORE_CASCADE                                                ;
; LPM_WIDTH              ; 18                ; Untyped                                                       ;
; LPM_DIRECTION          ; UP                ; Untyped                                                       ;
; LPM_MODULUS            ; 0                 ; Untyped                                                       ;
; LPM_AVALUE             ; UNUSED            ; Untyped                                                       ;
; LPM_SVALUE             ; UNUSED            ; Untyped                                                       ;
; LPM_PORT_UPDOWN        ; PORT_CONNECTIVITY ; Untyped                                                       ;
; DEVICE_FAMILY          ; FLEX10KA          ; Untyped                                                       ;
; CARRY_CHAIN            ; MANUAL            ; Untyped                                                       ;
; CARRY_CHAIN_LENGTH     ; 48                ; CARRY_CHAIN_LENGTH                                            ;
; NOT_GATE_PUSH_BACK     ; ON                ; NOT_GATE_PUSH_BACK                                            ;
; CARRY_CNT_EN           ; SMART             ; Untyped                                                       ;
; LABWIDE_SCLR           ; ON                ; Untyped                                                       ;
; USE_NEW_VERSION        ; TRUE              ; Untyped                                                       ;
; CBXI_PARAMETER         ; NOTHING           ; Untyped                                                       ;
+------------------------+-------------------+---------------------------------------------------------------+
Note: In order to hide this table in the UI and the text report file, please set the "Show Parameter Settings Tables in Synthesis Report" option in "Analysis and Synthesis Settings -> More Settings" to "Off".


+--------------------------------------------------------------------------------------------------+
; Parameter Settings for Inferred Entity Instance: greenredman:comb_52|idx_gen:M3|lpm_add_sub:Add0 ;
+------------------------+-------------+-----------------------------------------------------------+
; Parameter Name         ; Value       ; Type                                                      ;
+------------------------+-------------+-----------------------------------------------------------+
; LPM_WIDTH              ; 7           ; Untyped                                                   ;
; LPM_REPRESENTATION     ; UNSIGNED    ; Untyped                                                   ;
; LPM_DIRECTION          ; ADD         ; Untyped                                                   ;
; ONE_INPUT_IS_CONSTANT  ; YES         ; Untyped                                                   ;
; LPM_PIPELINE           ; 0           ; Untyped                                                   ;
; MAXIMIZE_SPEED         ; 5           ; Untyped                                                   ;
; REGISTERED_AT_END      ; 0           ; Untyped                                                   ;
; OPTIMIZE_FOR_SPEED     ; 1           ; Untyped                                                   ;
; USE_CS_BUFFERS         ; 1           ; Untyped                                                   ;
; CARRY_CHAIN            ; MANUAL      ; Untyped                                                   ;
; CARRY_CHAIN_LENGTH     ; 48          ; CARRY_CHAIN_LENGTH                                        ;
; DEVICE_FAMILY          ; FLEX10KA    ; Untyped                                                   ;
; USE_WYS                ; OFF         ; Untyped                                                   ;
; STYLE                  ; FAST        ; Untyped                                                   ;
; CBXI_PARAMETER         ; add_sub_mqh ; Untyped                                                   ;
; AUTO_CARRY_CHAINS      ; ON          ; AUTO_CARRY                                                ;
; IGNORE_CARRY_BUFFERS   ; OFF         ; IGNORE_CARRY                                              ;
; AUTO_CASCADE_CHAINS    ; ON          ; AUTO_CASCADE                                              ;
; IGNORE_CASCADE_BUFFERS ; OFF         ; IGNORE_CASCADE                                            ;
+------------------------+-------------+-----------------------------------------------------------+
Note: In order to hide this table in the UI and the text report file, please set the "Show Parameter Settings Tables in Synthesis Report" option in "Analysis and Synthesis Settings -> More Settings" to "Off".


+------------------------------------------------------------------------------------------------------------------------------------------------------------------------------------------------------------+
; Port Connectivity Checks: "greenredman:comb_52|rom_char1:M5"                                                                                                                                               ;
+------+-------+----------+----------------------------------------------------------------------------------------------------------------------------------------------------------------------------------+
; Port ; Type  ; Severity ; Details                                                                                                                                                                          ;
+------+-------+----------+----------------------------------------------------------------------------------------------------------------------------------------------------------------------------------+
; addr ; Input ; Warning  ; Input port expression (8 bits) is wider than the input port (7 bits) it drives.  The 1 most-significant bit(s) in the expression will be dangling if they have no other fanouts. ;
+------+-------+----------+----------------------------------------------------------------------------------------------------------------------------------------------------------------------------------+


+----------------------------------------------------------------------------------------------------------------------------------------------------------------------------------------------------------------+
; Port Connectivity Checks: "greenredman:comb_52|row_gen:M4"                                                                                                                                                     ;
+---------+--------+----------+----------------------------------------------------------------------------------------------------------------------------------------------------------------------------------+
; Port    ; Type   ; Severity ; Details                                                                                                                                                                          ;
+---------+--------+----------+----------------------------------------------------------------------------------------------------------------------------------------------------------------------------------+
; idx     ; Input  ; Warning  ; Input port expression (8 bits) is wider than the input port (7 bits) it drives.  The 1 most-significant bit(s) in the expression will be dangling if they have no other fanouts. ;
; idx_cnt ; Output ; Warning  ; Output or bidir port (7 bits) is smaller than the port expression (8 bits) it drives.  The 1 most-significant bit(s) in the port expression will be connected to GND.            ;
+---------+--------+----------+----------------------------------------------------------------------------------------------------------------------------------------------------------------------------------+


+--------------------------------------------------------------------------------------------------------------------------------------------------------------------------------------------------+
; Port Connectivity Checks: "greenredman:comb_52|idx_gen:M3"                                                                                                                                       ;
+------+--------+----------+-----------------------------------------------------------------------------------------------------------------------------------------------------------------------+
; Port ; Type   ; Severity ; Details                                                                                                                                                               ;
+------+--------+----------+-----------------------------------------------------------------------------------------------------------------------------------------------------------------------+
; idx  ; Output ; Warning  ; Output or bidir port (7 bits) is smaller than the port expression (8 bits) it drives.  The 1 most-significant bit(s) in the port expression will be connected to GND. ;
+------+--------+----------+-----------------------------------------------------------------------------------------------------------------------------------------------------------------------+


+-------------------------------+
; Analysis & Synthesis Messages ;
+-------------------------------+
Info: *******************************************************************
Info: Running Quartus II Analysis & Synthesis
    Info: Version 9.0 Build 235 06/17/2009 Service Pack 2 SJ Web Edition
    Info: Processing started: Thu Aug 13 09:53:38 2020
Info: Command: quartus_map --read_settings_files=on --write_settings_files=off lab7_2 -c lab7_2
Info: Found 11 design units, including 11 entities, in source file lab7_2.v
    Info: Found entity 1: lab7_2
    Info: Found entity 2: traffic
    Info: Found entity 3: light_cnt_dn_29
    Info: Found entity 4: ryg_ctl
    Info: Found entity 5: freq_div
    Info: Found entity 6: bcd_to_seg7_1
    Info: Found entity 7: seg7_select
    Info: Found entity 8: greenredman
    Info: Found entity 9: rom_char1
    Info: Found entity 10: idx_gen
    Info: Found entity 11: row_gen
Critical Warning (10846): Verilog HDL Instantiation warning at lab7_2.v(23): instance has no name
Critical Warning (10846): Verilog HDL Instantiation warning at lab7_2.v(24): instance has no name
Critical Warning (10846): Verilog HDL Instantiation warning at lab7_2.v(39): instance has no name
Critical Warning (10846): Verilog HDL Instantiation warning at lab7_2.v(40): instance has no name
Critical Warning (10846): Verilog HDL Instantiation warning at lab7_2.v(25): instance has no name
Critical Warning (10846): Verilog HDL Instantiation warning at lab7_2.v(26): instance has no name
Critical Warning (10846): Verilog HDL Instantiation warning at lab7_2.v(27): instance has no name
Critical Warning (10846): Verilog HDL Instantiation warning at lab7_2.v(28): instance has no name
Info: Elaborating entity "lab7_2" for the top level hierarchy
Info: Elaborating entity "freq_div" for hierarchy "freq_div:comb_49"
Warning (10240): Verilog HDL Always Construct warning at lab7_2.v(184): inferring latch(es) for variable "i", which holds its previous value in one or more paths through the always construct
Info: Elaborating entity "freq_div" for hierarchy "freq_div:comb_50"
Warning (10240): Verilog HDL Always Construct warning at lab7_2.v(184): inferring latch(es) for variable "i", which holds its previous value in one or more paths through the always construct
Info: Elaborating entity "traffic" for hierarchy "traffic:comb_51"
Info: Elaborating entity "ryg_ctl" for hierarchy "traffic:comb_51|ryg_ctl:comb_4"
Info: Elaborating entity "light_cnt_dn_29" for hierarchy "traffic:comb_51|light_cnt_dn_29:comb_5"
Info: Elaborating entity "greenredman" for hierarchy "greenredman:comb_52"
Info: Elaborating entity "freq_div" for hierarchy "greenredman:comb_52|freq_div:M1"
Warning (10240): Verilog HDL Always Construct warning at lab7_2.v(184): inferring latch(es) for variable "i", which holds its previous value in one or more paths through the always construct
Info: Elaborating entity "freq_div" for hierarchy "greenredman:comb_52|freq_div:M2"
Warning (10240): Verilog HDL Always Construct warning at lab7_2.v(184): inferring latch(es) for variable "i", which holds its previous value in one or more paths through the always construct
Info: Elaborating entity "idx_gen" for hierarchy "greenredman:comb_52|idx_gen:M3"
Info: Elaborating entity "row_gen" for hierarchy "greenredman:comb_52|row_gen:M4"
Info: Elaborating entity "rom_char1" for hierarchy "greenredman:comb_52|rom_char1:M5"
Info: Elaborating entity "seg7_select" for hierarchy "seg7_select:comb_53"
Info: Elaborating entity "bcd_to_seg7_1" for hierarchy "bcd_to_seg7_1:comb_54"
Warning: Net is missing source, defaulting to GND
    Warning (12110): Net "greenredman:comb_52|idx[7]" is missing source, defaulting to GND
    Warning (12110): Net "greenredman:comb_52|idx_cnt[7]" is missing source, defaulting to GND
Info: Inferred 4 megafunctions from design logic
    Info: Inferred lpm_counter megafunction (LPM_WIDTH=23) from the following logic: "freq_div:comb_49|divider[0]~0"
    Info: Inferred lpm_counter megafunction (LPM_WIDTH=15) from the following logic: "freq_div:comb_50|divider[0]~0"
    Info: Inferred lpm_counter megafunction (LPM_WIDTH=11) from the following logic: "greenredman:comb_52|freq_div:M2|divider[0]~0"
    Info: Inferred lpm_counter megafunction (LPM_WIDTH=18) from the following logic: "greenredman:comb_52|freq_div:M1|divider[0]~0"
Info: Inferred 1 megafunctions from design logic
    Info: Inferred adder/subtractor megafunction ("lpm_add_sub") from the following logic: "greenredman:comb_52|idx_gen:M3|Add0"
Info: Elaborated megafunction instantiation "freq_div:comb_49|lpm_counter:divider_rtl_0"
Info: Instantiated megafunction "freq_div:comb_49|lpm_counter:divider_rtl_0" with the following parameter:
    Info: Parameter "LPM_WIDTH" = "23"
    Info: Parameter "LPM_DIRECTION" = "UP"
    Info: Parameter "LPM_TYPE" = "LPM_COUNTER"
Info: Elaborated megafunction instantiation "freq_div:comb_49|lpm_counter:divider_rtl_0|alt_counter_f10ke:wysi_counter", which is child of megafunction instantiation "freq_div:comb_49|lpm_counter:divider_rtl_0"
Info: Elaborated megafunction instantiation "freq_div:comb_50|lpm_counter:divider_rtl_1"
Info: Instantiated megafunction "freq_div:comb_50|lpm_counter:divider_rtl_1" with the following parameter:
    Info: Parameter "LPM_WIDTH" = "15"
    Info: Parameter "LPM_DIRECTION" = "UP"
    Info: Parameter "LPM_TYPE" = "LPM_COUNTER"
Info: Elaborated megafunction instantiation "freq_div:comb_50|lpm_counter:divider_rtl_1|alt_counter_f10ke:wysi_counter", which is child of megafunction instantiation "freq_div:comb_50|lpm_counter:divider_rtl_1"
Info: Elaborated megafunction instantiation "greenredman:comb_52|freq_div:M2|lpm_counter:divider_rtl_2"
Info: Instantiated megafunction "greenredman:comb_52|freq_div:M2|lpm_counter:divider_rtl_2" with the following parameter:
    Info: Parameter "LPM_WIDTH" = "11"
    Info: Parameter "LPM_DIRECTION" = "UP"
    Info: Parameter "LPM_TYPE" = "LPM_COUNTER"
Info: Elaborated megafunction instantiation "greenredman:comb_52|freq_div:M2|lpm_counter:divider_rtl_2|alt_counter_f10ke:wysi_counter", which is child of megafunction instantiation "greenredman:comb_52|freq_div:M2|lpm_counter:divider_rtl_2"
Info: Elaborated megafunction instantiation "greenredman:comb_52|freq_div:M1|lpm_counter:divider_rtl_3"
Info: Instantiated megafunction "greenredman:comb_52|freq_div:M1|lpm_counter:divider_rtl_3" with the following parameter:
    Info: Parameter "LPM_WIDTH" = "18"
    Info: Parameter "LPM_DIRECTION" = "UP"
    Info: Parameter "LPM_TYPE" = "LPM_COUNTER"
Info: Elaborated megafunction instantiation "greenredman:comb_52|freq_div:M1|lpm_counter:divider_rtl_3|alt_counter_f10ke:wysi_counter", which is child of megafunction instantiation "greenredman:comb_52|freq_div:M1|lpm_counter:divider_rtl_3"
Info: Elaborated megafunction instantiation "greenredman:comb_52|idx_gen:M3|lpm_add_sub:Add0"
Info: Instantiated megafunction "greenredman:comb_52|idx_gen:M3|lpm_add_sub:Add0" with the following parameter:
    Info: Parameter "LPM_WIDTH" = "7"
    Info: Parameter "LPM_DIRECTION" = "ADD"
    Info: Parameter "LPM_REPRESENTATION" = "UNSIGNED"
    Info: Parameter "ONE_INPUT_IS_CONSTANT" = "YES"
Info: Elaborated megafunction instantiation "greenredman:comb_52|idx_gen:M3|lpm_add_sub:Add0|addcore:adder", which is child of megafunction instantiation "greenredman:comb_52|idx_gen:M3|lpm_add_sub:Add0"
Info: Elaborated megafunction instantiation "greenredman:comb_52|idx_gen:M3|lpm_add_sub:Add0|addcore:adder|a_csnbuffer:oflow_node", which is child of megafunction instantiation "greenredman:comb_52|idx_gen:M3|lpm_add_sub:Add0"
Info: Elaborated megafunction instantiation "greenredman:comb_52|idx_gen:M3|lpm_add_sub:Add0|addcore:adder|a_csnbuffer:result_node", which is child of megafunction instantiation "greenredman:comb_52|idx_gen:M3|lpm_add_sub:Add0"
Info: Elaborated megafunction instantiation "greenredman:comb_52|idx_gen:M3|lpm_add_sub:Add0|altshift:result_ext_latency_ffs", which is child of megafunction instantiation "greenredman:comb_52|idx_gen:M3|lpm_add_sub:Add0"
Info: Elaborated megafunction instantiation "greenredman:comb_52|idx_gen:M3|lpm_add_sub:Add0|altshift:carry_ext_latency_ffs", which is child of megafunction instantiation "greenredman:comb_52|idx_gen:M3|lpm_add_sub:Add0"
Warning: 3 hierarchies have connectivity warnings - see the Connectivity Checks report folder
Warning: Output pins are stuck at VCC or GND
    Warning (13410): Pin "led_com" is stuck at VCC
    Warning (13410): Pin "column_green[0]" is stuck at GND
    Warning (13410): Pin "column_red[0]" is stuck at GND
Info: Registers with preset signals will power-up high
Info: Implemented 277 device resources after synthesis - the final resource count might be different
    Info: Implemented 3 input pins
    Info: Implemented 41 output pins
    Info: Implemented 233 logic cells
Info: Quartus II Analysis & Synthesis was successful. 0 errors, 20 warnings
    Info: Peak virtual memory: 238 megabytes
    Info: Processing ended: Thu Aug 13 09:53:48 2020
    Info: Elapsed time: 00:00:10
    Info: Total CPU time (on all processors): 00:00:05


