Analysis & Synthesis report for lab8
Thu Nov 12 11:02:39 2020
Quartus II Version 9.0 Build 235 06/17/2009 Service Pack 2 SJ Web Edition


---------------------
; Table of Contents ;
---------------------
  1. Legal Notice
  2. Analysis & Synthesis Summary
  3. Analysis & Synthesis Settings
  4. Analysis & Synthesis Source Files Read
  5. Analysis & Synthesis Resource Usage Summary
  6. Analysis & Synthesis Resource Utilization by Entity
  7. Registers Removed During Synthesis
  8. General Register Statistics
  9. Inverted Register Statistics
 10. Source assignments for freq_div:M6|lpm_counter:divider_rtl_0
 11. Parameter Settings for User Entity Instance: freq_div:M6
 12. Parameter Settings for Inferred Entity Instance: freq_div:M6|lpm_counter:divider_rtl_0
 13. Analysis & Synthesis Messages
 14. Analysis & Synthesis Suppressed Messages



----------------
; Legal Notice ;
----------------
Copyright (C) 1991-2009 Altera Corporation
Your use of Altera Corporation's design tools, logic functions 
and other software and tools, and its AMPP partner logic 
functions, and any output files from any of the foregoing 
(including device programming or simulation files), and any 
associated documentation or information are expressly subject 
to the terms and conditions of the Altera Program License 
Subscription Agreement, Altera MegaCore Function License 
Agreement, or other applicable license agreement, including, 
without limitation, that your use is for the sole purpose of 
programming logic devices manufactured by Altera and sold by 
Altera or its authorized distributors.  Please refer to the 
applicable agreement for further details.



+----------------------------------------------------------------------------+
; Analysis & Synthesis Summary                                               ;
+-----------------------------+----------------------------------------------+
; Analysis & Synthesis Status ; Successful - Thu Nov 12 11:02:38 2020        ;
; Quartus II Version          ; 9.0 Build 235 06/17/2009 SP 2 SJ Web Edition ;
; Revision Name               ; lab8                                         ;
; Top-level Entity Name       ; lab8                                         ;
; Family                      ; FLEX10KA                                     ;
; Total logic elements        ; 99                                           ;
; Total pins                  ; 32                                           ;
; Total memory bits           ; 0                                            ;
+-----------------------------+----------------------------------------------+


+-------------------------------------------------------------------------------------------------+
; Analysis & Synthesis Settings                                                                   ;
+--------------------------------------------------------------+------------------+---------------+
; Option                                                       ; Setting          ; Default Value ;
+--------------------------------------------------------------+------------------+---------------+
; Device                                                       ; EPF10K30ATC144-3 ;               ;
; Top-level entity name                                        ; lab8             ; lab8          ;
; Family name                                                  ; FLEX10KA         ; Stratix II    ;
; Use Generated Physical Constraints File                      ; Off              ;               ;
; Use smart compilation                                        ; Off              ; Off           ;
; Create Debugging Nodes for IP Cores                          ; Off              ; Off           ;
; Preserve fewer node names                                    ; On               ; On            ;
; Disable OpenCore Plus hardware evaluation                    ; Off              ; Off           ;
; Verilog Version                                              ; Verilog_2001     ; Verilog_2001  ;
; VHDL Version                                                 ; VHDL93           ; VHDL93        ;
; State Machine Processing                                     ; Auto             ; Auto          ;
; Safe State Machine                                           ; Off              ; Off           ;
; Extract Verilog State Machines                               ; On               ; On            ;
; Extract VHDL State Machines                                  ; On               ; On            ;
; Ignore Verilog initial constructs                            ; Off              ; Off           ;
; Iteration limit for constant Verilog loops                   ; 5000             ; 5000          ;
; Iteration limit for non-constant Verilog loops               ; 250              ; 250           ;
; Add Pass-Through Logic to Inferred RAMs                      ; On               ; On            ;
; Parallel Synthesis                                           ; Off              ; Off           ;
; NOT Gate Push-Back                                           ; On               ; On            ;
; Power-Up Don't Care                                          ; On               ; On            ;
; Remove Redundant Logic Cells                                 ; Off              ; Off           ;
; Remove Duplicate Registers                                   ; On               ; On            ;
; Ignore CARRY Buffers                                         ; Off              ; Off           ;
; Ignore CASCADE Buffers                                       ; Off              ; Off           ;
; Ignore GLOBAL Buffers                                        ; Off              ; Off           ;
; Ignore ROW GLOBAL Buffers                                    ; Off              ; Off           ;
; Ignore LCELL Buffers                                         ; Off              ; Off           ;
; Ignore SOFT Buffers                                          ; On               ; On            ;
; Limit AHDL Integers to 32 Bits                               ; Off              ; Off           ;
; Auto Implement in ROM                                        ; Off              ; Off           ;
; Optimization Technique                                       ; Area             ; Area          ;
; Carry Chain Length                                           ; 32               ; 32            ;
; Cascade Chain Length                                         ; 2                ; 2             ;
; Auto Carry Chains                                            ; On               ; On            ;
; Auto Open-Drain Pins                                         ; On               ; On            ;
; Auto ROM Replacement                                         ; On               ; On            ;
; Auto RAM Replacement                                         ; On               ; On            ;
; Auto Clock Enable Replacement                                ; On               ; On            ;
; Strict RAM Replacement                                       ; Off              ; Off           ;
; Auto Resource Sharing                                        ; Off              ; Off           ;
; Allow Any RAM Size For Recognition                           ; Off              ; Off           ;
; Allow Any ROM Size For Recognition                           ; Off              ; Off           ;
; Use LogicLock Constraints during Resource Balancing          ; On               ; On            ;
; Ignore translate_off and synthesis_off directives            ; Off              ; Off           ;
; Show Parameter Settings Tables in Synthesis Report           ; On               ; On            ;
; HDL message level                                            ; Level2           ; Level2        ;
; Suppress Register Optimization Related Messages              ; Off              ; Off           ;
; Number of Removed Registers Reported in Synthesis Report     ; 100              ; 100           ;
; Number of Inverted Registers Reported in Synthesis Report    ; 100              ; 100           ;
; Block Design Naming                                          ; Auto             ; Auto          ;
; Synthesis Effort                                             ; Auto             ; Auto          ;
; Shift Register Replacement - Allow Asynchronous Clear Signal ; On               ; On            ;
; Analysis & Synthesis Message Level                           ; Medium           ; Medium        ;
+--------------------------------------------------------------+------------------+---------------+


+--------------------------------------------------------------------------------------------------------------------------------------------------------------+
; Analysis & Synthesis Source Files Read                                                                                                                       ;
+----------------------------------+-----------------+------------------------+--------------------------------------------------------------------------------+
; File Name with User-Entered Path ; Used in Netlist ; File Type              ; File Name with Absolute Path                                                   ;
+----------------------------------+-----------------+------------------------+--------------------------------------------------------------------------------+
; lab8.v                           ; yes             ; User Verilog HDL File  ; D:/quartus9.0/fpga lab/quartus/lab8/lab8.v                                     ;
; lpm_counter.tdf                  ; yes             ; Megafunction           ; d:/quartus9.0/fpga lab/quartus/libraries/megafunctions/lpm_counter.tdf         ;
; lpm_constant.inc                 ; yes             ; Megafunction           ; d:/quartus9.0/fpga lab/quartus/libraries/megafunctions/lpm_constant.inc        ;
; lpm_decode.inc                   ; yes             ; Megafunction           ; d:/quartus9.0/fpga lab/quartus/libraries/megafunctions/lpm_decode.inc          ;
; lpm_add_sub.inc                  ; yes             ; Megafunction           ; d:/quartus9.0/fpga lab/quartus/libraries/megafunctions/lpm_add_sub.inc         ;
; cmpconst.inc                     ; yes             ; Megafunction           ; d:/quartus9.0/fpga lab/quartus/libraries/megafunctions/cmpconst.inc            ;
; lpm_compare.inc                  ; yes             ; Megafunction           ; d:/quartus9.0/fpga lab/quartus/libraries/megafunctions/lpm_compare.inc         ;
; lpm_counter.inc                  ; yes             ; Megafunction           ; d:/quartus9.0/fpga lab/quartus/libraries/megafunctions/lpm_counter.inc         ;
; dffeea.inc                       ; yes             ; Megafunction           ; d:/quartus9.0/fpga lab/quartus/libraries/megafunctions/dffeea.inc              ;
; alt_synch_counter.inc            ; yes             ; Megafunction           ; d:/quartus9.0/fpga lab/quartus/libraries/megafunctions/alt_synch_counter.inc   ;
; alt_synch_counter_f.inc          ; yes             ; Megafunction           ; d:/quartus9.0/fpga lab/quartus/libraries/megafunctions/alt_synch_counter_f.inc ;
; alt_counter_f10ke.inc            ; yes             ; Megafunction           ; d:/quartus9.0/fpga lab/quartus/libraries/megafunctions/alt_counter_f10ke.inc   ;
; alt_counter_stratix.inc          ; yes             ; Megafunction           ; d:/quartus9.0/fpga lab/quartus/libraries/megafunctions/alt_counter_stratix.inc ;
; aglobal90.inc                    ; yes             ; Megafunction           ; d:/quartus9.0/fpga lab/quartus/libraries/megafunctions/aglobal90.inc           ;
; alt_counter_f10ke.tdf            ; yes             ; Megafunction           ; d:/quartus9.0/fpga lab/quartus/libraries/megafunctions/alt_counter_f10ke.tdf   ;
; flex10ke_lcell.inc               ; yes             ; Megafunction           ; d:/quartus9.0/fpga lab/quartus/libraries/megafunctions/flex10ke_lcell.inc      ;
+----------------------------------+-----------------+------------------------+--------------------------------------------------------------------------------+


+---------------------------------------------+
; Analysis & Synthesis Resource Usage Summary ;
+-----------------------------------+---------+
; Resource                          ; Usage   ;
+-----------------------------------+---------+
; Total logic elements              ; 99      ;
; Total combinational functions     ; 74      ;
;     -- Total 4-input functions    ; 41      ;
;     -- Total 3-input functions    ; 8       ;
;     -- Total 2-input functions    ; 4       ;
;     -- Total 1-input functions    ; 6       ;
;     -- Total 0-input functions    ; 15      ;
; Total registers                   ; 53      ;
; Total logic cells in carry chains ; 14      ;
; I/O pins                          ; 32      ;
; Maximum fan-out node              ; reset   ;
; Maximum fan-out                   ; 53      ;
; Total fan-out                     ; 393     ;
; Average fan-out                   ; 3.00    ;
+-----------------------------------+---------+


+------------------------------------------------------------------------------------------------------------------------------------------------------------------------------------------------------------------------------------------------------------------------------+
; Analysis & Synthesis Resource Utilization by Entity                                                                                                                                                                                                                          ;
+-------------------------------------------+-------------+--------------+-------------+------+--------------+-------------------+------------------+-----------------+------------+----------------------------------------------------------------------------+--------------+
; Compilation Hierarchy Node                ; Logic Cells ; LC Registers ; Memory Bits ; Pins ; LUT-Only LCs ; Register-Only LCs ; LUT/Register LCs ; Carry Chain LCs ; Packed LCs ; Full Hierarchy Name                                                        ; Library Name ;
+-------------------------------------------+-------------+--------------+-------------+------+--------------+-------------------+------------------+-----------------+------------+----------------------------------------------------------------------------+--------------+
; |lab8                                     ; 99 (0)      ; 53           ; 0           ; 32   ; 46 (0)       ; 25 (0)            ; 28 (0)           ; 14 (0)          ; 0 (0)      ; |lab8                                                                      ; work         ;
;    |collision:M10|                        ; 7 (7)       ; 1            ; 0           ; 0    ; 6 (6)        ; 0 (0)             ; 1 (1)            ; 0 (0)           ; 0 (0)      ; |lab8|collision:M10                                                        ; work         ;
;    |count6:M4|                            ; 2 (2)       ; 2            ; 0           ; 0    ; 0 (0)        ; 0 (0)             ; 2 (2)            ; 0 (0)           ; 0 (0)      ; |lab8|count6:M4                                                            ; work         ;
;    |freq_div:M6|                          ; 14 (0)      ; 14           ; 0           ; 0    ; 0 (0)        ; 0 (0)             ; 14 (0)           ; 14 (0)          ; 0 (0)      ; |lab8|freq_div:M6                                                          ; work         ;
;       |lpm_counter:divider_rtl_0|         ; 14 (0)      ; 14           ; 0           ; 0    ; 0 (0)        ; 0 (0)             ; 14 (0)           ; 14 (0)          ; 0 (0)      ; |lab8|freq_div:M6|lpm_counter:divider_rtl_0                                ; work         ;
;          |alt_counter_f10ke:wysi_counter| ; 14 (14)     ; 14           ; 0           ; 0    ; 0 (0)        ; 0 (0)             ; 14 (14)          ; 14 (14)         ; 0 (0)      ; |lab8|freq_div:M6|lpm_counter:divider_rtl_0|alt_counter_f10ke:wysi_counter ; work         ;
;    |idx:M8|                               ; 11 (11)     ; 11           ; 0           ; 0    ; 0 (0)        ; 6 (6)             ; 5 (5)            ; 0 (0)           ; 0 (0)      ; |lab8|idx:M8                                                               ; work         ;
;    |key_buff:M2|                          ; 5 (5)       ; 3            ; 0           ; 0    ; 2 (2)        ; 0 (0)             ; 3 (3)            ; 0 (0)           ; 0 (0)      ; |lab8|key_buff:M2                                                          ; work         ;
;    |key_decode:M1|                        ; 2 (2)       ; 0            ; 0           ; 0    ; 2 (2)        ; 0 (0)             ; 0 (0)            ; 0 (0)           ; 0 (0)      ; |lab8|key_decode:M1                                                        ; work         ;
;    |map:M7|                               ; 4 (4)       ; 0            ; 0           ; 0    ; 4 (4)        ; 0 (0)             ; 0 (0)            ; 0 (0)           ; 0 (0)      ; |lab8|map:M7                                                               ; work         ;
;    |mix:M9|                               ; 12 (12)     ; 0            ; 0           ; 0    ; 12 (12)      ; 0 (0)             ; 0 (0)            ; 0 (0)           ; 0 (0)      ; |lab8|mix:M9                                                               ; work         ;
;    |move:M5|                              ; 36 (2)      ; 16           ; 0           ; 0    ; 20 (2)       ; 14 (0)            ; 2 (0)            ; 0 (0)           ; 0 (0)      ; |lab8|move:M5                                                              ; work         ;
;       |shift:S1|                          ; 17 (17)     ; 8            ; 0           ; 0    ; 9 (9)        ; 7 (7)             ; 1 (1)            ; 0 (0)           ; 0 (0)      ; |lab8|move:M5|shift:S1                                                     ; work         ;
;       |shift:S2|                          ; 17 (17)     ; 8            ; 0           ; 0    ; 9 (9)        ; 7 (7)             ; 1 (1)            ; 0 (0)           ; 0 (0)      ; |lab8|move:M5|shift:S2                                                     ; work         ;
;    |vaild:M3|                             ; 6 (6)       ; 6            ; 0           ; 0    ; 0 (0)        ; 5 (5)             ; 1 (1)            ; 0 (0)           ; 0 (0)      ; |lab8|vaild:M3                                                             ; work         ;
+-------------------------------------------+-------------+--------------+-------------+------+--------------+-------------------+------------------+-----------------+------------+----------------------------------------------------------------------------+--------------+
Note: For table entries with two numbers listed, the numbers in parentheses indicate the number of resources of the given type used by the specific entity alone. The numbers listed outside of parentheses indicate the total resources of the given type used by the specific entity and all of its sub-entities in the hierarchy.


+-------------------------------------------------------------------+
; Registers Removed During Synthesis                                ;
+---------------------------------------+---------------------------+
; Register name                         ; Reason for Removal        ;
+---------------------------------------+---------------------------+
; count6:M4|count_out[0]                ; Merged with idx:M8|idx[0] ;
; Total Number of Removed Registers = 1 ;                           ;
+---------------------------------------+---------------------------+


+------------------------------------------------------+
; General Register Statistics                          ;
+----------------------------------------------+-------+
; Statistic                                    ; Value ;
+----------------------------------------------+-------+
; Total registers                              ; 53    ;
; Number of registers using Synchronous Clear  ; 0     ;
; Number of registers using Synchronous Load   ; 0     ;
; Number of registers using Asynchronous Clear ; 53    ;
; Number of registers using Asynchronous Load  ; 0     ;
; Number of registers using Clock Enable       ; 17    ;
; Number of registers using Preset             ; 0     ;
+----------------------------------------------+-------+


+--------------------------------------------------+
; Inverted Register Statistics                     ;
+----------------------------------------+---------+
; Inverted Register                      ; Fan out ;
+----------------------------------------+---------+
; idx:M8|row[7]                          ; 3       ;
; move:M5|shift:S1|out[3]                ; 3       ;
; move:M5|shift:S2|out[3]                ; 3       ;
; Total number of inverted registers = 3 ;         ;
+----------------------------------------+---------+


+--------------------------------------------------------------+
; Source assignments for freq_div:M6|lpm_counter:divider_rtl_0 ;
+---------------------------+-------+------+-------------------+
; Assignment                ; Value ; From ; To                ;
+---------------------------+-------+------+-------------------+
; SUPPRESS_DA_RULE_INTERNAL ; a101  ; -    ; -                 ;
; SUPPRESS_DA_RULE_INTERNAL ; s102  ; -    ; -                 ;
; SUPPRESS_DA_RULE_INTERNAL ; s103  ; -    ; -                 ;
+---------------------------+-------+------+-------------------+


+----------------------------------------------------------+
; Parameter Settings for User Entity Instance: freq_div:M6 ;
+----------------+-------+---------------------------------+
; Parameter Name ; Value ; Type                            ;
+----------------+-------+---------------------------------+
; exp            ; 14    ; Signed Integer                  ;
+----------------+-------+---------------------------------+
Note: In order to hide this table in the UI and the text report file, please set the "Show Parameter Settings Tables in Synthesis Report" option in "Analysis and Synthesis Settings -> More Settings" to "Off".


+----------------------------------------------------------------------------------------+
; Parameter Settings for Inferred Entity Instance: freq_div:M6|lpm_counter:divider_rtl_0 ;
+------------------------+-------------------+-------------------------------------------+
; Parameter Name         ; Value             ; Type                                      ;
+------------------------+-------------------+-------------------------------------------+
; AUTO_CARRY_CHAINS      ; ON                ; AUTO_CARRY                                ;
; IGNORE_CARRY_BUFFERS   ; OFF               ; IGNORE_CARRY                              ;
; AUTO_CASCADE_CHAINS    ; ON                ; AUTO_CASCADE                              ;
; IGNORE_CASCADE_BUFFERS ; OFF               ; IGNORE_CASCADE                            ;
; LPM_WIDTH              ; 14                ; Untyped                                   ;
; LPM_DIRECTION          ; UP                ; Untyped                                   ;
; LPM_MODULUS            ; 0                 ; Untyped                                   ;
; LPM_AVALUE             ; UNUSED            ; Untyped                                   ;
; LPM_SVALUE             ; UNUSED            ; Untyped                                   ;
; LPM_PORT_UPDOWN        ; PORT_CONNECTIVITY ; Untyped                                   ;
; DEVICE_FAMILY          ; FLEX10KA          ; Untyped                                   ;
; CARRY_CHAIN            ; MANUAL            ; Untyped                                   ;
; CARRY_CHAIN_LENGTH     ; 48                ; CARRY_CHAIN_LENGTH                        ;
; NOT_GATE_PUSH_BACK     ; ON                ; NOT_GATE_PUSH_BACK                        ;
; CARRY_CNT_EN           ; SMART             ; Untyped                                   ;
; LABWIDE_SCLR           ; ON                ; Untyped                                   ;
; USE_NEW_VERSION        ; TRUE              ; Untyped                                   ;
; CBXI_PARAMETER         ; NOTHING           ; Untyped                                   ;
+------------------------+-------------------+-------------------------------------------+
Note: In order to hide this table in the UI and the text report file, please set the "Show Parameter Settings Tables in Synthesis Report" option in "Analysis and Synthesis Settings -> More Settings" to "Off".


+-------------------------------+
; Analysis & Synthesis Messages ;
+-------------------------------+
Info: *******************************************************************
Info: Running Quartus II Analysis & Synthesis
    Info: Version 9.0 Build 235 06/17/2009 Service Pack 2 SJ Web Edition
    Info: Processing started: Thu Nov 12 11:02:37 2020
Info: Command: quartus_map --read_settings_files=on --write_settings_files=off lab8 -c lab8
Info: Found 12 design units, including 12 entities, in source file lab8.v
    Info: Found entity 1: lab8
    Info: Found entity 2: count6
    Info: Found entity 3: key_decode
    Info: Found entity 4: vaild
    Info: Found entity 5: key_buff
    Info: Found entity 6: freq_div
    Info: Found entity 7: move
    Info: Found entity 8: shift
    Info: Found entity 9: collision
    Info: Found entity 10: idx
    Info: Found entity 11: mix
    Info: Found entity 12: map
Info: Elaborating entity "lab8" for the top level hierarchy
Info: Elaborating entity "freq_div" for hierarchy "freq_div:M6"
Warning (10240): Verilog HDL Always Construct warning at lab8.v(135): inferring latch(es) for variable "i", which holds its previous value in one or more paths through the always construct
Info: Elaborating entity "key_decode" for hierarchy "key_decode:M1"
Info: Elaborating entity "key_buff" for hierarchy "key_buff:M2"
Info: Elaborating entity "vaild" for hierarchy "vaild:M3"
Info: Elaborating entity "count6" for hierarchy "count6:M4"
Info: Elaborating entity "move" for hierarchy "move:M5"
Info: Elaborating entity "shift" for hierarchy "move:M5|shift:S1"
Info: Elaborating entity "map" for hierarchy "map:M7"
Info: Elaborating entity "idx" for hierarchy "idx:M8"
Info: Elaborating entity "mix" for hierarchy "mix:M9"
Info: Elaborating entity "collision" for hierarchy "collision:M10"
Info: Inferred 1 megafunctions from design logic
    Info: Inferred lpm_counter megafunction (LPM_WIDTH=14) from the following logic: "freq_div:M6|divider[0]~0"
Info: Elaborated megafunction instantiation "freq_div:M6|lpm_counter:divider_rtl_0"
Info: Instantiated megafunction "freq_div:M6|lpm_counter:divider_rtl_0" with the following parameter:
    Info: Parameter "LPM_WIDTH" = "14"
    Info: Parameter "LPM_DIRECTION" = "UP"
    Info: Parameter "LPM_TYPE" = "LPM_COUNTER"
Info: Elaborated megafunction instantiation "freq_div:M6|lpm_counter:divider_rtl_0|alt_counter_f10ke:wysi_counter", which is child of megafunction instantiation "freq_div:M6|lpm_counter:divider_rtl_0"
Info: Registers with preset signals will power-up high
Info: Implemented 131 device resources after synthesis - the final resource count might be different
    Info: Implemented 5 input pins
    Info: Implemented 27 output pins
    Info: Implemented 99 logic cells
Info: Generated suppressed messages file D:/quartus9.0/fpga lab/quartus/lab8/lab8.map.smsg
Info: Quartus II Analysis & Synthesis was successful. 0 errors, 1 warning
    Info: Peak virtual memory: 238 megabytes
    Info: Processing ended: Thu Nov 12 11:02:39 2020
    Info: Elapsed time: 00:00:02
    Info: Total CPU time (on all processors): 00:00:01


+------------------------------------------+
; Analysis & Synthesis Suppressed Messages ;
+------------------------------------------+
The suppressed messages can be found in D:/quartus9.0/fpga lab/quartus/lab8/lab8.map.smsg.


