Analysis & Synthesis report for lab3_1self
Mon Jun 22 09:37:53 2020
Quartus II Version 9.0 Build 235 06/17/2009 Service Pack 2 SJ Web Edition


---------------------
; Table of Contents ;
---------------------
  1. Legal Notice
  2. Analysis & Synthesis Summary
  3. Analysis & Synthesis Settings
  4. Analysis & Synthesis Source Files Read
  5. Analysis & Synthesis Resource Usage Summary
  6. Analysis & Synthesis Resource Utilization by Entity
  7. General Register Statistics
  8. Inverted Register Statistics
  9. Source assignments for clocknew:m3|lpm_counter:count4reg_rtl_0
 10. Source assignments for freq_div:m2|lpm_counter:divider_rtl_1
 11. Source assignments for freq_div:m1|lpm_counter:divider_rtl_2
 12. Source assignments for clocknew:m3|lpm_add_sub:Add0|addcore:adder
 13. Parameter Settings for User Entity Instance: freq_div:m1
 14. Parameter Settings for User Entity Instance: freq_div:m2
 15. Parameter Settings for User Entity Instance: seg7_select:m5
 16. Parameter Settings for Inferred Entity Instance: clocknew:m3|lpm_counter:count4reg_rtl_0
 17. Parameter Settings for Inferred Entity Instance: freq_div:m2|lpm_counter:divider_rtl_1
 18. Parameter Settings for Inferred Entity Instance: freq_div:m1|lpm_counter:divider_rtl_2
 19. Parameter Settings for Inferred Entity Instance: clocknew:m3|lpm_add_sub:Add0
 20. Analysis & Synthesis Messages
 21. Analysis & Synthesis Suppressed Messages



----------------
; Legal Notice ;
----------------
Copyright (C) 1991-2009 Altera Corporation
Your use of Altera Corporation's design tools, logic functions 
and other software and tools, and its AMPP partner logic 
functions, and any output files from any of the foregoing 
(including device programming or simulation files), and any 
associated documentation or information are expressly subject 
to the terms and conditions of the Altera Program License 
Subscription Agreement, Altera MegaCore Function License 
Agreement, or other applicable license agreement, including, 
without limitation, that your use is for the sole purpose of 
programming logic devices manufactured by Altera and sold by 
Altera or its authorized distributors.  Please refer to the 
applicable agreement for further details.



+----------------------------------------------------------------------------+
; Analysis & Synthesis Summary                                               ;
+-----------------------------+----------------------------------------------+
; Analysis & Synthesis Status ; Successful - Mon Jun 22 09:37:53 2020        ;
; Quartus II Version          ; 9.0 Build 235 06/17/2009 SP 2 SJ Web Edition ;
; Revision Name               ; lab3_1self                                   ;
; Top-level Entity Name       ; lab3_1self                                   ;
; Family                      ; FLEX10KA                                     ;
; Total logic elements        ; 100                                          ;
; Total pins                  ; 16                                           ;
; Total memory bits           ; 0                                            ;
+-----------------------------+----------------------------------------------+


+-------------------------------------------------------------------------------------------------+
; Analysis & Synthesis Settings                                                                   ;
+--------------------------------------------------------------+------------------+---------------+
; Option                                                       ; Setting          ; Default Value ;
+--------------------------------------------------------------+------------------+---------------+
; Device                                                       ; EPF10K30ATC144-3 ;               ;
; Top-level entity name                                        ; lab3_1self       ; lab3_1self    ;
; Family name                                                  ; FLEX10KA         ; Stratix II    ;
; Use Generated Physical Constraints File                      ; Off              ;               ;
; Use smart compilation                                        ; Off              ; Off           ;
; Create Debugging Nodes for IP Cores                          ; Off              ; Off           ;
; Preserve fewer node names                                    ; On               ; On            ;
; Disable OpenCore Plus hardware evaluation                    ; Off              ; Off           ;
; Verilog Version                                              ; Verilog_2001     ; Verilog_2001  ;
; VHDL Version                                                 ; VHDL93           ; VHDL93        ;
; State Machine Processing                                     ; Auto             ; Auto          ;
; Safe State Machine                                           ; Off              ; Off           ;
; Extract Verilog State Machines                               ; On               ; On            ;
; Extract VHDL State Machines                                  ; On               ; On            ;
; Ignore Verilog initial constructs                            ; Off              ; Off           ;
; Iteration limit for constant Verilog loops                   ; 5000             ; 5000          ;
; Iteration limit for non-constant Verilog loops               ; 250              ; 250           ;
; Add Pass-Through Logic to Inferred RAMs                      ; On               ; On            ;
; Parallel Synthesis                                           ; Off              ; Off           ;
; NOT Gate Push-Back                                           ; On               ; On            ;
; Power-Up Don't Care                                          ; On               ; On            ;
; Remove Redundant Logic Cells                                 ; Off              ; Off           ;
; Remove Duplicate Registers                                   ; On               ; On            ;
; Ignore CARRY Buffers                                         ; Off              ; Off           ;
; Ignore CASCADE Buffers                                       ; Off              ; Off           ;
; Ignore GLOBAL Buffers                                        ; Off              ; Off           ;
; Ignore ROW GLOBAL Buffers                                    ; Off              ; Off           ;
; Ignore LCELL Buffers                                         ; Off              ; Off           ;
; Ignore SOFT Buffers                                          ; On               ; On            ;
; Limit AHDL Integers to 32 Bits                               ; Off              ; Off           ;
; Auto Implement in ROM                                        ; Off              ; Off           ;
; Optimization Technique                                       ; Area             ; Area          ;
; Carry Chain Length                                           ; 32               ; 32            ;
; Cascade Chain Length                                         ; 2                ; 2             ;
; Auto Carry Chains                                            ; On               ; On            ;
; Auto Open-Drain Pins                                         ; On               ; On            ;
; Auto ROM Replacement                                         ; On               ; On            ;
; Auto RAM Replacement                                         ; On               ; On            ;
; Auto Clock Enable Replacement                                ; On               ; On            ;
; Strict RAM Replacement                                       ; Off              ; Off           ;
; Auto Resource Sharing                                        ; Off              ; Off           ;
; Allow Any RAM Size For Recognition                           ; Off              ; Off           ;
; Allow Any ROM Size For Recognition                           ; Off              ; Off           ;
; Use LogicLock Constraints during Resource Balancing          ; On               ; On            ;
; Ignore translate_off and synthesis_off directives            ; Off              ; Off           ;
; Show Parameter Settings Tables in Synthesis Report           ; On               ; On            ;
; HDL message level                                            ; Level2           ; Level2        ;
; Suppress Register Optimization Related Messages              ; Off              ; Off           ;
; Number of Removed Registers Reported in Synthesis Report     ; 100              ; 100           ;
; Number of Inverted Registers Reported in Synthesis Report    ; 100              ; 100           ;
; Block Design Naming                                          ; Auto             ; Auto          ;
; Synthesis Effort                                             ; Auto             ; Auto          ;
; Shift Register Replacement - Allow Asynchronous Clear Signal ; On               ; On            ;
; Analysis & Synthesis Message Level                           ; Medium           ; Medium        ;
+--------------------------------------------------------------+------------------+---------------+


+-------------------------------------------------------------------------------------------------------------------------------------------------------+
; Analysis & Synthesis Source Files Read                                                                                                                ;
+----------------------------------+-----------------+------------------------+-------------------------------------------------------------------------+
; File Name with User-Entered Path ; Used in Netlist ; File Type              ; File Name with Absolute Path                                            ;
+----------------------------------+-----------------+------------------------+-------------------------------------------------------------------------+
; bcd_to_seg7_1.v                  ; yes             ; User Verilog HDL File  ; C:/altera/90sp2/quartus/lab3/lab3_1self/qts/bcd_to_seg7_1.v             ;
; clocknew.v                       ; yes             ; User Verilog HDL File  ; C:/altera/90sp2/quartus/lab3/lab3_1self/qts/clocknew.v                  ;
; freq_div.v                       ; yes             ; User Verilog HDL File  ; C:/altera/90sp2/quartus/lab3/lab3_1self/qts/freq_div.v                  ;
; seg7_select.v                    ; yes             ; User Verilog HDL File  ; C:/altera/90sp2/quartus/lab3/lab3_1self/qts/seg7_select.v               ;
; lab3_1self.v                     ; yes             ; User Verilog HDL File  ; C:/altera/90sp2/quartus/lab3/lab3_1self/qts/lab3_1self.v                ;
; lpm_counter.tdf                  ; yes             ; Megafunction           ; c:/altera/90sp2/quartus/libraries/megafunctions/lpm_counter.tdf         ;
; lpm_constant.inc                 ; yes             ; Megafunction           ; c:/altera/90sp2/quartus/libraries/megafunctions/lpm_constant.inc        ;
; lpm_decode.inc                   ; yes             ; Megafunction           ; c:/altera/90sp2/quartus/libraries/megafunctions/lpm_decode.inc          ;
; lpm_add_sub.inc                  ; yes             ; Megafunction           ; c:/altera/90sp2/quartus/libraries/megafunctions/lpm_add_sub.inc         ;
; cmpconst.inc                     ; yes             ; Megafunction           ; c:/altera/90sp2/quartus/libraries/megafunctions/cmpconst.inc            ;
; lpm_compare.inc                  ; yes             ; Megafunction           ; c:/altera/90sp2/quartus/libraries/megafunctions/lpm_compare.inc         ;
; lpm_counter.inc                  ; yes             ; Megafunction           ; c:/altera/90sp2/quartus/libraries/megafunctions/lpm_counter.inc         ;
; dffeea.inc                       ; yes             ; Megafunction           ; c:/altera/90sp2/quartus/libraries/megafunctions/dffeea.inc              ;
; alt_synch_counter.inc            ; yes             ; Megafunction           ; c:/altera/90sp2/quartus/libraries/megafunctions/alt_synch_counter.inc   ;
; alt_synch_counter_f.inc          ; yes             ; Megafunction           ; c:/altera/90sp2/quartus/libraries/megafunctions/alt_synch_counter_f.inc ;
; alt_counter_f10ke.inc            ; yes             ; Megafunction           ; c:/altera/90sp2/quartus/libraries/megafunctions/alt_counter_f10ke.inc   ;
; alt_counter_stratix.inc          ; yes             ; Megafunction           ; c:/altera/90sp2/quartus/libraries/megafunctions/alt_counter_stratix.inc ;
; aglobal90.inc                    ; yes             ; Megafunction           ; c:/altera/90sp2/quartus/libraries/megafunctions/aglobal90.inc           ;
; alt_counter_f10ke.tdf            ; yes             ; Megafunction           ; c:/altera/90sp2/quartus/libraries/megafunctions/alt_counter_f10ke.tdf   ;
; flex10ke_lcell.inc               ; yes             ; Megafunction           ; c:/altera/90sp2/quartus/libraries/megafunctions/flex10ke_lcell.inc      ;
; lpm_add_sub.tdf                  ; yes             ; Megafunction           ; c:/altera/90sp2/quartus/libraries/megafunctions/lpm_add_sub.tdf         ;
; addcore.inc                      ; yes             ; Megafunction           ; c:/altera/90sp2/quartus/libraries/megafunctions/addcore.inc             ;
; look_add.inc                     ; yes             ; Megafunction           ; c:/altera/90sp2/quartus/libraries/megafunctions/look_add.inc            ;
; bypassff.inc                     ; yes             ; Megafunction           ; c:/altera/90sp2/quartus/libraries/megafunctions/bypassff.inc            ;
; altshift.inc                     ; yes             ; Megafunction           ; c:/altera/90sp2/quartus/libraries/megafunctions/altshift.inc            ;
; alt_stratix_add_sub.inc          ; yes             ; Megafunction           ; c:/altera/90sp2/quartus/libraries/megafunctions/alt_stratix_add_sub.inc ;
; alt_mercury_add_sub.inc          ; yes             ; Megafunction           ; c:/altera/90sp2/quartus/libraries/megafunctions/alt_mercury_add_sub.inc ;
; addcore.tdf                      ; yes             ; Megafunction           ; c:/altera/90sp2/quartus/libraries/megafunctions/addcore.tdf             ;
; a_csnbuffer.inc                  ; yes             ; Megafunction           ; c:/altera/90sp2/quartus/libraries/megafunctions/a_csnbuffer.inc         ;
; a_csnbuffer.tdf                  ; yes             ; Megafunction           ; c:/altera/90sp2/quartus/libraries/megafunctions/a_csnbuffer.tdf         ;
; altshift.tdf                     ; yes             ; Megafunction           ; c:/altera/90sp2/quartus/libraries/megafunctions/altshift.tdf            ;
+----------------------------------+-----------------+------------------------+-------------------------------------------------------------------------+


+---------------------------------------------+
; Analysis & Synthesis Resource Usage Summary ;
+-----------------------------------+---------+
; Resource                          ; Usage   ;
+-----------------------------------+---------+
; Total logic elements              ; 100     ;
; Total combinational functions     ; 95      ;
;     -- Total 4-input functions    ; 32      ;
;     -- Total 3-input functions    ; 18      ;
;     -- Total 2-input functions    ; 13      ;
;     -- Total 1-input functions    ; 8       ;
;     -- Total 0-input functions    ; 24      ;
; Total registers                   ; 51      ;
; Total logic cells in carry chains ; 31      ;
; I/O pins                          ; 16      ;
; Maximum fan-out node              ; reset   ;
; Maximum fan-out                   ; 51      ;
; Total fan-out                     ; 384     ;
; Average fan-out                   ; 3.31    ;
+-----------------------------------+---------+


+--------------------------------------------------------------------------------------------------------------------------------------------------------------------------------------------------------------------------------------------------------------------------------------+
; Analysis & Synthesis Resource Utilization by Entity                                                                                                                                                                                                                                  ;
+-------------------------------------------+-------------+--------------+-------------+------+--------------+-------------------+------------------+-----------------+------------+------------------------------------------------------------------------------------+--------------+
; Compilation Hierarchy Node                ; Logic Cells ; LC Registers ; Memory Bits ; Pins ; LUT-Only LCs ; Register-Only LCs ; LUT/Register LCs ; Carry Chain LCs ; Packed LCs ; Full Hierarchy Name                                                                ; Library Name ;
+-------------------------------------------+-------------+--------------+-------------+------+--------------+-------------------+------------------+-----------------+------------+------------------------------------------------------------------------------------+--------------+
; |lab3_1self                               ; 100 (21)    ; 51           ; 0           ; 16   ; 49 (21)      ; 5 (0)             ; 46 (0)           ; 31 (0)          ; 0 (0)      ; |lab3_1self                                                                        ; work         ;
;    |bcd_to_seg7_1:m4|                     ; 7 (7)       ; 0            ; 0           ; 0    ; 7 (7)        ; 0 (0)             ; 0 (0)            ; 0 (0)           ; 0 (0)      ; |lab3_1self|bcd_to_seg7_1:m4                                                       ; work         ;
;    |clocknew:m3|                          ; 46 (37)     ; 25           ; 0           ; 0    ; 21 (16)      ; 5 (5)             ; 20 (16)          ; 8 (0)           ; 0 (0)      ; |lab3_1self|clocknew:m3                                                            ; work         ;
;       |lpm_add_sub:Add0|                  ; 4 (0)       ; 0            ; 0           ; 0    ; 4 (0)        ; 0 (0)             ; 0 (0)            ; 4 (0)           ; 0 (0)      ; |lab3_1self|clocknew:m3|lpm_add_sub:Add0                                           ; work         ;
;          |addcore:adder|                  ; 4 (1)       ; 0            ; 0           ; 0    ; 4 (1)        ; 0 (0)             ; 0 (0)            ; 4 (1)           ; 0 (0)      ; |lab3_1self|clocknew:m3|lpm_add_sub:Add0|addcore:adder                             ; work         ;
;             |a_csnbuffer:result_node|     ; 3 (3)       ; 0            ; 0           ; 0    ; 3 (3)        ; 0 (0)             ; 0 (0)            ; 3 (3)           ; 0 (0)      ; |lab3_1self|clocknew:m3|lpm_add_sub:Add0|addcore:adder|a_csnbuffer:result_node     ; work         ;
;       |lpm_counter:count4reg_rtl_0|       ; 5 (0)       ; 4            ; 0           ; 0    ; 1 (0)        ; 0 (0)             ; 4 (0)            ; 4 (0)           ; 0 (0)      ; |lab3_1self|clocknew:m3|lpm_counter:count4reg_rtl_0                                ; work         ;
;          |alt_counter_f10ke:wysi_counter| ; 5 (5)       ; 4            ; 0           ; 0    ; 1 (1)        ; 0 (0)             ; 4 (4)            ; 4 (4)           ; 0 (0)      ; |lab3_1self|clocknew:m3|lpm_counter:count4reg_rtl_0|alt_counter_f10ke:wysi_counter ; work         ;
;    |freq_div:m1|                          ; 13 (0)      ; 13           ; 0           ; 0    ; 0 (0)        ; 0 (0)             ; 13 (0)           ; 13 (0)          ; 0 (0)      ; |lab3_1self|freq_div:m1                                                            ; work         ;
;       |lpm_counter:divider_rtl_2|         ; 13 (0)      ; 13           ; 0           ; 0    ; 0 (0)        ; 0 (0)             ; 13 (0)           ; 13 (0)          ; 0 (0)      ; |lab3_1self|freq_div:m1|lpm_counter:divider_rtl_2                                  ; work         ;
;          |alt_counter_f10ke:wysi_counter| ; 13 (13)     ; 13           ; 0           ; 0    ; 0 (0)        ; 0 (0)             ; 13 (13)          ; 13 (13)         ; 0 (0)      ; |lab3_1self|freq_div:m1|lpm_counter:divider_rtl_2|alt_counter_f10ke:wysi_counter   ; work         ;
;    |freq_div:m2|                          ; 10 (0)      ; 10           ; 0           ; 0    ; 0 (0)        ; 0 (0)             ; 10 (0)           ; 10 (0)          ; 0 (0)      ; |lab3_1self|freq_div:m2                                                            ; work         ;
;       |lpm_counter:divider_rtl_1|         ; 10 (0)      ; 10           ; 0           ; 0    ; 0 (0)        ; 0 (0)             ; 10 (0)           ; 10 (0)          ; 0 (0)      ; |lab3_1self|freq_div:m2|lpm_counter:divider_rtl_1                                  ; work         ;
;          |alt_counter_f10ke:wysi_counter| ; 10 (10)     ; 10           ; 0           ; 0    ; 0 (0)        ; 0 (0)             ; 10 (10)          ; 10 (10)         ; 0 (0)      ; |lab3_1self|freq_div:m2|lpm_counter:divider_rtl_1|alt_counter_f10ke:wysi_counter   ; work         ;
;    |seg7_select:m5|                       ; 3 (3)       ; 3            ; 0           ; 0    ; 0 (0)        ; 0 (0)             ; 3 (3)            ; 0 (0)           ; 0 (0)      ; |lab3_1self|seg7_select:m5                                                         ; work         ;
+-------------------------------------------+-------------+--------------+-------------+------+--------------+-------------------+------------------+-----------------+------------+------------------------------------------------------------------------------------+--------------+
Note: For table entries with two numbers listed, the numbers in parentheses indicate the number of resources of the given type used by the specific entity alone. The numbers listed outside of parentheses indicate the total resources of the given type used by the specific entity and all of its sub-entities in the hierarchy.


+------------------------------------------------------+
; General Register Statistics                          ;
+----------------------------------------------+-------+
; Statistic                                    ; Value ;
+----------------------------------------------+-------+
; Total registers                              ; 51    ;
; Number of registers using Synchronous Clear  ; 4     ;
; Number of registers using Synchronous Load   ; 0     ;
; Number of registers using Asynchronous Clear ; 51    ;
; Number of registers using Asynchronous Load  ; 0     ;
; Number of registers using Clock Enable       ; 25    ;
; Number of registers using Preset             ; 0     ;
+----------------------------------------------+-------+


+--------------------------------------------------+
; Inverted Register Statistics                     ;
+----------------------------------------+---------+
; Inverted Register                      ; Fan out ;
+----------------------------------------+---------+
; seg7_select:m5|seg7_sel[0]             ; 9       ;
; seg7_select:m5|seg7_sel[2]             ; 20      ;
; Total number of inverted registers = 2 ;         ;
+----------------------------------------+---------+


+----------------------------------------------------------------+
; Source assignments for clocknew:m3|lpm_counter:count4reg_rtl_0 ;
+---------------------------+-------+------+---------------------+
; Assignment                ; Value ; From ; To                  ;
+---------------------------+-------+------+---------------------+
; SUPPRESS_DA_RULE_INTERNAL ; a101  ; -    ; -                   ;
; SUPPRESS_DA_RULE_INTERNAL ; s102  ; -    ; -                   ;
; SUPPRESS_DA_RULE_INTERNAL ; s103  ; -    ; -                   ;
+---------------------------+-------+------+---------------------+


+--------------------------------------------------------------+
; Source assignments for freq_div:m2|lpm_counter:divider_rtl_1 ;
+---------------------------+-------+------+-------------------+
; Assignment                ; Value ; From ; To                ;
+---------------------------+-------+------+-------------------+
; SUPPRESS_DA_RULE_INTERNAL ; a101  ; -    ; -                 ;
; SUPPRESS_DA_RULE_INTERNAL ; s102  ; -    ; -                 ;
; SUPPRESS_DA_RULE_INTERNAL ; s103  ; -    ; -                 ;
+---------------------------+-------+------+-------------------+


+--------------------------------------------------------------+
; Source assignments for freq_div:m1|lpm_counter:divider_rtl_2 ;
+---------------------------+-------+------+-------------------+
; Assignment                ; Value ; From ; To                ;
+---------------------------+-------+------+-------------------+
; SUPPRESS_DA_RULE_INTERNAL ; a101  ; -    ; -                 ;
; SUPPRESS_DA_RULE_INTERNAL ; s102  ; -    ; -                 ;
; SUPPRESS_DA_RULE_INTERNAL ; s103  ; -    ; -                 ;
+---------------------------+-------+------+-------------------+


+-------------------------------------------------------------------+
; Source assignments for clocknew:m3|lpm_add_sub:Add0|addcore:adder ;
+---------------------------+-------+------+------------------------+
; Assignment                ; Value ; From ; To                     ;
+---------------------------+-------+------+------------------------+
; SUPPRESS_DA_RULE_INTERNAL ; A103  ; -    ; -                      ;
+---------------------------+-------+------+------------------------+


+----------------------------------------------------------+
; Parameter Settings for User Entity Instance: freq_div:m1 ;
+----------------+-------+---------------------------------+
; Parameter Name ; Value ; Type                            ;
+----------------+-------+---------------------------------+
; exp            ; 13    ; Signed Integer                  ;
+----------------+-------+---------------------------------+
Note: In order to hide this table in the UI and the text report file, please set the "Show Parameter Settings Tables in Synthesis Report" option in "Analysis and Synthesis Settings -> More Settings" to "Off".


+----------------------------------------------------------+
; Parameter Settings for User Entity Instance: freq_div:m2 ;
+----------------+-------+---------------------------------+
; Parameter Name ; Value ; Type                            ;
+----------------+-------+---------------------------------+
; exp            ; 10    ; Signed Integer                  ;
+----------------+-------+---------------------------------+
Note: In order to hide this table in the UI and the text report file, please set the "Show Parameter Settings Tables in Synthesis Report" option in "Analysis and Synthesis Settings -> More Settings" to "Off".


+-------------------------------------------------------------+
; Parameter Settings for User Entity Instance: seg7_select:m5 ;
+----------------+-------+------------------------------------+
; Parameter Name ; Value ; Type                               ;
+----------------+-------+------------------------------------+
; num_use        ; 6     ; Signed Integer                     ;
+----------------+-------+------------------------------------+
Note: In order to hide this table in the UI and the text report file, please set the "Show Parameter Settings Tables in Synthesis Report" option in "Analysis and Synthesis Settings -> More Settings" to "Off".


+------------------------------------------------------------------------------------------+
; Parameter Settings for Inferred Entity Instance: clocknew:m3|lpm_counter:count4reg_rtl_0 ;
+------------------------+-------------------+---------------------------------------------+
; Parameter Name         ; Value             ; Type                                        ;
+------------------------+-------------------+---------------------------------------------+
; AUTO_CARRY_CHAINS      ; ON                ; AUTO_CARRY                                  ;
; IGNORE_CARRY_BUFFERS   ; OFF               ; IGNORE_CARRY                                ;
; AUTO_CASCADE_CHAINS    ; ON                ; AUTO_CASCADE                                ;
; IGNORE_CASCADE_BUFFERS ; OFF               ; IGNORE_CASCADE                              ;
; LPM_WIDTH              ; 4                 ; Untyped                                     ;
; LPM_DIRECTION          ; UP                ; Untyped                                     ;
; LPM_MODULUS            ; 0                 ; Untyped                                     ;
; LPM_AVALUE             ; UNUSED            ; Untyped                                     ;
; LPM_SVALUE             ; UNUSED            ; Untyped                                     ;
; LPM_PORT_UPDOWN        ; PORT_CONNECTIVITY ; Untyped                                     ;
; DEVICE_FAMILY          ; FLEX10KA          ; Untyped                                     ;
; CARRY_CHAIN            ; MANUAL            ; Untyped                                     ;
; CARRY_CHAIN_LENGTH     ; 48                ; CARRY_CHAIN_LENGTH                          ;
; NOT_GATE_PUSH_BACK     ; ON                ; NOT_GATE_PUSH_BACK                          ;
; CARRY_CNT_EN           ; SMART             ; Untyped                                     ;
; LABWIDE_SCLR           ; ON                ; Untyped                                     ;
; USE_NEW_VERSION        ; TRUE              ; Untyped                                     ;
; CBXI_PARAMETER         ; NOTHING           ; Untyped                                     ;
+------------------------+-------------------+---------------------------------------------+
Note: In order to hide this table in the UI and the text report file, please set the "Show Parameter Settings Tables in Synthesis Report" option in "Analysis and Synthesis Settings -> More Settings" to "Off".


+----------------------------------------------------------------------------------------+
; Parameter Settings for Inferred Entity Instance: freq_div:m2|lpm_counter:divider_rtl_1 ;
+------------------------+-------------------+-------------------------------------------+
; Parameter Name         ; Value             ; Type                                      ;
+------------------------+-------------------+-------------------------------------------+
; AUTO_CARRY_CHAINS      ; ON                ; AUTO_CARRY                                ;
; IGNORE_CARRY_BUFFERS   ; OFF               ; IGNORE_CARRY                              ;
; AUTO_CASCADE_CHAINS    ; ON                ; AUTO_CASCADE                              ;
; IGNORE_CASCADE_BUFFERS ; OFF               ; IGNORE_CASCADE                            ;
; LPM_WIDTH              ; 10                ; Untyped                                   ;
; LPM_DIRECTION          ; UP                ; Untyped                                   ;
; LPM_MODULUS            ; 0                 ; Untyped                                   ;
; LPM_AVALUE             ; UNUSED            ; Untyped                                   ;
; LPM_SVALUE             ; UNUSED            ; Untyped                                   ;
; LPM_PORT_UPDOWN        ; PORT_CONNECTIVITY ; Untyped                                   ;
; DEVICE_FAMILY          ; FLEX10KA          ; Untyped                                   ;
; CARRY_CHAIN            ; MANUAL            ; Untyped                                   ;
; CARRY_CHAIN_LENGTH     ; 48                ; CARRY_CHAIN_LENGTH                        ;
; NOT_GATE_PUSH_BACK     ; ON                ; NOT_GATE_PUSH_BACK                        ;
; CARRY_CNT_EN           ; SMART             ; Untyped                                   ;
; LABWIDE_SCLR           ; ON                ; Untyped                                   ;
; USE_NEW_VERSION        ; TRUE              ; Untyped                                   ;
; CBXI_PARAMETER         ; NOTHING           ; Untyped                                   ;
+------------------------+-------------------+-------------------------------------------+
Note: In order to hide this table in the UI and the text report file, please set the "Show Parameter Settings Tables in Synthesis Report" option in "Analysis and Synthesis Settings -> More Settings" to "Off".


+----------------------------------------------------------------------------------------+
; Parameter Settings for Inferred Entity Instance: freq_div:m1|lpm_counter:divider_rtl_2 ;
+------------------------+-------------------+-------------------------------------------+
; Parameter Name         ; Value             ; Type                                      ;
+------------------------+-------------------+-------------------------------------------+
; AUTO_CARRY_CHAINS      ; ON                ; AUTO_CARRY                                ;
; IGNORE_CARRY_BUFFERS   ; OFF               ; IGNORE_CARRY                              ;
; AUTO_CASCADE_CHAINS    ; ON                ; AUTO_CASCADE                              ;
; IGNORE_CASCADE_BUFFERS ; OFF               ; IGNORE_CASCADE                            ;
; LPM_WIDTH              ; 13                ; Untyped                                   ;
; LPM_DIRECTION          ; UP                ; Untyped                                   ;
; LPM_MODULUS            ; 0                 ; Untyped                                   ;
; LPM_AVALUE             ; UNUSED            ; Untyped                                   ;
; LPM_SVALUE             ; UNUSED            ; Untyped                                   ;
; LPM_PORT_UPDOWN        ; PORT_CONNECTIVITY ; Untyped                                   ;
; DEVICE_FAMILY          ; FLEX10KA          ; Untyped                                   ;
; CARRY_CHAIN            ; MANUAL            ; Untyped                                   ;
; CARRY_CHAIN_LENGTH     ; 48                ; CARRY_CHAIN_LENGTH                        ;
; NOT_GATE_PUSH_BACK     ; ON                ; NOT_GATE_PUSH_BACK                        ;
; CARRY_CNT_EN           ; SMART             ; Untyped                                   ;
; LABWIDE_SCLR           ; ON                ; Untyped                                   ;
; USE_NEW_VERSION        ; TRUE              ; Untyped                                   ;
; CBXI_PARAMETER         ; NOTHING           ; Untyped                                   ;
+------------------------+-------------------+-------------------------------------------+
Note: In order to hide this table in the UI and the text report file, please set the "Show Parameter Settings Tables in Synthesis Report" option in "Analysis and Synthesis Settings -> More Settings" to "Off".


+-------------------------------------------------------------------------------+
; Parameter Settings for Inferred Entity Instance: clocknew:m3|lpm_add_sub:Add0 ;
+------------------------+-------------+----------------------------------------+
; Parameter Name         ; Value       ; Type                                   ;
+------------------------+-------------+----------------------------------------+
; LPM_WIDTH              ; 4           ; Untyped                                ;
; LPM_REPRESENTATION     ; UNSIGNED    ; Untyped                                ;
; LPM_DIRECTION          ; ADD         ; Untyped                                ;
; ONE_INPUT_IS_CONSTANT  ; NO          ; Untyped                                ;
; LPM_PIPELINE           ; 0           ; Untyped                                ;
; MAXIMIZE_SPEED         ; 5           ; Untyped                                ;
; REGISTERED_AT_END      ; 0           ; Untyped                                ;
; OPTIMIZE_FOR_SPEED     ; 1           ; Untyped                                ;
; USE_CS_BUFFERS         ; 1           ; Untyped                                ;
; CARRY_CHAIN            ; MANUAL      ; Untyped                                ;
; CARRY_CHAIN_LENGTH     ; 48          ; CARRY_CHAIN_LENGTH                     ;
; DEVICE_FAMILY          ; FLEX10KA    ; Untyped                                ;
; USE_WYS                ; OFF         ; Untyped                                ;
; STYLE                  ; FAST        ; Untyped                                ;
; CBXI_PARAMETER         ; add_sub_vmh ; Untyped                                ;
; AUTO_CARRY_CHAINS      ; ON          ; AUTO_CARRY                             ;
; IGNORE_CARRY_BUFFERS   ; OFF         ; IGNORE_CARRY                           ;
; AUTO_CASCADE_CHAINS    ; ON          ; AUTO_CASCADE                           ;
; IGNORE_CASCADE_BUFFERS ; OFF         ; IGNORE_CASCADE                         ;
+------------------------+-------------+----------------------------------------+
Note: In order to hide this table in the UI and the text report file, please set the "Show Parameter Settings Tables in Synthesis Report" option in "Analysis and Synthesis Settings -> More Settings" to "Off".


+-------------------------------+
; Analysis & Synthesis Messages ;
+-------------------------------+
Info: *******************************************************************
Info: Running Quartus II Analysis & Synthesis
    Info: Version 9.0 Build 235 06/17/2009 Service Pack 2 SJ Web Edition
    Info: Processing started: Mon Jun 22 09:37:48 2020
Info: Command: quartus_map --read_settings_files=on --write_settings_files=off lab3_1self -c lab3_1self
Info: Found 1 design units, including 1 entities, in source file bcd_to_seg7_1.v
    Info: Found entity 1: bcd_to_seg7_1
Info: Found 1 design units, including 1 entities, in source file clocknew.v
    Info: Found entity 1: clocknew
Info: Found 1 design units, including 1 entities, in source file count_00_23_bcd.v
    Info: Found entity 1: count_00_23_bcd
Info: Found 1 design units, including 1 entities, in source file count_00_59_bcd.v
    Info: Found entity 1: count_00_59_bcd
Info: Found 1 design units, including 1 entities, in source file freq_div.v
    Info: Found entity 1: freq_div
Info: Found 1 design units, including 1 entities, in source file seg7_select.v
    Info: Found entity 1: seg7_select
Info: Found 1 design units, including 1 entities, in source file lab3_1self.v
    Info: Found entity 1: lab3_1self
Info: Elaborating entity "lab3_1self" for the top level hierarchy
Info: Elaborating entity "freq_div" for hierarchy "freq_div:m1"
Warning (10240): Verilog HDL Always Construct warning at freq_div.v(11): inferring latch(es) for variable "i", which holds its previous value in one or more paths through the always construct
Info: Elaborating entity "freq_div" for hierarchy "freq_div:m2"
Warning (10240): Verilog HDL Always Construct warning at freq_div.v(11): inferring latch(es) for variable "i", which holds its previous value in one or more paths through the always construct
Info: Elaborating entity "clocknew" for hierarchy "clocknew:m3"
Info: Elaborating entity "bcd_to_seg7_1" for hierarchy "bcd_to_seg7_1:m4"
Info: Elaborating entity "seg7_select" for hierarchy "seg7_select:m5"
Info: Inferred 3 megafunctions from design logic
    Info: Inferred lpm_counter megafunction (LPM_WIDTH=4) from the following logic: "clocknew:m3|count4reg[0]~24"
    Info: Inferred lpm_counter megafunction (LPM_WIDTH=10) from the following logic: "freq_div:m2|divider[0]~0"
    Info: Inferred lpm_counter megafunction (LPM_WIDTH=13) from the following logic: "freq_div:m1|divider[0]~0"
Info: Inferred 1 megafunctions from design logic
    Info: Inferred adder/subtractor megafunction ("lpm_add_sub") from the following logic: "clocknew:m3|Add0"
Info: Elaborated megafunction instantiation "clocknew:m3|lpm_counter:count4reg_rtl_0"
Info: Instantiated megafunction "clocknew:m3|lpm_counter:count4reg_rtl_0" with the following parameter:
    Info: Parameter "LPM_WIDTH" = "4"
    Info: Parameter "LPM_DIRECTION" = "UP"
    Info: Parameter "LPM_TYPE" = "LPM_COUNTER"
Info: Elaborated megafunction instantiation "clocknew:m3|lpm_counter:count4reg_rtl_0|alt_counter_f10ke:wysi_counter", which is child of megafunction instantiation "clocknew:m3|lpm_counter:count4reg_rtl_0"
Info: Elaborated megafunction instantiation "freq_div:m2|lpm_counter:divider_rtl_1"
Info: Instantiated megafunction "freq_div:m2|lpm_counter:divider_rtl_1" with the following parameter:
    Info: Parameter "LPM_WIDTH" = "10"
    Info: Parameter "LPM_DIRECTION" = "UP"
    Info: Parameter "LPM_TYPE" = "LPM_COUNTER"
Info: Elaborated megafunction instantiation "freq_div:m2|lpm_counter:divider_rtl_1|alt_counter_f10ke:wysi_counter", which is child of megafunction instantiation "freq_div:m2|lpm_counter:divider_rtl_1"
Info: Elaborated megafunction instantiation "freq_div:m1|lpm_counter:divider_rtl_2"
Info: Instantiated megafunction "freq_div:m1|lpm_counter:divider_rtl_2" with the following parameter:
    Info: Parameter "LPM_WIDTH" = "13"
    Info: Parameter "LPM_DIRECTION" = "UP"
    Info: Parameter "LPM_TYPE" = "LPM_COUNTER"
Info: Elaborated megafunction instantiation "freq_div:m1|lpm_counter:divider_rtl_2|alt_counter_f10ke:wysi_counter", which is child of megafunction instantiation "freq_div:m1|lpm_counter:divider_rtl_2"
Info: Elaborated megafunction instantiation "clocknew:m3|lpm_add_sub:Add0"
Info: Instantiated megafunction "clocknew:m3|lpm_add_sub:Add0" with the following parameter:
    Info: Parameter "LPM_WIDTH" = "4"
    Info: Parameter "LPM_DIRECTION" = "ADD"
    Info: Parameter "LPM_REPRESENTATION" = "UNSIGNED"
    Info: Parameter "ONE_INPUT_IS_CONSTANT" = "NO"
Info: Elaborated megafunction instantiation "clocknew:m3|lpm_add_sub:Add0|addcore:adder", which is child of megafunction instantiation "clocknew:m3|lpm_add_sub:Add0"
Info: Elaborated megafunction instantiation "clocknew:m3|lpm_add_sub:Add0|addcore:adder|a_csnbuffer:oflow_node", which is child of megafunction instantiation "clocknew:m3|lpm_add_sub:Add0"
Info: Elaborated megafunction instantiation "clocknew:m3|lpm_add_sub:Add0|addcore:adder|a_csnbuffer:result_node", which is child of megafunction instantiation "clocknew:m3|lpm_add_sub:Add0"
Info: Elaborated megafunction instantiation "clocknew:m3|lpm_add_sub:Add0|altshift:result_ext_latency_ffs", which is child of megafunction instantiation "clocknew:m3|lpm_add_sub:Add0"
Info: Elaborated megafunction instantiation "clocknew:m3|lpm_add_sub:Add0|altshift:carry_ext_latency_ffs", which is child of megafunction instantiation "clocknew:m3|lpm_add_sub:Add0"
Warning: Output pins are stuck at VCC or GND
    Warning (13410): Pin "led_com" is stuck at VCC
Info: Registers with preset signals will power-up high
Info: Implemented 116 device resources after synthesis - the final resource count might be different
    Info: Implemented 3 input pins
    Info: Implemented 13 output pins
    Info: Implemented 100 logic cells
Info: Generated suppressed messages file C:/altera/90sp2/quartus/lab3/lab3_1self/qts/lab3_1self.map.smsg
Info: Quartus II Analysis & Synthesis was successful. 0 errors, 4 warnings
    Info: Peak virtual memory: 224 megabytes
    Info: Processing ended: Mon Jun 22 09:37:53 2020
    Info: Elapsed time: 00:00:05
    Info: Total CPU time (on all processors): 00:00:04


+------------------------------------------+
; Analysis & Synthesis Suppressed Messages ;
+------------------------------------------+
The suppressed messages can be found in C:/altera/90sp2/quartus/lab3/lab3_1self/qts/lab3_1self.map.smsg.


