Analysis & Synthesis report for lab2_3
Thu Jun 18 11:06:20 2020
Quartus II Version 9.0 Build 235 06/17/2009 Service Pack 2 SJ Web Edition


---------------------
; Table of Contents ;
---------------------
  1. Legal Notice
  2. Analysis & Synthesis Summary
  3. Analysis & Synthesis Settings
  4. Analysis & Synthesis Source Files Read
  5. Analysis & Synthesis Resource Usage Summary
  6. Analysis & Synthesis Resource Utilization by Entity
  7. Registers Removed During Synthesis
  8. General Register Statistics
  9. Inverted Register Statistics
 10. Source assignments for freq_div:comb_11|lpm_counter:divider_rtl_0
 11. Source assignments for freq_div:comb_10|lpm_counter:divider_rtl_1
 12. Parameter Settings for User Entity Instance: freq_div:comb_10
 13. Parameter Settings for User Entity Instance: freq_div:comb_11
 14. Parameter Settings for User Entity Instance: seg7_select:comb_14
 15. Parameter Settings for Inferred Entity Instance: freq_div:comb_11|lpm_counter:divider_rtl_0
 16. Parameter Settings for Inferred Entity Instance: freq_div:comb_10|lpm_counter:divider_rtl_1
 17. Analysis & Synthesis Messages



----------------
; Legal Notice ;
----------------
Copyright (C) 1991-2009 Altera Corporation
Your use of Altera Corporation's design tools, logic functions 
and other software and tools, and its AMPP partner logic 
functions, and any output files from any of the foregoing 
(including device programming or simulation files), and any 
associated documentation or information are expressly subject 
to the terms and conditions of the Altera Program License 
Subscription Agreement, Altera MegaCore Function License 
Agreement, or other applicable license agreement, including, 
without limitation, that your use is for the sole purpose of 
programming logic devices manufactured by Altera and sold by 
Altera or its authorized distributors.  Please refer to the 
applicable agreement for further details.



+----------------------------------------------------------------------------+
; Analysis & Synthesis Summary                                               ;
+-----------------------------+----------------------------------------------+
; Analysis & Synthesis Status ; Successful - Thu Jun 18 11:06:20 2020        ;
; Quartus II Version          ; 9.0 Build 235 06/17/2009 SP 2 SJ Web Edition ;
; Revision Name               ; lab2_3                                       ;
; Top-level Entity Name       ; lab2_3                                       ;
; Family                      ; FLEX10KA                                     ;
; Total logic elements        ; 64                                           ;
; Total pins                  ; 16                                           ;
; Total memory bits           ; 0                                            ;
+-----------------------------+----------------------------------------------+


+-------------------------------------------------------------------------------------------------+
; Analysis & Synthesis Settings                                                                   ;
+--------------------------------------------------------------+------------------+---------------+
; Option                                                       ; Setting          ; Default Value ;
+--------------------------------------------------------------+------------------+---------------+
; Device                                                       ; EPF10K30ATC144-3 ;               ;
; Top-level entity name                                        ; lab2_3           ; lab2_3        ;
; Family name                                                  ; FLEX10KA         ; Stratix II    ;
; Use Generated Physical Constraints File                      ; Off              ;               ;
; Use smart compilation                                        ; Off              ; Off           ;
; Create Debugging Nodes for IP Cores                          ; Off              ; Off           ;
; Preserve fewer node names                                    ; On               ; On            ;
; Disable OpenCore Plus hardware evaluation                    ; Off              ; Off           ;
; Verilog Version                                              ; Verilog_2001     ; Verilog_2001  ;
; VHDL Version                                                 ; VHDL93           ; VHDL93        ;
; State Machine Processing                                     ; Auto             ; Auto          ;
; Safe State Machine                                           ; Off              ; Off           ;
; Extract Verilog State Machines                               ; On               ; On            ;
; Extract VHDL State Machines                                  ; On               ; On            ;
; Ignore Verilog initial constructs                            ; Off              ; Off           ;
; Iteration limit for constant Verilog loops                   ; 5000             ; 5000          ;
; Iteration limit for non-constant Verilog loops               ; 250              ; 250           ;
; Add Pass-Through Logic to Inferred RAMs                      ; On               ; On            ;
; Parallel Synthesis                                           ; Off              ; Off           ;
; NOT Gate Push-Back                                           ; On               ; On            ;
; Power-Up Don't Care                                          ; On               ; On            ;
; Remove Redundant Logic Cells                                 ; Off              ; Off           ;
; Remove Duplicate Registers                                   ; On               ; On            ;
; Ignore CARRY Buffers                                         ; Off              ; Off           ;
; Ignore CASCADE Buffers                                       ; Off              ; Off           ;
; Ignore GLOBAL Buffers                                        ; Off              ; Off           ;
; Ignore ROW GLOBAL Buffers                                    ; Off              ; Off           ;
; Ignore LCELL Buffers                                         ; Off              ; Off           ;
; Ignore SOFT Buffers                                          ; On               ; On            ;
; Limit AHDL Integers to 32 Bits                               ; Off              ; Off           ;
; Auto Implement in ROM                                        ; Off              ; Off           ;
; Optimization Technique                                       ; Area             ; Area          ;
; Carry Chain Length                                           ; 32               ; 32            ;
; Cascade Chain Length                                         ; 2                ; 2             ;
; Auto Carry Chains                                            ; On               ; On            ;
; Auto Open-Drain Pins                                         ; On               ; On            ;
; Auto ROM Replacement                                         ; On               ; On            ;
; Auto RAM Replacement                                         ; On               ; On            ;
; Auto Clock Enable Replacement                                ; On               ; On            ;
; Strict RAM Replacement                                       ; Off              ; Off           ;
; Auto Resource Sharing                                        ; Off              ; Off           ;
; Allow Any RAM Size For Recognition                           ; Off              ; Off           ;
; Allow Any ROM Size For Recognition                           ; Off              ; Off           ;
; Use LogicLock Constraints during Resource Balancing          ; On               ; On            ;
; Ignore translate_off and synthesis_off directives            ; Off              ; Off           ;
; Show Parameter Settings Tables in Synthesis Report           ; On               ; On            ;
; HDL message level                                            ; Level2           ; Level2        ;
; Suppress Register Optimization Related Messages              ; Off              ; Off           ;
; Number of Removed Registers Reported in Synthesis Report     ; 100              ; 100           ;
; Number of Inverted Registers Reported in Synthesis Report    ; 100              ; 100           ;
; Block Design Naming                                          ; Auto             ; Auto          ;
; Synthesis Effort                                             ; Auto             ; Auto          ;
; Shift Register Replacement - Allow Asynchronous Clear Signal ; On               ; On            ;
; Analysis & Synthesis Message Level                           ; Medium           ; Medium        ;
+--------------------------------------------------------------+------------------+---------------+


+-------------------------------------------------------------------------------------------------------------------------------------------------------+
; Analysis & Synthesis Source Files Read                                                                                                                ;
+----------------------------------+-----------------+------------------------+-------------------------------------------------------------------------+
; File Name with User-Entered Path ; Used in Netlist ; File Type              ; File Name with Absolute Path                                            ;
+----------------------------------+-----------------+------------------------+-------------------------------------------------------------------------+
; lab2_3.v                         ; yes             ; User Verilog HDL File  ; C:/altera/90sp2/quartus/lab2/lab2_3/lab2_3.v                            ;
; lpm_counter.tdf                  ; yes             ; Megafunction           ; c:/altera/90sp2/quartus/libraries/megafunctions/lpm_counter.tdf         ;
; lpm_constant.inc                 ; yes             ; Megafunction           ; c:/altera/90sp2/quartus/libraries/megafunctions/lpm_constant.inc        ;
; lpm_decode.inc                   ; yes             ; Megafunction           ; c:/altera/90sp2/quartus/libraries/megafunctions/lpm_decode.inc          ;
; lpm_add_sub.inc                  ; yes             ; Megafunction           ; c:/altera/90sp2/quartus/libraries/megafunctions/lpm_add_sub.inc         ;
; cmpconst.inc                     ; yes             ; Megafunction           ; c:/altera/90sp2/quartus/libraries/megafunctions/cmpconst.inc            ;
; lpm_compare.inc                  ; yes             ; Megafunction           ; c:/altera/90sp2/quartus/libraries/megafunctions/lpm_compare.inc         ;
; lpm_counter.inc                  ; yes             ; Megafunction           ; c:/altera/90sp2/quartus/libraries/megafunctions/lpm_counter.inc         ;
; dffeea.inc                       ; yes             ; Megafunction           ; c:/altera/90sp2/quartus/libraries/megafunctions/dffeea.inc              ;
; alt_synch_counter.inc            ; yes             ; Megafunction           ; c:/altera/90sp2/quartus/libraries/megafunctions/alt_synch_counter.inc   ;
; alt_synch_counter_f.inc          ; yes             ; Megafunction           ; c:/altera/90sp2/quartus/libraries/megafunctions/alt_synch_counter_f.inc ;
; alt_counter_f10ke.inc            ; yes             ; Megafunction           ; c:/altera/90sp2/quartus/libraries/megafunctions/alt_counter_f10ke.inc   ;
; alt_counter_stratix.inc          ; yes             ; Megafunction           ; c:/altera/90sp2/quartus/libraries/megafunctions/alt_counter_stratix.inc ;
; aglobal90.inc                    ; yes             ; Megafunction           ; c:/altera/90sp2/quartus/libraries/megafunctions/aglobal90.inc           ;
; alt_counter_f10ke.tdf            ; yes             ; Megafunction           ; c:/altera/90sp2/quartus/libraries/megafunctions/alt_counter_f10ke.tdf   ;
; flex10ke_lcell.inc               ; yes             ; Megafunction           ; c:/altera/90sp2/quartus/libraries/megafunctions/flex10ke_lcell.inc      ;
+----------------------------------+-----------------+------------------------+-------------------------------------------------------------------------+


+---------------------------------------------+
; Analysis & Synthesis Resource Usage Summary ;
+-----------------------------------+---------+
; Resource                          ; Usage   ;
+-----------------------------------+---------+
; Total logic elements              ; 64      ;
; Total combinational functions     ; 63      ;
;     -- Total 4-input functions    ; 11      ;
;     -- Total 3-input functions    ; 8       ;
;     -- Total 2-input functions    ; 3       ;
;     -- Total 1-input functions    ; 3       ;
;     -- Total 0-input functions    ; 38      ;
; Total registers                   ; 48      ;
; Total logic cells in carry chains ; 38      ;
; I/O pins                          ; 16      ;
; Maximum fan-out node              ; reset   ;
; Maximum fan-out                   ; 48      ;
; Total fan-out                     ; 228     ;
; Average fan-out                   ; 2.85    ;
+-----------------------------------+---------+


+-------------------------------------------------------------------------------------------------------------------------------------------------------------------------------------------------------------------------------------------------------------------------------------+
; Analysis & Synthesis Resource Utilization by Entity                                                                                                                                                                                                                                 ;
+-------------------------------------------+-------------+--------------+-------------+------+--------------+-------------------+------------------+-----------------+------------+-----------------------------------------------------------------------------------+--------------+
; Compilation Hierarchy Node                ; Logic Cells ; LC Registers ; Memory Bits ; Pins ; LUT-Only LCs ; Register-Only LCs ; LUT/Register LCs ; Carry Chain LCs ; Packed LCs ; Full Hierarchy Name                                                               ; Library Name ;
+-------------------------------------------+-------------+--------------+-------------+------+--------------+-------------------+------------------+-----------------+------------+-----------------------------------------------------------------------------------+--------------+
; |lab2_3                                   ; 64 (4)      ; 48           ; 0           ; 16   ; 16 (4)       ; 1 (0)             ; 47 (0)           ; 38 (0)          ; 0 (0)      ; |lab2_3                                                                           ; work         ;
;    |bcd_to_seg7_1:comb_13|                ; 7 (7)       ; 0            ; 0           ; 0    ; 7 (7)        ; 0 (0)             ; 0 (0)            ; 0 (0)           ; 0 (0)      ; |lab2_3|bcd_to_seg7_1:comb_13                                                     ; work         ;
;    |count_00_99:comb_12|                  ; 13 (1)      ; 8            ; 0           ; 0    ; 5 (1)        ; 1 (0)             ; 7 (0)            ; 0 (0)           ; 0 (0)      ; |lab2_3|count_00_99:comb_12                                                       ; work         ;
;       |count_0_9:comb_5|                  ; 6 (6)       ; 4            ; 0           ; 0    ; 2 (2)        ; 0 (0)             ; 4 (4)            ; 0 (0)           ; 0 (0)      ; |lab2_3|count_00_99:comb_12|count_0_9:comb_5                                      ; work         ;
;       |count_0_9:comb_6|                  ; 6 (6)       ; 4            ; 0           ; 0    ; 2 (2)        ; 1 (1)             ; 3 (3)            ; 0 (0)           ; 0 (0)      ; |lab2_3|count_00_99:comb_12|count_0_9:comb_6                                      ; work         ;
;    |freq_div:comb_10|                     ; 21 (0)      ; 21           ; 0           ; 0    ; 0 (0)        ; 0 (0)             ; 21 (0)           ; 21 (0)          ; 0 (0)      ; |lab2_3|freq_div:comb_10                                                          ; work         ;
;       |lpm_counter:divider_rtl_1|         ; 21 (0)      ; 21           ; 0           ; 0    ; 0 (0)        ; 0 (0)             ; 21 (0)           ; 21 (0)          ; 0 (0)      ; |lab2_3|freq_div:comb_10|lpm_counter:divider_rtl_1                                ; work         ;
;          |alt_counter_f10ke:wysi_counter| ; 21 (21)     ; 21           ; 0           ; 0    ; 0 (0)        ; 0 (0)             ; 21 (21)          ; 21 (21)         ; 0 (0)      ; |lab2_3|freq_div:comb_10|lpm_counter:divider_rtl_1|alt_counter_f10ke:wysi_counter ; work         ;
;    |freq_div:comb_11|                     ; 17 (0)      ; 17           ; 0           ; 0    ; 0 (0)        ; 0 (0)             ; 17 (0)           ; 17 (0)          ; 0 (0)      ; |lab2_3|freq_div:comb_11                                                          ; work         ;
;       |lpm_counter:divider_rtl_0|         ; 17 (0)      ; 17           ; 0           ; 0    ; 0 (0)        ; 0 (0)             ; 17 (0)           ; 17 (0)          ; 0 (0)      ; |lab2_3|freq_div:comb_11|lpm_counter:divider_rtl_0                                ; work         ;
;          |alt_counter_f10ke:wysi_counter| ; 17 (17)     ; 17           ; 0           ; 0    ; 0 (0)        ; 0 (0)             ; 17 (17)          ; 17 (17)         ; 0 (0)      ; |lab2_3|freq_div:comb_11|lpm_counter:divider_rtl_0|alt_counter_f10ke:wysi_counter ; work         ;
;    |seg7_select:comb_14|                  ; 2 (2)       ; 2            ; 0           ; 0    ; 0 (0)        ; 0 (0)             ; 2 (2)            ; 0 (0)           ; 0 (0)      ; |lab2_3|seg7_select:comb_14                                                       ; work         ;
+-------------------------------------------+-------------+--------------+-------------+------+--------------+-------------------+------------------+-----------------+------------+-----------------------------------------------------------------------------------+--------------+
Note: For table entries with two numbers listed, the numbers in parentheses indicate the number of resources of the given type used by the specific entity alone. The numbers listed outside of parentheses indicate the total resources of the given type used by the specific entity and all of its sub-entities in the hierarchy.


+--------------------------------------------------------------------------------+
; Registers Removed During Synthesis                                             ;
+---------------------------------------+----------------------------------------+
; Register name                         ; Reason for Removal                     ;
+---------------------------------------+----------------------------------------+
; seg7_select:comb_14|seg7_sel[2]       ; Stuck at VCC due to stuck port data_in ;
; Total Number of Removed Registers = 1 ;                                        ;
+---------------------------------------+----------------------------------------+


+------------------------------------------------------+
; General Register Statistics                          ;
+----------------------------------------------+-------+
; Statistic                                    ; Value ;
+----------------------------------------------+-------+
; Total registers                              ; 48    ;
; Number of registers using Synchronous Clear  ; 0     ;
; Number of registers using Synchronous Load   ; 0     ;
; Number of registers using Asynchronous Clear ; 48    ;
; Number of registers using Asynchronous Load  ; 0     ;
; Number of registers using Clock Enable       ; 8     ;
; Number of registers using Preset             ; 0     ;
+----------------------------------------------+-------+


+--------------------------------------------------+
; Inverted Register Statistics                     ;
+----------------------------------------+---------+
; Inverted Register                      ; Fan out ;
+----------------------------------------+---------+
; seg7_select:comb_14|seg7_sel[0]        ; 7       ;
; Total number of inverted registers = 1 ;         ;
+----------------------------------------+---------+


+-------------------------------------------------------------------+
; Source assignments for freq_div:comb_11|lpm_counter:divider_rtl_0 ;
+---------------------------+-------+------+------------------------+
; Assignment                ; Value ; From ; To                     ;
+---------------------------+-------+------+------------------------+
; SUPPRESS_DA_RULE_INTERNAL ; a101  ; -    ; -                      ;
; SUPPRESS_DA_RULE_INTERNAL ; s102  ; -    ; -                      ;
; SUPPRESS_DA_RULE_INTERNAL ; s103  ; -    ; -                      ;
+---------------------------+-------+------+------------------------+


+-------------------------------------------------------------------+
; Source assignments for freq_div:comb_10|lpm_counter:divider_rtl_1 ;
+---------------------------+-------+------+------------------------+
; Assignment                ; Value ; From ; To                     ;
+---------------------------+-------+------+------------------------+
; SUPPRESS_DA_RULE_INTERNAL ; a101  ; -    ; -                      ;
; SUPPRESS_DA_RULE_INTERNAL ; s102  ; -    ; -                      ;
; SUPPRESS_DA_RULE_INTERNAL ; s103  ; -    ; -                      ;
+---------------------------+-------+------+------------------------+


+---------------------------------------------------------------+
; Parameter Settings for User Entity Instance: freq_div:comb_10 ;
+----------------+-------+--------------------------------------+
; Parameter Name ; Value ; Type                                 ;
+----------------+-------+--------------------------------------+
; exp            ; 21    ; Signed Integer                       ;
+----------------+-------+--------------------------------------+
Note: In order to hide this table in the UI and the text report file, please set the "Show Parameter Settings Tables in Synthesis Report" option in "Analysis and Synthesis Settings -> More Settings" to "Off".


+---------------------------------------------------------------+
; Parameter Settings for User Entity Instance: freq_div:comb_11 ;
+----------------+-------+--------------------------------------+
; Parameter Name ; Value ; Type                                 ;
+----------------+-------+--------------------------------------+
; exp            ; 17    ; Signed Integer                       ;
+----------------+-------+--------------------------------------+
Note: In order to hide this table in the UI and the text report file, please set the "Show Parameter Settings Tables in Synthesis Report" option in "Analysis and Synthesis Settings -> More Settings" to "Off".


+------------------------------------------------------------------+
; Parameter Settings for User Entity Instance: seg7_select:comb_14 ;
+----------------+-------+-----------------------------------------+
; Parameter Name ; Value ; Type                                    ;
+----------------+-------+-----------------------------------------+
; num_use        ; 2     ; Signed Integer                          ;
+----------------+-------+-----------------------------------------+
Note: In order to hide this table in the UI and the text report file, please set the "Show Parameter Settings Tables in Synthesis Report" option in "Analysis and Synthesis Settings -> More Settings" to "Off".


+---------------------------------------------------------------------------------------------+
; Parameter Settings for Inferred Entity Instance: freq_div:comb_11|lpm_counter:divider_rtl_0 ;
+------------------------+-------------------+------------------------------------------------+
; Parameter Name         ; Value             ; Type                                           ;
+------------------------+-------------------+------------------------------------------------+
; AUTO_CARRY_CHAINS      ; ON                ; AUTO_CARRY                                     ;
; IGNORE_CARRY_BUFFERS   ; OFF               ; IGNORE_CARRY                                   ;
; AUTO_CASCADE_CHAINS    ; ON                ; AUTO_CASCADE                                   ;
; IGNORE_CASCADE_BUFFERS ; OFF               ; IGNORE_CASCADE                                 ;
; LPM_WIDTH              ; 17                ; Untyped                                        ;
; LPM_DIRECTION          ; UP                ; Untyped                                        ;
; LPM_MODULUS            ; 0                 ; Untyped                                        ;
; LPM_AVALUE             ; UNUSED            ; Untyped                                        ;
; LPM_SVALUE             ; UNUSED            ; Untyped                                        ;
; LPM_PORT_UPDOWN        ; PORT_CONNECTIVITY ; Untyped                                        ;
; DEVICE_FAMILY          ; FLEX10KA          ; Untyped                                        ;
; CARRY_CHAIN            ; MANUAL            ; Untyped                                        ;
; CARRY_CHAIN_LENGTH     ; 48                ; CARRY_CHAIN_LENGTH                             ;
; NOT_GATE_PUSH_BACK     ; ON                ; NOT_GATE_PUSH_BACK                             ;
; CARRY_CNT_EN           ; SMART             ; Untyped                                        ;
; LABWIDE_SCLR           ; ON                ; Untyped                                        ;
; USE_NEW_VERSION        ; TRUE              ; Untyped                                        ;
; CBXI_PARAMETER         ; NOTHING           ; Untyped                                        ;
+------------------------+-------------------+------------------------------------------------+
Note: In order to hide this table in the UI and the text report file, please set the "Show Parameter Settings Tables in Synthesis Report" option in "Analysis and Synthesis Settings -> More Settings" to "Off".


+---------------------------------------------------------------------------------------------+
; Parameter Settings for Inferred Entity Instance: freq_div:comb_10|lpm_counter:divider_rtl_1 ;
+------------------------+-------------------+------------------------------------------------+
; Parameter Name         ; Value             ; Type                                           ;
+------------------------+-------------------+------------------------------------------------+
; AUTO_CARRY_CHAINS      ; ON                ; AUTO_CARRY                                     ;
; IGNORE_CARRY_BUFFERS   ; OFF               ; IGNORE_CARRY                                   ;
; AUTO_CASCADE_CHAINS    ; ON                ; AUTO_CASCADE                                   ;
; IGNORE_CASCADE_BUFFERS ; OFF               ; IGNORE_CASCADE                                 ;
; LPM_WIDTH              ; 21                ; Untyped                                        ;
; LPM_DIRECTION          ; UP                ; Untyped                                        ;
; LPM_MODULUS            ; 0                 ; Untyped                                        ;
; LPM_AVALUE             ; UNUSED            ; Untyped                                        ;
; LPM_SVALUE             ; UNUSED            ; Untyped                                        ;
; LPM_PORT_UPDOWN        ; PORT_CONNECTIVITY ; Untyped                                        ;
; DEVICE_FAMILY          ; FLEX10KA          ; Untyped                                        ;
; CARRY_CHAIN            ; MANUAL            ; Untyped                                        ;
; CARRY_CHAIN_LENGTH     ; 48                ; CARRY_CHAIN_LENGTH                             ;
; NOT_GATE_PUSH_BACK     ; ON                ; NOT_GATE_PUSH_BACK                             ;
; CARRY_CNT_EN           ; SMART             ; Untyped                                        ;
; LABWIDE_SCLR           ; ON                ; Untyped                                        ;
; USE_NEW_VERSION        ; TRUE              ; Untyped                                        ;
; CBXI_PARAMETER         ; NOTHING           ; Untyped                                        ;
+------------------------+-------------------+------------------------------------------------+
Note: In order to hide this table in the UI and the text report file, please set the "Show Parameter Settings Tables in Synthesis Report" option in "Analysis and Synthesis Settings -> More Settings" to "Off".


+-------------------------------+
; Analysis & Synthesis Messages ;
+-------------------------------+
Info: *******************************************************************
Info: Running Quartus II Analysis & Synthesis
    Info: Version 9.0 Build 235 06/17/2009 Service Pack 2 SJ Web Edition
    Info: Processing started: Thu Jun 18 11:06:15 2020
Info: Command: quartus_map --read_settings_files=on --write_settings_files=off lab2_3 -c lab2_3
Info: Found 6 design units, including 6 entities, in source file lab2_3.v
    Info: Found entity 1: lab2_3
    Info: Found entity 2: count_00_99
    Info: Found entity 3: count_0_9
    Info: Found entity 4: freq_div
    Info: Found entity 5: bcd_to_seg7_1
    Info: Found entity 6: seg7_select
Critical Warning (10846): Verilog HDL Instantiation warning at lab2_3.v(11): instance has no name
Critical Warning (10846): Verilog HDL Instantiation warning at lab2_3.v(12): instance has no name
Critical Warning (10846): Verilog HDL Instantiation warning at lab2_3.v(23): instance has no name
Critical Warning (10846): Verilog HDL Instantiation warning at lab2_3.v(24): instance has no name
Critical Warning (10846): Verilog HDL Instantiation warning at lab2_3.v(13): instance has no name
Critical Warning (10846): Verilog HDL Instantiation warning at lab2_3.v(14): instance has no name
Critical Warning (10846): Verilog HDL Instantiation warning at lab2_3.v(15): instance has no name
Info: Elaborating entity "lab2_3" for the top level hierarchy
Info: Elaborating entity "freq_div" for hierarchy "freq_div:comb_10"
Warning (10240): Verilog HDL Always Construct warning at lab2_3.v(61): inferring latch(es) for variable "i", which holds its previous value in one or more paths through the always construct
Info: Elaborating entity "freq_div" for hierarchy "freq_div:comb_11"
Warning (10240): Verilog HDL Always Construct warning at lab2_3.v(61): inferring latch(es) for variable "i", which holds its previous value in one or more paths through the always construct
Info: Elaborating entity "count_00_99" for hierarchy "count_00_99:comb_12"
Info: Elaborating entity "count_0_9" for hierarchy "count_00_99:comb_12|count_0_9:comb_5"
Info: Elaborating entity "bcd_to_seg7_1" for hierarchy "bcd_to_seg7_1:comb_13"
Info: Elaborating entity "seg7_select" for hierarchy "seg7_select:comb_14"
Info: Inferred 2 megafunctions from design logic
    Info: Inferred lpm_counter megafunction (LPM_WIDTH=17) from the following logic: "freq_div:comb_11|divider[0]~0"
    Info: Inferred lpm_counter megafunction (LPM_WIDTH=21) from the following logic: "freq_div:comb_10|divider[0]~0"
Info: Elaborated megafunction instantiation "freq_div:comb_11|lpm_counter:divider_rtl_0"
Info: Instantiated megafunction "freq_div:comb_11|lpm_counter:divider_rtl_0" with the following parameter:
    Info: Parameter "LPM_WIDTH" = "17"
    Info: Parameter "LPM_DIRECTION" = "UP"
    Info: Parameter "LPM_TYPE" = "LPM_COUNTER"
Info: Elaborated megafunction instantiation "freq_div:comb_11|lpm_counter:divider_rtl_0|alt_counter_f10ke:wysi_counter", which is child of megafunction instantiation "freq_div:comb_11|lpm_counter:divider_rtl_0"
Info: Elaborated megafunction instantiation "freq_div:comb_10|lpm_counter:divider_rtl_1"
Info: Instantiated megafunction "freq_div:comb_10|lpm_counter:divider_rtl_1" with the following parameter:
    Info: Parameter "LPM_WIDTH" = "21"
    Info: Parameter "LPM_DIRECTION" = "UP"
    Info: Parameter "LPM_TYPE" = "LPM_COUNTER"
Info: Elaborated megafunction instantiation "freq_div:comb_10|lpm_counter:divider_rtl_1|alt_counter_f10ke:wysi_counter", which is child of megafunction instantiation "freq_div:comb_10|lpm_counter:divider_rtl_1"
Warning: Output pins are stuck at VCC or GND
    Warning (13410): Pin "seg7_sel[2]" is stuck at VCC
    Warning (13410): Pin "dpt_out" is stuck at GND
    Warning (13410): Pin "led_com" is stuck at VCC
Info: Registers with preset signals will power-up high
Info: Implemented 80 device resources after synthesis - the final resource count might be different
    Info: Implemented 3 input pins
    Info: Implemented 13 output pins
    Info: Implemented 64 logic cells
Info: Quartus II Analysis & Synthesis was successful. 0 errors, 13 warnings
    Info: Peak virtual memory: 222 megabytes
    Info: Processing ended: Thu Jun 18 11:06:20 2020
    Info: Elapsed time: 00:00:05
    Info: Total CPU time (on all processors): 00:00:03


