Classic Timing Analyzer report for lab4_1
Thu Jul 09 21:25:57 2020
Quartus II Version 9.0 Build 235 06/17/2009 Service Pack 2 SJ Web Edition


---------------------
; Table of Contents ;
---------------------
  1. Legal Notice
  2. Timing Analyzer Summary
  3. Timing Analyzer Settings
  4. Clock Settings Summary
  5. Parallel Compilation
  6. Clock Setup: 'clk'
  7. Clock Hold: 'clk'
  8. tco
  9. tpd
 10. Timing Analyzer Messages



----------------
; Legal Notice ;
----------------
Copyright (C) 1991-2009 Altera Corporation
Your use of Altera Corporation's design tools, logic functions 
and other software and tools, and its AMPP partner logic 
functions, and any output files from any of the foregoing 
(including device programming or simulation files), and any 
associated documentation or information are expressly subject 
to the terms and conditions of the Altera Program License 
Subscription Agreement, Altera MegaCore Function License 
Agreement, or other applicable license agreement, including, 
without limitation, that your use is for the sole purpose of 
programming logic devices manufactured by Altera and sold by 
Altera or its authorized distributors.  Please refer to the 
applicable agreement for further details.



+-------------------------------------------------------------------------------------------------------------------------------------------------------------------------------------------------------------------+
; Timing Analyzer Summary                                                                                                                                                                                           ;
+------------------------------+------------------------------------------+---------------+----------------------------------+-----------------------+-----------------------+------------+----------+--------------+
; Type                         ; Slack                                    ; Required Time ; Actual Time                      ; From                  ; To                    ; From Clock ; To Clock ; Failed Paths ;
+------------------------------+------------------------------------------+---------------+----------------------------------+-----------------------+-----------------------+------------+----------+--------------+
; Worst-case tco               ; N/A                                      ; None          ; 34.200 ns                        ; rom_char:M5|data[3]   ; column_red[3]         ; clk        ; --       ; 0            ;
; Worst-case tpd               ; N/A                                      ; None          ; 22.100 ns                        ; sel[1]                ; column_red[3]         ; --         ; --       ; 0            ;
; Clock Setup: 'clk'           ; N/A                                      ; None          ; 71.94 MHz ( period = 13.900 ns ) ; row_gen:M4|idx_cnt[3] ; rom_char:M5|data[1]   ; clk        ; clk      ; 0            ;
; Clock Hold: 'clk'            ; Not operational: Clock Skew > Data Delay ; None          ; N/A                              ; idx_gen:M3|idx[6]     ; row_gen:M4|idx_cnt[6] ; clk        ; clk      ; 17           ;
; Total number of failed paths ;                                          ;               ;                                  ;                       ;                       ;            ;          ; 17           ;
+------------------------------+------------------------------------------+---------------+----------------------------------+-----------------------+-----------------------+------------+----------+--------------+


+--------------------------------------------------------------------------------------------------------------------+
; Timing Analyzer Settings                                                                                           ;
+---------------------------------------------------------------------+--------------------+------+----+-------------+
; Option                                                              ; Setting            ; From ; To ; Entity Name ;
+---------------------------------------------------------------------+--------------------+------+----+-------------+
; Device Name                                                         ; EPF10K30ATC144-3   ;      ;    ;             ;
; Timing Models                                                       ; Final              ;      ;    ;             ;
; Default hold multicycle                                             ; Same as Multicycle ;      ;    ;             ;
; Cut paths between unrelated clock domains                           ; On                 ;      ;    ;             ;
; Cut off read during write signal paths                              ; On                 ;      ;    ;             ;
; Cut off feedback from I/O pins                                      ; On                 ;      ;    ;             ;
; Report Combined Fast/Slow Timing                                    ; Off                ;      ;    ;             ;
; Ignore Clock Settings                                               ; Off                ;      ;    ;             ;
; Analyze latches as synchronous elements                             ; On                 ;      ;    ;             ;
; Enable Recovery/Removal analysis                                    ; Off                ;      ;    ;             ;
; Enable Clock Latency                                                ; Off                ;      ;    ;             ;
; Use TimeQuest Timing Analyzer                                       ; Off                ;      ;    ;             ;
; Minimum Core Junction Temperature                                   ; 0                  ;      ;    ;             ;
; Maximum Core Junction Temperature                                   ; 85                 ;      ;    ;             ;
; Number of source nodes to report per destination node               ; 10                 ;      ;    ;             ;
; Number of destination nodes to report                               ; 10                 ;      ;    ;             ;
; Number of paths to report                                           ; 200                ;      ;    ;             ;
; Report Minimum Timing Checks                                        ; Off                ;      ;    ;             ;
; Use Fast Timing Models                                              ; Off                ;      ;    ;             ;
; Report IO Paths Separately                                          ; Off                ;      ;    ;             ;
; Perform Multicorner Analysis                                        ; Off                ;      ;    ;             ;
; Reports the worst-case path for each clock domain and analysis      ; Off                ;      ;    ;             ;
; Removes common clock path pessimism (CCPP) during slack computation ; Off                ;      ;    ;             ;
; Output I/O Timing Endpoint                                          ; Near End           ;      ;    ;             ;
+---------------------------------------------------------------------+--------------------+------+----+-------------+


+------------------------------------------------------------------------------------------------------------------------------------------------------------------------------------+
; Clock Settings Summary                                                                                                                                                             ;
+-----------------+--------------------+----------+------------------+---------------+--------------+----------+-----------------------+---------------------+--------+--------------+
; Clock Node Name ; Clock Setting Name ; Type     ; Fmax Requirement ; Early Latency ; Late Latency ; Based on ; Multiply Base Fmax by ; Divide Base Fmax by ; Offset ; Phase offset ;
+-----------------+--------------------+----------+------------------+---------------+--------------+----------+-----------------------+---------------------+--------+--------------+
; clk             ;                    ; User Pin ; None             ; 0.000 ns      ; 0.000 ns     ; --       ; N/A                   ; N/A                 ; N/A    ;              ;
+-----------------+--------------------+----------+------------------+---------------+--------------+----------+-----------------------+---------------------+--------+--------------+


Parallel compilation was disabled, but you have multiple processors available. Enable parallel compilation to reduce compilation time.
+-------------------------------------+
; Parallel Compilation                ;
+----------------------------+--------+
; Processors                 ; Number ;
+----------------------------+--------+
; Number detected on machine ; 4      ;
; Maximum allowed            ; 1      ;
+----------------------------+--------+


+----------------------------------------------------------------------------------------------------------------------------------------------------------------------------------------------------------------------+
; Clock Setup: 'clk'                                                                                                                                                                                                   ;
+-------+------------------------------------------------+------------------------+------------------------+------------+----------+-----------------------------+---------------------------+-------------------------+
; Slack ; Actual fmax (period)                           ; From                   ; To                     ; From Clock ; To Clock ; Required Setup Relationship ; Required Longest P2P Time ; Actual Longest P2P Time ;
+-------+------------------------------------------------+------------------------+------------------------+------------+----------+-----------------------------+---------------------------+-------------------------+
; N/A   ; 71.94 MHz ( period = 13.900 ns )               ; row_gen:M4|idx_cnt[3]  ; rom_char:M5|data[1]    ; clk        ; clk      ; None                        ; None                      ; 16.200 ns               ;
; N/A   ; 74.07 MHz ( period = 13.500 ns )               ; row_gen:M4|idx_cnt[0]  ; rom_char:M5|data[1]    ; clk        ; clk      ; None                        ; None                      ; 15.800 ns               ;
; N/A   ; 75.19 MHz ( period = 13.300 ns )               ; row_gen:M4|idx_cnt[5]  ; rom_char:M5|data[1]    ; clk        ; clk      ; None                        ; None                      ; 15.600 ns               ;
; N/A   ; 82.64 MHz ( period = 12.100 ns )               ; row_gen:M4|idx_cnt[2]  ; rom_char:M5|data[1]    ; clk        ; clk      ; None                        ; None                      ; 14.400 ns               ;
; N/A   ; 84.75 MHz ( period = 11.800 ns )               ; row_gen:M4|idx_cnt[4]  ; rom_char:M5|data[1]    ; clk        ; clk      ; None                        ; None                      ; 14.100 ns               ;
; N/A   ; 85.47 MHz ( period = 11.700 ns )               ; row_gen:M4|idx_cnt[6]  ; rom_char:M5|data[1]    ; clk        ; clk      ; None                        ; None                      ; 14.000 ns               ;
; N/A   ; 90.91 MHz ( period = 11.000 ns )               ; row_gen:M4|idx_cnt[5]  ; rom_char:M5|data[4]    ; clk        ; clk      ; None                        ; None                      ; 15.600 ns               ;
; N/A   ; 92.59 MHz ( period = 10.800 ns )               ; row_gen:M4|idx_cnt[4]  ; rom_char:M5|data[2]    ; clk        ; clk      ; None                        ; None                      ; 15.400 ns               ;
; N/A   ; 92.59 MHz ( period = 10.800 ns )               ; row_gen:M4|idx_cnt[2]  ; rom_char:M5|data[2]    ; clk        ; clk      ; None                        ; None                      ; 15.400 ns               ;
; N/A   ; 92.59 MHz ( period = 10.800 ns )               ; row_gen:M4|idx_cnt[0]  ; rom_char:M5|data[2]    ; clk        ; clk      ; None                        ; None                      ; 15.400 ns               ;
; N/A   ; 93.46 MHz ( period = 10.700 ns )               ; row_gen:M4|idx_cnt[1]  ; rom_char:M5|data[2]    ; clk        ; clk      ; None                        ; None                      ; 15.300 ns               ;
; N/A   ; 93.46 MHz ( period = 10.700 ns )               ; row_gen:M4|idx_cnt[2]  ; rom_char:M5|data[4]    ; clk        ; clk      ; None                        ; None                      ; 15.300 ns               ;
; N/A   ; 93.46 MHz ( period = 10.700 ns )               ; row_gen:M4|idx_cnt[1]  ; rom_char:M5|data[4]    ; clk        ; clk      ; None                        ; None                      ; 15.300 ns               ;
; N/A   ; 94.34 MHz ( period = 10.600 ns )               ; row_gen:M4|idx_cnt[0]  ; rom_char:M5|data[4]    ; clk        ; clk      ; None                        ; None                      ; 15.200 ns               ;
; N/A   ; 96.15 MHz ( period = 10.400 ns )               ; row_gen:M4|idx_cnt[3]  ; rom_char:M5|data[3]    ; clk        ; clk      ; None                        ; None                      ; 14.700 ns               ;
; N/A   ; 97.09 MHz ( period = 10.300 ns )               ; row_gen:M4|idx_cnt[2]  ; rom_char:M5|data[3]    ; clk        ; clk      ; None                        ; None                      ; 14.600 ns               ;
; N/A   ; 99.01 MHz ( period = 10.100 ns )               ; row_gen:M4|idx_cnt[1]  ; rom_char:M5|data[3]    ; clk        ; clk      ; None                        ; None                      ; 14.400 ns               ;
; N/A   ; 101.01 MHz ( period = 9.900 ns )               ; row_gen:M4|idx_cnt[5]  ; rom_char:M5|data[3]    ; clk        ; clk      ; None                        ; None                      ; 14.200 ns               ;
; N/A   ; 106.38 MHz ( period = 9.400 ns )               ; row_gen:M4|idx_cnt[6]  ; rom_char:M5|data[6]    ; clk        ; clk      ; None                        ; None                      ; 13.900 ns               ;
; N/A   ; 106.38 MHz ( period = 9.400 ns )               ; row_gen:M4|idx_cnt[5]  ; rom_char:M5|data[6]    ; clk        ; clk      ; None                        ; None                      ; 13.900 ns               ;
; N/A   ; 106.38 MHz ( period = 9.400 ns )               ; row_gen:M4|idx_cnt[2]  ; rom_char:M5|data[6]    ; clk        ; clk      ; None                        ; None                      ; 13.900 ns               ;
; N/A   ; 108.70 MHz ( period = 9.200 ns )               ; row_gen:M4|idx_cnt[2]  ; rom_char:M5|data[5]    ; clk        ; clk      ; None                        ; None                      ; 13.800 ns               ;
; N/A   ; 108.70 MHz ( period = 9.200 ns )               ; row_gen:M4|idx_cnt[1]  ; rom_char:M5|data[5]    ; clk        ; clk      ; None                        ; None                      ; 13.800 ns               ;
; N/A   ; 108.70 MHz ( period = 9.200 ns )               ; row_gen:M4|idx_cnt[0]  ; rom_char:M5|data[5]    ; clk        ; clk      ; None                        ; None                      ; 13.800 ns               ;
; N/A   ; 108.70 MHz ( period = 9.200 ns )               ; row_gen:M4|idx_cnt[3]  ; rom_char:M5|data[6]    ; clk        ; clk      ; None                        ; None                      ; 13.700 ns               ;
; N/A   ; 108.70 MHz ( period = 9.200 ns )               ; row_gen:M4|idx_cnt[1]  ; rom_char:M5|data[6]    ; clk        ; clk      ; None                        ; None                      ; 13.700 ns               ;
; N/A   ; 108.70 MHz ( period = 9.200 ns )               ; row_gen:M4|idx_cnt[0]  ; rom_char:M5|data[6]    ; clk        ; clk      ; None                        ; None                      ; 13.700 ns               ;
; N/A   ; 111.11 MHz ( period = 9.000 ns )               ; row_gen:M4|idx_cnt[3]  ; rom_char:M5|data[4]    ; clk        ; clk      ; None                        ; None                      ; 13.600 ns               ;
; N/A   ; 112.36 MHz ( period = 8.900 ns )               ; row_gen:M4|idx_cnt[3]  ; rom_char:M5|data[2]    ; clk        ; clk      ; None                        ; None                      ; 13.500 ns               ;
; N/A   ; 112.36 MHz ( period = 8.900 ns )               ; row_gen:M4|idx_cnt[6]  ; rom_char:M5|data[3]    ; clk        ; clk      ; None                        ; None                      ; 13.200 ns               ;
; N/A   ; 117.65 MHz ( period = 8.500 ns )               ; row_gen:M4|idx_cnt[5]  ; rom_char:M5|data[2]    ; clk        ; clk      ; None                        ; None                      ; 13.100 ns               ;
; N/A   ; 117.65 MHz ( period = 8.500 ns )               ; row_gen:M4|idx_cnt[4]  ; rom_char:M5|data[4]    ; clk        ; clk      ; None                        ; None                      ; 13.100 ns               ;
; N/A   ; 117.65 MHz ( period = 8.500 ns )               ; row_gen:M4|idx_cnt[4]  ; rom_char:M5|data[5]    ; clk        ; clk      ; None                        ; None                      ; 13.100 ns               ;
; N/A   ; 120.48 MHz ( period = 8.300 ns )               ; row_gen:M4|idx_cnt[6]  ; rom_char:M5|data[4]    ; clk        ; clk      ; None                        ; None                      ; 12.900 ns               ;
; N/A   ; 129.87 MHz ( period = 7.700 ns )               ; row_gen:M4|idx_cnt[4]  ; rom_char:M5|data[6]    ; clk        ; clk      ; None                        ; None                      ; 12.200 ns               ;
; N/A   ; 131.58 MHz ( period = 7.600 ns )               ; row_gen:M4|idx_cnt[0]  ; rom_char:M5|data[3]    ; clk        ; clk      ; None                        ; None                      ; 11.900 ns               ;
; N/A   ; 135.14 MHz ( period = 7.400 ns )               ; row_gen:M4|idx_cnt[4]  ; rom_char:M5|data[3]    ; clk        ; clk      ; None                        ; None                      ; 11.700 ns               ;
; N/A   ; 140.85 MHz ( period = 7.100 ns )               ; row_gen:M4|idx_cnt[5]  ; rom_char:M5|data[5]    ; clk        ; clk      ; None                        ; None                      ; 11.700 ns               ;
; N/A   ; 142.86 MHz ( period = 7.000 ns )               ; row_gen:M4|idx_cnt[6]  ; rom_char:M5|data[5]    ; clk        ; clk      ; None                        ; None                      ; 11.600 ns               ;
; N/A   ; Restricted to 125.00 MHz ( period = 8.000 ns ) ; freq_div:M2|divider[0] ; freq_div:M1|divider[1] ; clk        ; clk      ; None                        ; None                      ; 4.900 ns                ;
; N/A   ; 144.93 MHz ( period = 6.900 ns )               ; row_gen:M4|idx_cnt[6]  ; rom_char:M5|data[2]    ; clk        ; clk      ; None                        ; None                      ; 11.500 ns               ;
; N/A   ; 144.93 MHz ( period = 6.900 ns )               ; row_gen:M4|idx_cnt[3]  ; rom_char:M5|data[5]    ; clk        ; clk      ; None                        ; None                      ; 11.500 ns               ;
; N/A   ; Restricted to 125.00 MHz ( period = 8.000 ns ) ; row_gen:M4|idx_cnt[1]  ; row_gen:M4|idx_cnt[2]  ; clk        ; clk      ; None                        ; None                      ; 3.400 ns                ;
; N/A   ; Restricted to 125.00 MHz ( period = 8.000 ns ) ; row_gen:M4|idx_cnt[0]  ; row_gen:M4|idx_cnt[2]  ; clk        ; clk      ; None                        ; None                      ; 3.400 ns                ;
; N/A   ; Restricted to 125.00 MHz ( period = 8.000 ns ) ; row_gen:M4|row[6]      ; row_gen:M4|row[5]      ; clk        ; clk      ; None                        ; None                      ; 3.100 ns                ;
; N/A   ; Restricted to 125.00 MHz ( period = 8.000 ns ) ; row_gen:M4|row[1]      ; row_gen:M4|row[0]      ; clk        ; clk      ; None                        ; None                      ; 3.000 ns                ;
; N/A   ; 212.77 MHz ( period = 4.700 ns )               ; row_gen:M4|idx_cnt[1]  ; rom_char:M5|data[1]    ; clk        ; clk      ; None                        ; None                      ; 7.000 ns                ;
; N/A   ; Restricted to 125.00 MHz ( period = 8.000 ns ) ; idx_gen:M3|idx[4]      ; idx_gen:M3|idx[4]      ; clk        ; clk      ; None                        ; None                      ; 1.700 ns                ;
; N/A   ; Restricted to 125.00 MHz ( period = 8.000 ns ) ; idx_gen:M3|idx[4]      ; idx_gen:M3|idx[6]      ; clk        ; clk      ; None                        ; None                      ; 1.700 ns                ;
; N/A   ; Restricted to 125.00 MHz ( period = 8.000 ns ) ; idx_gen:M3|idx[5]      ; idx_gen:M3|idx[3]      ; clk        ; clk      ; None                        ; None                      ; 1.700 ns                ;
; N/A   ; Restricted to 125.00 MHz ( period = 8.000 ns ) ; row_gen:M4|row[2]      ; row_gen:M4|row[1]      ; clk        ; clk      ; None                        ; None                      ; 1.600 ns                ;
; N/A   ; Restricted to 125.00 MHz ( period = 8.000 ns ) ; freq_div:M2|divider[0] ; freq_div:M2|divider[0] ; clk        ; clk      ; None                        ; None                      ; 1.600 ns                ;
; N/A   ; Restricted to 125.00 MHz ( period = 8.000 ns ) ; row_gen:M4|row[3]      ; row_gen:M4|row[2]      ; clk        ; clk      ; None                        ; None                      ; 1.600 ns                ;
; N/A   ; Restricted to 125.00 MHz ( period = 8.000 ns ) ; row_gen:M4|row[4]      ; row_gen:M4|row[3]      ; clk        ; clk      ; None                        ; None                      ; 1.600 ns                ;
; N/A   ; Restricted to 125.00 MHz ( period = 8.000 ns ) ; row_gen:M4|row[5]      ; row_gen:M4|row[4]      ; clk        ; clk      ; None                        ; None                      ; 1.600 ns                ;
; N/A   ; Restricted to 125.00 MHz ( period = 8.000 ns ) ; row_gen:M4|row[7]      ; row_gen:M4|row[6]      ; clk        ; clk      ; None                        ; None                      ; 1.600 ns                ;
; N/A   ; Restricted to 125.00 MHz ( period = 8.000 ns ) ; row_gen:M4|row[0]      ; row_gen:M4|row[7]      ; clk        ; clk      ; None                        ; None                      ; 1.600 ns                ;
; N/A   ; Restricted to 125.00 MHz ( period = 8.000 ns ) ; idx_gen:M3|idx[6]      ; idx_gen:M3|idx[4]      ; clk        ; clk      ; None                        ; None                      ; 1.600 ns                ;
; N/A   ; Restricted to 125.00 MHz ( period = 8.000 ns ) ; idx_gen:M3|idx[3]      ; idx_gen:M3|idx[4]      ; clk        ; clk      ; None                        ; None                      ; 1.600 ns                ;
; N/A   ; Restricted to 125.00 MHz ( period = 8.000 ns ) ; idx_gen:M3|idx[5]      ; idx_gen:M3|idx[4]      ; clk        ; clk      ; None                        ; None                      ; 1.600 ns                ;
; N/A   ; Restricted to 125.00 MHz ( period = 8.000 ns ) ; idx_gen:M3|idx[6]      ; idx_gen:M3|idx[6]      ; clk        ; clk      ; None                        ; None                      ; 1.600 ns                ;
; N/A   ; Restricted to 125.00 MHz ( period = 8.000 ns ) ; idx_gen:M3|idx[3]      ; idx_gen:M3|idx[6]      ; clk        ; clk      ; None                        ; None                      ; 1.600 ns                ;
; N/A   ; Restricted to 125.00 MHz ( period = 8.000 ns ) ; idx_gen:M3|idx[5]      ; idx_gen:M3|idx[6]      ; clk        ; clk      ; None                        ; None                      ; 1.600 ns                ;
; N/A   ; Restricted to 125.00 MHz ( period = 8.000 ns ) ; row_gen:M4|idx_cnt[2]  ; row_gen:M4|idx_cnt[2]  ; clk        ; clk      ; None                        ; None                      ; 1.600 ns                ;
; N/A   ; Restricted to 125.00 MHz ( period = 8.000 ns ) ; row_gen:M4|idx_cnt[1]  ; row_gen:M4|idx_cnt[1]  ; clk        ; clk      ; None                        ; None                      ; 1.600 ns                ;
; N/A   ; Restricted to 125.00 MHz ( period = 8.000 ns ) ; row_gen:M4|idx_cnt[0]  ; row_gen:M4|idx_cnt[1]  ; clk        ; clk      ; None                        ; None                      ; 1.600 ns                ;
; N/A   ; Restricted to 125.00 MHz ( period = 8.000 ns ) ; row_gen:M4|idx_cnt[0]  ; row_gen:M4|idx_cnt[0]  ; clk        ; clk      ; None                        ; None                      ; 1.600 ns                ;
; N/A   ; Restricted to 125.00 MHz ( period = 8.000 ns ) ; idx_gen:M3|idx[4]      ; idx_gen:M3|idx[3]      ; clk        ; clk      ; None                        ; None                      ; 1.600 ns                ;
; N/A   ; Restricted to 125.00 MHz ( period = 8.000 ns ) ; idx_gen:M3|idx[6]      ; idx_gen:M3|idx[3]      ; clk        ; clk      ; None                        ; None                      ; 1.600 ns                ;
; N/A   ; Restricted to 125.00 MHz ( period = 8.000 ns ) ; idx_gen:M3|idx[3]      ; idx_gen:M3|idx[3]      ; clk        ; clk      ; None                        ; None                      ; 1.600 ns                ;
; N/A   ; Restricted to 125.00 MHz ( period = 8.000 ns ) ; idx_gen:M3|idx[4]      ; idx_gen:M3|idx[5]      ; clk        ; clk      ; None                        ; None                      ; 1.600 ns                ;
; N/A   ; Restricted to 125.00 MHz ( period = 8.000 ns ) ; idx_gen:M3|idx[3]      ; idx_gen:M3|idx[5]      ; clk        ; clk      ; None                        ; None                      ; 1.600 ns                ;
; N/A   ; Restricted to 125.00 MHz ( period = 8.000 ns ) ; idx_gen:M3|idx[5]      ; idx_gen:M3|idx[5]      ; clk        ; clk      ; None                        ; None                      ; 1.600 ns                ;
; N/A   ; Restricted to 125.00 MHz ( period = 8.000 ns ) ; freq_div:M1|divider[1] ; freq_div:M1|divider[1] ; clk        ; clk      ; None                        ; None                      ; 1.600 ns                ;
; N/A   ; Restricted to 125.00 MHz ( period = 8.000 ns ) ; idx_gen:M3|idx[3]      ; row_gen:M4|idx_cnt[3]  ; clk        ; clk      ; None                        ; None                      ; 3.200 ns                ;
; N/A   ; Restricted to 125.00 MHz ( period = 8.000 ns ) ; idx_gen:M3|idx[4]      ; row_gen:M4|idx_cnt[4]  ; clk        ; clk      ; None                        ; None                      ; 3.100 ns                ;
; N/A   ; Restricted to 125.00 MHz ( period = 8.000 ns ) ; idx_gen:M3|idx[6]      ; row_gen:M4|idx_cnt[6]  ; clk        ; clk      ; None                        ; None                      ; 1.600 ns                ;
; N/A   ; Restricted to 125.00 MHz ( period = 8.000 ns ) ; idx_gen:M3|idx[5]      ; row_gen:M4|idx_cnt[5]  ; clk        ; clk      ; None                        ; None                      ; 1.600 ns                ;
+-------+------------------------------------------------+------------------------+------------------------+------------+----------+-----------------------------+---------------------------+-------------------------+


+-------------------------------------------------------------------------------------------------------------------------------------------------------------------------------------------------------+
; Clock Hold: 'clk'                                                                                                                                                                                     ;
+------------------------------------------+-----------------------+-----------------------+------------+----------+----------------------------+----------------------------+--------------------------+
; Minimum Slack                            ; From                  ; To                    ; From Clock ; To Clock ; Required Hold Relationship ; Required Shortest P2P Time ; Actual Shortest P2P Time ;
+------------------------------------------+-----------------------+-----------------------+------------+----------+----------------------------+----------------------------+--------------------------+
; Not operational: Clock Skew > Data Delay ; idx_gen:M3|idx[6]     ; row_gen:M4|idx_cnt[6] ; clk        ; clk      ; None                       ; None                       ; 1.600 ns                 ;
; Not operational: Clock Skew > Data Delay ; idx_gen:M3|idx[5]     ; row_gen:M4|idx_cnt[5] ; clk        ; clk      ; None                       ; None                       ; 1.600 ns                 ;
; Not operational: Clock Skew > Data Delay ; row_gen:M4|idx_cnt[6] ; rom_char:M5|data[2]   ; clk        ; clk      ; None                       ; None                       ; 6.900 ns                 ;
; Not operational: Clock Skew > Data Delay ; row_gen:M4|idx_cnt[6] ; rom_char:M5|data[4]   ; clk        ; clk      ; None                       ; None                       ; 6.900 ns                 ;
; Not operational: Clock Skew > Data Delay ; row_gen:M4|idx_cnt[6] ; rom_char:M5|data[5]   ; clk        ; clk      ; None                       ; None                       ; 6.900 ns                 ;
; Not operational: Clock Skew > Data Delay ; row_gen:M4|idx_cnt[6] ; rom_char:M5|data[3]   ; clk        ; clk      ; None                       ; None                       ; 6.900 ns                 ;
; Not operational: Clock Skew > Data Delay ; idx_gen:M3|idx[4]     ; row_gen:M4|idx_cnt[4] ; clk        ; clk      ; None                       ; None                       ; 3.100 ns                 ;
; Not operational: Clock Skew > Data Delay ; idx_gen:M3|idx[3]     ; row_gen:M4|idx_cnt[3] ; clk        ; clk      ; None                       ; None                       ; 3.200 ns                 ;
; Not operational: Clock Skew > Data Delay ; row_gen:M4|idx_cnt[6] ; rom_char:M5|data[6]   ; clk        ; clk      ; None                       ; None                       ; 8.400 ns                 ;
; Not operational: Clock Skew > Data Delay ; row_gen:M4|idx_cnt[3] ; rom_char:M5|data[6]   ; clk        ; clk      ; None                       ; None                       ; 8.400 ns                 ;
; Not operational: Clock Skew > Data Delay ; row_gen:M4|idx_cnt[5] ; rom_char:M5|data[6]   ; clk        ; clk      ; None                       ; None                       ; 8.500 ns                 ;
; Not operational: Clock Skew > Data Delay ; row_gen:M4|idx_cnt[2] ; rom_char:M5|data[2]   ; clk        ; clk      ; None                       ; None                       ; 9.000 ns                 ;
; Not operational: Clock Skew > Data Delay ; row_gen:M4|idx_cnt[2] ; rom_char:M5|data[5]   ; clk        ; clk      ; None                       ; None                       ; 9.000 ns                 ;
; Not operational: Clock Skew > Data Delay ; row_gen:M4|idx_cnt[1] ; rom_char:M5|data[5]   ; clk        ; clk      ; None                       ; None                       ; 9.000 ns                 ;
; Not operational: Clock Skew > Data Delay ; row_gen:M4|idx_cnt[0] ; rom_char:M5|data[5]   ; clk        ; clk      ; None                       ; None                       ; 9.000 ns                 ;
; Not operational: Clock Skew > Data Delay ; row_gen:M4|idx_cnt[2] ; rom_char:M5|data[6]   ; clk        ; clk      ; None                       ; None                       ; 8.900 ns                 ;
; Not operational: Clock Skew > Data Delay ; row_gen:M4|idx_cnt[1] ; rom_char:M5|data[1]   ; clk        ; clk      ; None                       ; None                       ; 7.000 ns                 ;
+------------------------------------------+-----------------------+-----------------------+------------+----------+----------------------------+----------------------------+--------------------------+


+----------------------------------------------------------------------------------------+
; tco                                                                                    ;
+-------+--------------+------------+---------------------+-----------------+------------+
; Slack ; Required tco ; Actual tco ; From                ; To              ; From Clock ;
+-------+--------------+------------+---------------------+-----------------+------------+
; N/A   ; None         ; 34.200 ns  ; rom_char:M5|data[3] ; column_red[3]   ; clk        ;
; N/A   ; None         ; 34.100 ns  ; rom_char:M5|data[5] ; column_red[5]   ; clk        ;
; N/A   ; None         ; 33.600 ns  ; rom_char:M5|data[2] ; column_green[2] ; clk        ;
; N/A   ; None         ; 33.400 ns  ; rom_char:M5|data[4] ; column_green[4] ; clk        ;
; N/A   ; None         ; 33.300 ns  ; rom_char:M5|data[3] ; column_green[3] ; clk        ;
; N/A   ; None         ; 33.200 ns  ; rom_char:M5|data[5] ; column_green[5] ; clk        ;
; N/A   ; None         ; 32.200 ns  ; rom_char:M5|data[4] ; column_red[4]   ; clk        ;
; N/A   ; None         ; 31.500 ns  ; rom_char:M5|data[2] ; column_red[2]   ; clk        ;
; N/A   ; None         ; 31.400 ns  ; rom_char:M5|data[6] ; column_green[6] ; clk        ;
; N/A   ; None         ; 31.200 ns  ; rom_char:M5|data[1] ; column_red[1]   ; clk        ;
; N/A   ; None         ; 30.800 ns  ; rom_char:M5|data[6] ; column_red[6]   ; clk        ;
; N/A   ; None         ; 29.200 ns  ; rom_char:M5|data[1] ; column_green[1] ; clk        ;
; N/A   ; None         ; 20.300 ns  ; row_gen:M4|row[2]   ; row[2]          ; clk        ;
; N/A   ; None         ; 20.300 ns  ; row_gen:M4|row[1]   ; row[1]          ; clk        ;
; N/A   ; None         ; 20.300 ns  ; row_gen:M4|row[0]   ; row[0]          ; clk        ;
; N/A   ; None         ; 18.800 ns  ; row_gen:M4|row[6]   ; row[6]          ; clk        ;
; N/A   ; None         ; 18.800 ns  ; row_gen:M4|row[5]   ; row[5]          ; clk        ;
; N/A   ; None         ; 18.800 ns  ; row_gen:M4|row[4]   ; row[4]          ; clk        ;
; N/A   ; None         ; 18.800 ns  ; row_gen:M4|row[3]   ; row[3]          ; clk        ;
; N/A   ; None         ; 18.700 ns  ; row_gen:M4|row[7]   ; row[7]          ; clk        ;
+-------+--------------+------------+---------------------+-----------------+------------+


+------------------------------------------------------------------------+
; tpd                                                                    ;
+-------+-------------------+-----------------+--------+-----------------+
; Slack ; Required P2P Time ; Actual P2P Time ; From   ; To              ;
+-------+-------------------+-----------------+--------+-----------------+
; N/A   ; None              ; 22.100 ns       ; sel[1] ; column_red[5]   ;
; N/A   ; None              ; 22.100 ns       ; sel[1] ; column_red[3]   ;
; N/A   ; None              ; 22.000 ns       ; sel[1] ; column_red[4]   ;
; N/A   ; None              ; 21.400 ns       ; sel[0] ; column_green[6] ;
; N/A   ; None              ; 21.400 ns       ; sel[0] ; column_green[5] ;
; N/A   ; None              ; 21.400 ns       ; sel[0] ; column_green[4] ;
; N/A   ; None              ; 21.400 ns       ; sel[0] ; column_green[3] ;
; N/A   ; None              ; 21.300 ns       ; sel[1] ; column_red[2]   ;
; N/A   ; None              ; 21.300 ns       ; sel[1] ; column_red[1]   ;
; N/A   ; None              ; 21.300 ns       ; sel[0] ; column_green[2] ;
; N/A   ; None              ; 21.200 ns       ; sel[0] ; column_green[1] ;
; N/A   ; None              ; 20.600 ns       ; sel[1] ; column_red[6]   ;
+-------+-------------------+-----------------+--------+-----------------+


+--------------------------+
; Timing Analyzer Messages ;
+--------------------------+
Info: *******************************************************************
Info: Running Quartus II Classic Timing Analyzer
    Info: Version 9.0 Build 235 06/17/2009 Service Pack 2 SJ Web Edition
    Info: Processing started: Thu Jul 09 21:25:56 2020
Info: Command: quartus_tan --read_settings_files=off --write_settings_files=off lab4_1 -c lab4_1
Info: Started post-fitting delay annotation
Info: Delay annotation completed successfully
Warning: Timing Analysis is analyzing one or more combinational loops as latches
    Warning: Node "rom_char:M5|data[1]" is a latch
    Warning: Node "rom_char:M5|data[2]" is a latch
    Warning: Node "rom_char:M5|data[3]" is a latch
    Warning: Node "rom_char:M5|data[4]" is a latch
    Warning: Node "rom_char:M5|data[5]" is a latch
    Warning: Node "rom_char:M5|data[6]" is a latch
Warning: Found pins functioning as undefined clocks and/or memory enables
    Info: Assuming node "clk" is an undefined clock
Warning: Found 7 node(s) in clock paths which may be acting as ripple and/or gated clocks -- node(s) analyzed as buffer(s) resulting in clock skew
    Info: Detected ripple clock "freq_div:M1|divider[1]" as buffer
    Info: Detected ripple clock "row_gen:M4|idx_cnt[3]" as buffer
    Info: Detected ripple clock "row_gen:M4|idx_cnt[4]" as buffer
    Info: Detected ripple clock "row_gen:M4|idx_cnt[5]" as buffer
    Info: Detected ripple clock "row_gen:M4|idx_cnt[6]" as buffer
    Info: Detected gated clock "rom_char:M5|WideOr0~0" as buffer
    Info: Detected ripple clock "freq_div:M2|divider[0]" as buffer
Info: Clock "clk" has Internal fmax of 71.94 MHz between source register "row_gen:M4|idx_cnt[3]" and destination register "rom_char:M5|data[1]" (period= 13.9 ns)
    Info: + Longest register to register delay is 16.200 ns
        Info: 1: + IC(0.000 ns) + CELL(0.000 ns) = 0.000 ns; Loc. = LC1_B3; Fanout = 27; REG Node = 'row_gen:M4|idx_cnt[3]'
        Info: 2: + IC(2.500 ns) + CELL(2.300 ns) = 4.800 ns; Loc. = LC6_B9; Fanout = 1; COMB Node = 'rom_char:M5|WideOr12~6'
        Info: 3: + IC(0.200 ns) + CELL(2.300 ns) = 7.300 ns; Loc. = LC7_B9; Fanout = 1; COMB Node = 'rom_char:M5|WideOr12~7'
        Info: 4: + IC(0.200 ns) + CELL(2.200 ns) = 9.700 ns; Loc. = LC1_B9; Fanout = 1; COMB Node = 'rom_char:M5|WideOr12~9'
        Info: 5: + IC(1.900 ns) + CELL(2.200 ns) = 13.800 ns; Loc. = LC8_B13; Fanout = 1; COMB Node = 'rom_char:M5|WideOr12~10'
        Info: 6: + IC(0.200 ns) + CELL(2.200 ns) = 16.200 ns; Loc. = LC1_B13; Fanout = 2; REG Node = 'rom_char:M5|data[1]'
        Info: Total cell delay = 11.200 ns ( 69.14 % )
        Info: Total interconnect delay = 5.000 ns ( 30.86 % )
    Info: - Smallest clock skew is 7.600 ns
        Info: + Shortest clock path from clock "clk" to destination register is 18.100 ns
            Info: 1: + IC(0.000 ns) + CELL(1.400 ns) = 1.400 ns; Loc. = PIN_55; Fanout = 2; CLK Node = 'clk'
            Info: 2: + IC(2.200 ns) + CELL(0.700 ns) = 4.300 ns; Loc. = LC1_E30; Fanout = 17; REG Node = 'freq_div:M2|divider[0]'
            Info: 3: + IC(6.200 ns) + CELL(0.700 ns) = 11.200 ns; Loc. = LC2_B9; Fanout = 23; REG Node = 'row_gen:M4|idx_cnt[4]'
            Info: 4: + IC(2.300 ns) + CELL(2.200 ns) = 15.700 ns; Loc. = LC2_B13; Fanout = 6; COMB Node = 'rom_char:M5|WideOr0~0'
            Info: 5: + IC(0.200 ns) + CELL(2.200 ns) = 18.100 ns; Loc. = LC1_B13; Fanout = 2; REG Node = 'rom_char:M5|data[1]'
            Info: Total cell delay = 7.200 ns ( 39.78 % )
            Info: Total interconnect delay = 10.900 ns ( 60.22 % )
        Info: - Longest clock path from clock "clk" to source register is 10.500 ns
            Info: 1: + IC(0.000 ns) + CELL(1.400 ns) = 1.400 ns; Loc. = PIN_55; Fanout = 2; CLK Node = 'clk'
            Info: 2: + IC(2.200 ns) + CELL(0.700 ns) = 4.300 ns; Loc. = LC1_E30; Fanout = 17; REG Node = 'freq_div:M2|divider[0]'
            Info: 3: + IC(6.200 ns) + CELL(0.000 ns) = 10.500 ns; Loc. = LC1_B3; Fanout = 27; REG Node = 'row_gen:M4|idx_cnt[3]'
            Info: Total cell delay = 2.100 ns ( 20.00 % )
            Info: Total interconnect delay = 8.400 ns ( 80.00 % )
    Info: + Micro clock to output delay of source is 0.700 ns
    Info: + Micro setup delay of destination is 4.600 ns
Warning: Circuit may not operate. Detected 17 non-operational path(s) clocked by clock "clk" with clock skew larger than data delay. See Compilation Report for details.
Info: Found hold time violation between source  pin or register "idx_gen:M3|idx[6]" and destination pin or register "row_gen:M4|idx_cnt[6]" for clock "clk" (Hold time is 2.8 ns)
    Info: + Largest clock skew is 3.400 ns
        Info: + Longest clock path from clock "clk" to destination register is 10.500 ns
            Info: 1: + IC(0.000 ns) + CELL(1.400 ns) = 1.400 ns; Loc. = PIN_55; Fanout = 2; CLK Node = 'clk'
            Info: 2: + IC(2.200 ns) + CELL(0.700 ns) = 4.300 ns; Loc. = LC1_E30; Fanout = 17; REG Node = 'freq_div:M2|divider[0]'
            Info: 3: + IC(6.200 ns) + CELL(0.000 ns) = 10.500 ns; Loc. = LC4_B11; Fanout = 13; REG Node = 'row_gen:M4|idx_cnt[6]'
            Info: Total cell delay = 2.100 ns ( 20.00 % )
            Info: Total interconnect delay = 8.400 ns ( 80.00 % )
        Info: - Shortest clock path from clock "clk" to source register is 7.100 ns
            Info: 1: + IC(0.000 ns) + CELL(1.400 ns) = 1.400 ns; Loc. = PIN_55; Fanout = 2; CLK Node = 'clk'
            Info: 2: + IC(2.200 ns) + CELL(0.700 ns) = 4.300 ns; Loc. = LC1_B29; Fanout = 5; REG Node = 'freq_div:M1|divider[1]'
            Info: 3: + IC(2.800 ns) + CELL(0.000 ns) = 7.100 ns; Loc. = LC2_B11; Fanout = 4; REG Node = 'idx_gen:M3|idx[6]'
            Info: Total cell delay = 2.100 ns ( 29.58 % )
            Info: Total interconnect delay = 5.000 ns ( 70.42 % )
    Info: - Micro clock to output delay of source is 0.700 ns
    Info: - Shortest register to register delay is 1.600 ns
        Info: 1: + IC(0.000 ns) + CELL(0.000 ns) = 0.000 ns; Loc. = LC2_B11; Fanout = 4; REG Node = 'idx_gen:M3|idx[6]'
        Info: 2: + IC(0.200 ns) + CELL(1.400 ns) = 1.600 ns; Loc. = LC4_B11; Fanout = 13; REG Node = 'row_gen:M4|idx_cnt[6]'
        Info: Total cell delay = 1.400 ns ( 87.50 % )
        Info: Total interconnect delay = 0.200 ns ( 12.50 % )
    Info: + Micro hold delay of destination is 1.700 ns
Info: tco from clock "clk" to destination pin "column_red[3]" through register "rom_char:M5|data[3]" is 34.200 ns
    Info: + Longest clock path from clock "clk" to source register is 20.500 ns
        Info: 1: + IC(0.000 ns) + CELL(1.400 ns) = 1.400 ns; Loc. = PIN_55; Fanout = 2; CLK Node = 'clk'
        Info: 2: + IC(2.200 ns) + CELL(0.700 ns) = 4.300 ns; Loc. = LC1_E30; Fanout = 17; REG Node = 'freq_div:M2|divider[0]'
        Info: 3: + IC(6.200 ns) + CELL(0.700 ns) = 11.200 ns; Loc. = LC1_B3; Fanout = 27; REG Node = 'row_gen:M4|idx_cnt[3]'
        Info: 4: + IC(2.700 ns) + CELL(2.200 ns) = 16.100 ns; Loc. = LC2_B13; Fanout = 6; COMB Node = 'rom_char:M5|WideOr0~0'
        Info: 5: + IC(2.200 ns) + CELL(2.200 ns) = 20.500 ns; Loc. = LC1_B15; Fanout = 2; REG Node = 'rom_char:M5|data[3]'
        Info: Total cell delay = 7.200 ns ( 35.12 % )
        Info: Total interconnect delay = 13.300 ns ( 64.88 % )
    Info: + Micro clock to output delay of source is 0.000 ns
    Info: + Longest register to pin delay is 13.700 ns
        Info: 1: + IC(0.000 ns) + CELL(0.000 ns) = 0.000 ns; Loc. = LC1_B15; Fanout = 2; REG Node = 'rom_char:M5|data[3]'
        Info: 2: + IC(2.300 ns) + CELL(2.200 ns) = 4.500 ns; Loc. = LC1_B6; Fanout = 1; COMB Node = 'column_red~11'
        Info: 3: + IC(2.900 ns) + CELL(6.300 ns) = 13.700 ns; Loc. = PIN_102; Fanout = 0; PIN Node = 'column_red[3]'
        Info: Total cell delay = 8.500 ns ( 62.04 % )
        Info: Total interconnect delay = 5.200 ns ( 37.96 % )
Info: Longest tpd from source pin "sel[1]" to destination pin "column_red[5]" is 22.100 ns
    Info: 1: + IC(0.000 ns) + CELL(5.900 ns) = 5.900 ns; Loc. = PIN_47; Fanout = 6; PIN Node = 'sel[1]'
    Info: 2: + IC(4.800 ns) + CELL(2.200 ns) = 12.900 ns; Loc. = LC8_B6; Fanout = 1; COMB Node = 'column_red~13'
    Info: 3: + IC(2.900 ns) + CELL(6.300 ns) = 22.100 ns; Loc. = PIN_100; Fanout = 0; PIN Node = 'column_red[5]'
    Info: Total cell delay = 14.400 ns ( 65.16 % )
    Info: Total interconnect delay = 7.700 ns ( 34.84 % )
Info: Quartus II Classic Timing Analyzer was successful. 0 errors, 10 warnings
    Info: Peak virtual memory: 200 megabytes
    Info: Processing ended: Thu Jul 09 21:25:57 2020
    Info: Elapsed time: 00:00:01
    Info: Total CPU time (on all processors): 00:00:01


